{"message":"cannot find function, tuple struct or tuple variant `OK` in this scope","code":{"code":"E0425","explanation":"An unresolved name was used.\n\nErroneous code examples:\n\n```compile_fail,E0425\nsomething_that_doesnt_exist::foo;\n// error: unresolved name `something_that_doesnt_exist::foo`\n\n// or:\n\ntrait Foo {\n    fn bar() {\n        Self; // error: unresolved name `Self`\n    }\n}\n\n// or:\n\nlet x = unknown_variable;  // error: unresolved name `unknown_variable`\n```\n\nPlease verify that the name wasn't misspelled and ensure that the\nidentifier being referred to is valid for the given situation. Example:\n\n```\nenum something_that_does_exist {\n    Foo,\n}\n```\n\nOr:\n\n```\nmod something_that_does_exist {\n    pub static foo : i32 = 0i32;\n}\n\nsomething_that_does_exist::foo; // ok!\n```\n\nOr:\n\n```\nlet unknown_variable = 12u32;\nlet x = unknown_variable; // ok!\n```\n\nIf the item is not defined in the current module, it must be imported using a\n`use` statement, like so:\n\n```\n# mod foo { pub fn bar() {} }\n# fn main() {\nuse foo::bar;\nbar();\n# }\n```\n\nIf the item you are importing is not defined in some super-module of the\ncurrent module, then it must also be declared as public (e.g., `pub fn`).\n"},"level":"error","spans":[{"file_name":"/private/tmp/rust-20220719-52938-vitvrw/rustc-1.62.1-src/library/core/src/result.rs","byte_start":18374,"byte_end":18425,"line_start":508,"line_end":508,"column_start":5,"column_end":56,"is_primary":false,"text":[],"label":"similarly named tuple variant `Ok` defined here","suggested_replacement":null,"suggestion_applicability":null,"expansion":null},{"file_name":"src/diesel_impl/cart.rs","byte_start":3299,"byte_end":3301,"line_start":130,"line_end":130,"column_start":9,"column_end":11,"is_primary":true,"text":[{"text":"        OK(ResultPaging {","highlight_start":9,"highlight_end":11}],"label":null,"suggested_replacement":null,"suggestion_applicability":null,"expansion":null}],"children":[{"message":"a tuple variant with a similar name exists","code":null,"level":"help","spans":[{"file_name":"src/diesel_impl/cart.rs","byte_start":3299,"byte_end":3301,"line_start":130,"line_end":130,"column_start":9,"column_end":11,"is_primary":true,"text":[{"text":"        OK(ResultPaging {","highlight_start":9,"highlight_end":11}],"label":null,"suggested_replacement":"Ok","suggestion_applicability":"MaybeIncorrect","expansion":null}],"children":[],"rendered":null}],"rendered":"\u001b[0m\u001b[1m\u001b[38;5;9merror[E0425]\u001b[0m\u001b[0m\u001b[1m: cannot find function, tuple struct or tuple variant `OK` in this scope\u001b[0m\n\u001b[0m   \u001b[0m\u001b[0m\u001b[1m\u001b[38;5;12m--> \u001b[0m\u001b[0msrc/diesel_impl/cart.rs:130:9\u001b[0m\n\u001b[0m    \u001b[0m\u001b[0m\u001b[1m\u001b[38;5;12m|\u001b[0m\n\u001b[0m\u001b[1m\u001b[38;5;12m130\u001b[0m\u001b[0m \u001b[0m\u001b[0m\u001b[1m\u001b[38;5;12m| \u001b[0m\u001b[0m        OK(ResultPaging {\u001b[0m\n\u001b[0m    \u001b[0m\u001b[0m\u001b[1m\u001b[38;5;12m| \u001b[0m\u001b[0m        \u001b[0m\u001b[0m\u001b[1m\u001b[38;5;9m^^\u001b[0m\u001b[0m \u001b[0m\u001b[0m\u001b[1m\u001b[38;5;9mhelp: a tuple variant with a similar name exists (notice the capitalization): `Ok`\u001b[0m\n\n"}
{"message":"cannot find function, tuple struct or tuple variant `OK` in this scope","code":{"code":"E0425","explanation":"An unresolved name was used.\n\nErroneous code examples:\n\n```compile_fail,E0425\nsomething_that_doesnt_exist::foo;\n// error: unresolved name `something_that_doesnt_exist::foo`\n\n// or:\n\ntrait Foo {\n    fn bar() {\n        Self; // error: unresolved name `Self`\n    }\n}\n\n// or:\n\nlet x = unknown_variable;  // error: unresolved name `unknown_variable`\n```\n\nPlease verify that the name wasn't misspelled and ensure that the\nidentifier being referred to is valid for the given situation. Example:\n\n```\nenum something_that_does_exist {\n    Foo,\n}\n```\n\nOr:\n\n```\nmod something_that_does_exist {\n    pub static foo : i32 = 0i32;\n}\n\nsomething_that_does_exist::foo; // ok!\n```\n\nOr:\n\n```\nlet unknown_variable = 12u32;\nlet x = unknown_variable; // ok!\n```\n\nIf the item is not defined in the current module, it must be imported using a\n`use` statement, like so:\n\n```\n# mod foo { pub fn bar() {} }\n# fn main() {\nuse foo::bar;\nbar();\n# }\n```\n\nIf the item you are importing is not defined in some super-module of the\ncurrent module, then it must also be declared as public (e.g., `pub fn`).\n"},"level":"error","spans":[{"file_name":"/private/tmp/rust-20220719-52938-vitvrw/rustc-1.62.1-src/library/core/src/result.rs","byte_start":18374,"byte_end":18425,"line_start":508,"line_end":508,"column_start":5,"column_end":56,"is_primary":false,"text":[],"label":"similarly named tuple variant `Ok` defined here","suggested_replacement":null,"suggestion_applicability":null,"expansion":null},{"file_name":"src/diesel_impl/cartItem.rs","byte_start":3041,"byte_end":3043,"line_start":119,"line_end":119,"column_start":9,"column_end":11,"is_primary":true,"text":[{"text":"        OK(result.into_iter().map(|v| -> CartItem {v.into()}).collect())","highlight_start":9,"highlight_end":11}],"label":null,"suggested_replacement":null,"suggestion_applicability":null,"expansion":null}],"children":[{"message":"a tuple variant with a similar name exists","code":null,"level":"help","spans":[{"file_name":"src/diesel_impl/cartItem.rs","byte_start":3041,"byte_end":3043,"line_start":119,"line_end":119,"column_start":9,"column_end":11,"is_primary":true,"text":[{"text":"        OK(result.into_iter().map(|v| -> CartItem {v.into()}).collect())","highlight_start":9,"highlight_end":11}],"label":null,"suggested_replacement":"Ok","suggestion_applicability":"MaybeIncorrect","expansion":null}],"children":[],"rendered":null}],"rendered":"\u001b[0m\u001b[1m\u001b[38;5;9merror[E0425]\u001b[0m\u001b[0m\u001b[1m: cannot find function, tuple struct or tuple variant `OK` in this scope\u001b[0m\n\u001b[0m   \u001b[0m\u001b[0m\u001b[1m\u001b[38;5;12m--> \u001b[0m\u001b[0msrc/diesel_impl/cartItem.rs:119:9\u001b[0m\n\u001b[0m    \u001b[0m\u001b[0m\u001b[1m\u001b[38;5;12m|\u001b[0m\n\u001b[0m\u001b[1m\u001b[38;5;12m119\u001b[0m\u001b[0m \u001b[0m\u001b[0m\u001b[1m\u001b[38;5;12m| \u001b[0m\u001b[0m        OK(result.into_iter().map(|v| -> CartItem {v.into()}).collect())\u001b[0m\n\u001b[0m    \u001b[0m\u001b[0m\u001b[1m\u001b[38;5;12m| \u001b[0m\u001b[0m        \u001b[0m\u001b[0m\u001b[1m\u001b[38;5;9m^^\u001b[0m\u001b[0m \u001b[0m\u001b[0m\u001b[1m\u001b[38;5;9mhelp: a tuple variant with a similar name exists (notice the capitalization): `Ok`\u001b[0m\n\n"}
{"message":"cannot find function, tuple struct or tuple variant `OK` in this scope","code":{"code":"E0425","explanation":"An unresolved name was used.\n\nErroneous code examples:\n\n```compile_fail,E0425\nsomething_that_doesnt_exist::foo;\n// error: unresolved name `something_that_doesnt_exist::foo`\n\n// or:\n\ntrait Foo {\n    fn bar() {\n        Self; // error: unresolved name `Self`\n    }\n}\n\n// or:\n\nlet x = unknown_variable;  // error: unresolved name `unknown_variable`\n```\n\nPlease verify that the name wasn't misspelled and ensure that the\nidentifier being referred to is valid for the given situation. Example:\n\n```\nenum something_that_does_exist {\n    Foo,\n}\n```\n\nOr:\n\n```\nmod something_that_does_exist {\n    pub static foo : i32 = 0i32;\n}\n\nsomething_that_does_exist::foo; // ok!\n```\n\nOr:\n\n```\nlet unknown_variable = 12u32;\nlet x = unknown_variable; // ok!\n```\n\nIf the item is not defined in the current module, it must be imported using a\n`use` statement, like so:\n\n```\n# mod foo { pub fn bar() {} }\n# fn main() {\nuse foo::bar;\nbar();\n# }\n```\n\nIf the item you are importing is not defined in some super-module of the\ncurrent module, then it must also be declared as public (e.g., `pub fn`).\n"},"level":"error","spans":[{"file_name":"/private/tmp/rust-20220719-52938-vitvrw/rustc-1.62.1-src/library/core/src/result.rs","byte_start":18374,"byte_end":18425,"line_start":508,"line_end":508,"column_start":5,"column_end":56,"is_primary":false,"text":[],"label":"similarly named tuple variant `Ok` defined here","suggested_replacement":null,"suggestion_applicability":null,"expansion":null},{"file_name":"src/diesel_impl/cartItem.rs","byte_start":4853,"byte_end":4855,"line_start":160,"line_end":160,"column_start":9,"column_end":11,"is_primary":true,"text":[{"text":"        OK(ResultPaging {","highlight_start":9,"highlight_end":11}],"label":null,"suggested_replacement":null,"suggestion_applicability":null,"expansion":null}],"children":[{"message":"a tuple variant with a similar name exists","code":null,"level":"help","spans":[{"file_name":"src/diesel_impl/cartItem.rs","byte_start":4853,"byte_end":4855,"line_start":160,"line_end":160,"column_start":9,"column_end":11,"is_primary":true,"text":[{"text":"        OK(ResultPaging {","highlight_start":9,"highlight_end":11}],"label":null,"suggested_replacement":"Ok","suggestion_applicability":"MaybeIncorrect","expansion":null}],"children":[],"rendered":null}],"rendered":"\u001b[0m\u001b[1m\u001b[38;5;9merror[E0425]\u001b[0m\u001b[0m\u001b[1m: cannot find function, tuple struct or tuple variant `OK` in this scope\u001b[0m\n\u001b[0m   \u001b[0m\u001b[0m\u001b[1m\u001b[38;5;12m--> \u001b[0m\u001b[0msrc/diesel_impl/cartItem.rs:160:9\u001b[0m\n\u001b[0m    \u001b[0m\u001b[0m\u001b[1m\u001b[38;5;12m|\u001b[0m\n\u001b[0m\u001b[1m\u001b[38;5;12m160\u001b[0m\u001b[0m \u001b[0m\u001b[0m\u001b[1m\u001b[38;5;12m| \u001b[0m\u001b[0m        OK(ResultPaging {\u001b[0m\n\u001b[0m    \u001b[0m\u001b[0m\u001b[1m\u001b[38;5;12m| \u001b[0m\u001b[0m        \u001b[0m\u001b[0m\u001b[1m\u001b[38;5;9m^^\u001b[0m\u001b[0m \u001b[0m\u001b[0m\u001b[1m\u001b[38;5;9mhelp: a tuple variant with a similar name exists (notice the capitalization): `Ok`\u001b[0m\n\n"}
{"message":"cannot find function, tuple struct or tuple variant `OK` in this scope","code":{"code":"E0425","explanation":"An unresolved name was used.\n\nErroneous code examples:\n\n```compile_fail,E0425\nsomething_that_doesnt_exist::foo;\n// error: unresolved name `something_that_doesnt_exist::foo`\n\n// or:\n\ntrait Foo {\n    fn bar() {\n        Self; // error: unresolved name `Self`\n    }\n}\n\n// or:\n\nlet x = unknown_variable;  // error: unresolved name `unknown_variable`\n```\n\nPlease verify that the name wasn't misspelled and ensure that the\nidentifier being referred to is valid for the given situation. Example:\n\n```\nenum something_that_does_exist {\n    Foo,\n}\n```\n\nOr:\n\n```\nmod something_that_does_exist {\n    pub static foo : i32 = 0i32;\n}\n\nsomething_that_does_exist::foo; // ok!\n```\n\nOr:\n\n```\nlet unknown_variable = 12u32;\nlet x = unknown_variable; // ok!\n```\n\nIf the item is not defined in the current module, it must be imported using a\n`use` statement, like so:\n\n```\n# mod foo { pub fn bar() {} }\n# fn main() {\nuse foo::bar;\nbar();\n# }\n```\n\nIf the item you are importing is not defined in some super-module of the\ncurrent module, then it must also be declared as public (e.g., `pub fn`).\n"},"level":"error","spans":[{"file_name":"/private/tmp/rust-20220719-52938-vitvrw/rustc-1.62.1-src/library/core/src/result.rs","byte_start":18374,"byte_end":18425,"line_start":508,"line_end":508,"column_start":5,"column_end":56,"is_primary":false,"text":[],"label":"similarly named tuple variant `Ok` defined here","suggested_replacement":null,"suggestion_applicability":null,"expansion":null},{"file_name":"src/diesel_impl/cartItem.rs","byte_start":5211,"byte_end":5213,"line_start":171,"line_end":171,"column_start":13,"column_end":15,"is_primary":true,"text":[{"text":"            OK(cart_items.filter(id.eq(id)).find::<CartItemDiesel>(&conn))","highlight_start":13,"highlight_end":15}],"label":null,"suggested_replacement":null,"suggestion_applicability":null,"expansion":null}],"children":[{"message":"a tuple variant with a similar name exists","code":null,"level":"help","spans":[{"file_name":"src/diesel_impl/cartItem.rs","byte_start":5211,"byte_end":5213,"line_start":171,"line_end":171,"column_start":13,"column_end":15,"is_primary":true,"text":[{"text":"            OK(cart_items.filter(id.eq(id)).find::<CartItemDiesel>(&conn))","highlight_start":13,"highlight_end":15}],"label":null,"suggested_replacement":"Ok","suggestion_applicability":"MaybeIncorrect","expansion":null}],"children":[],"rendered":null}],"rendered":"\u001b[0m\u001b[1m\u001b[38;5;9merror[E0425]\u001b[0m\u001b[0m\u001b[1m: cannot find function, tuple struct or tuple variant `OK` in this scope\u001b[0m\n\u001b[0m   \u001b[0m\u001b[0m\u001b[1m\u001b[38;5;12m--> \u001b[0m\u001b[0msrc/diesel_impl/cartItem.rs:171:13\u001b[0m\n\u001b[0m    \u001b[0m\u001b[0m\u001b[1m\u001b[38;5;12m|\u001b[0m\n\u001b[0m\u001b[1m\u001b[38;5;12m171\u001b[0m\u001b[0m \u001b[0m\u001b[0m\u001b[1m\u001b[38;5;12m| \u001b[0m\u001b[0m            OK(cart_items.filter(id.eq(id)).find::<CartItemDiesel>(&conn))\u001b[0m\n\u001b[0m    \u001b[0m\u001b[0m\u001b[1m\u001b[38;5;12m| \u001b[0m\u001b[0m            \u001b[0m\u001b[0m\u001b[1m\u001b[38;5;9m^^\u001b[0m\u001b[0m \u001b[0m\u001b[0m\u001b[1m\u001b[38;5;9mhelp: a tuple variant with a similar name exists (notice the capitalization): `Ok`\u001b[0m\n\n"}
{"message":"cannot find value `conn` in this scope","code":{"code":"E0425","explanation":"An unresolved name was used.\n\nErroneous code examples:\n\n```compile_fail,E0425\nsomething_that_doesnt_exist::foo;\n// error: unresolved name `something_that_doesnt_exist::foo`\n\n// or:\n\ntrait Foo {\n    fn bar() {\n        Self; // error: unresolved name `Self`\n    }\n}\n\n// or:\n\nlet x = unknown_variable;  // error: unresolved name `unknown_variable`\n```\n\nPlease verify that the name wasn't misspelled and ensure that the\nidentifier being referred to is valid for the given situation. Example:\n\n```\nenum something_that_does_exist {\n    Foo,\n}\n```\n\nOr:\n\n```\nmod something_that_does_exist {\n    pub static foo : i32 = 0i32;\n}\n\nsomething_that_does_exist::foo; // ok!\n```\n\nOr:\n\n```\nlet unknown_variable = 12u32;\nlet x = unknown_variable; // ok!\n```\n\nIf the item is not defined in the current module, it must be imported using a\n`use` statement, like so:\n\n```\n# mod foo { pub fn bar() {} }\n# fn main() {\nuse foo::bar;\nbar();\n# }\n```\n\nIf the item you are importing is not defined in some super-module of the\ncurrent module, then it must also be declared as public (e.g., `pub fn`).\n"},"level":"error","spans":[{"file_name":"src/diesel_impl/product.rs","byte_start":3278,"byte_end":3282,"line_start":125,"line_end":125,"column_start":44,"column_end":48,"is_primary":true,"text":[{"text":"            builder.load::<ProductDiesel>(&conn)","highlight_start":44,"highlight_end":48}],"label":"not found in this scope","suggested_replacement":null,"suggestion_applicability":null,"expansion":null}],"children":[],"rendered":"\u001b[0m\u001b[1m\u001b[38;5;9merror[E0425]\u001b[0m\u001b[0m\u001b[1m: cannot find value `conn` in this scope\u001b[0m\n\u001b[0m   \u001b[0m\u001b[0m\u001b[1m\u001b[38;5;12m--> \u001b[0m\u001b[0msrc/diesel_impl/product.rs:125:44\u001b[0m\n\u001b[0m    \u001b[0m\u001b[0m\u001b[1m\u001b[38;5;12m|\u001b[0m\n\u001b[0m\u001b[1m\u001b[38;5;12m125\u001b[0m\u001b[0m \u001b[0m\u001b[0m\u001b[1m\u001b[38;5;12m| \u001b[0m\u001b[0m            builder.load::<ProductDiesel>(&conn)\u001b[0m\n\u001b[0m    \u001b[0m\u001b[0m\u001b[1m\u001b[38;5;12m| \u001b[0m\u001b[0m                                           \u001b[0m\u001b[0m\u001b[1m\u001b[38;5;9m^^^^\u001b[0m\u001b[0m \u001b[0m\u001b[0m\u001b[1m\u001b[38;5;9mnot found in this scope\u001b[0m\n\n"}
{"message":"cannot find function, tuple struct or tuple variant `OK` in this scope","code":{"code":"E0425","explanation":"An unresolved name was used.\n\nErroneous code examples:\n\n```compile_fail,E0425\nsomething_that_doesnt_exist::foo;\n// error: unresolved name `something_that_doesnt_exist::foo`\n\n// or:\n\ntrait Foo {\n    fn bar() {\n        Self; // error: unresolved name `Self`\n    }\n}\n\n// or:\n\nlet x = unknown_variable;  // error: unresolved name `unknown_variable`\n```\n\nPlease verify that the name wasn't misspelled and ensure that the\nidentifier being referred to is valid for the given situation. Example:\n\n```\nenum something_that_does_exist {\n    Foo,\n}\n```\n\nOr:\n\n```\nmod something_that_does_exist {\n    pub static foo : i32 = 0i32;\n}\n\nsomething_that_does_exist::foo; // ok!\n```\n\nOr:\n\n```\nlet unknown_variable = 12u32;\nlet x = unknown_variable; // ok!\n```\n\nIf the item is not defined in the current module, it must be imported using a\n`use` statement, like so:\n\n```\n# mod foo { pub fn bar() {} }\n# fn main() {\nuse foo::bar;\nbar();\n# }\n```\n\nIf the item you are importing is not defined in some super-module of the\ncurrent module, then it must also be declared as public (e.g., `pub fn`).\n"},"level":"error","spans":[{"file_name":"/private/tmp/rust-20220719-52938-vitvrw/rustc-1.62.1-src/library/core/src/result.rs","byte_start":18374,"byte_end":18425,"line_start":508,"line_end":508,"column_start":5,"column_end":56,"is_primary":false,"text":[],"label":"similarly named tuple variant `Ok` defined here","suggested_replacement":null,"suggestion_applicability":null,"expansion":null},{"file_name":"src/diesel_impl/product.rs","byte_start":3380,"byte_end":3382,"line_start":129,"line_end":129,"column_start":9,"column_end":11,"is_primary":true,"text":[{"text":"        OK(result.into_iter().map(|v| -> Product  {v.into()}).collect())","highlight_start":9,"highlight_end":11}],"label":null,"suggested_replacement":null,"suggestion_applicability":null,"expansion":null}],"children":[{"message":"a tuple variant with a similar name exists","code":null,"level":"help","spans":[{"file_name":"src/diesel_impl/product.rs","byte_start":3380,"byte_end":3382,"line_start":129,"line_end":129,"column_start":9,"column_end":11,"is_primary":true,"text":[{"text":"        OK(result.into_iter().map(|v| -> Product  {v.into()}).collect())","highlight_start":9,"highlight_end":11}],"label":null,"suggested_replacement":"Ok","suggestion_applicability":"MaybeIncorrect","expansion":null}],"children":[],"rendered":null}],"rendered":"\u001b[0m\u001b[1m\u001b[38;5;9merror[E0425]\u001b[0m\u001b[0m\u001b[1m: cannot find function, tuple struct or tuple variant `OK` in this scope\u001b[0m\n\u001b[0m   \u001b[0m\u001b[0m\u001b[1m\u001b[38;5;12m--> \u001b[0m\u001b[0msrc/diesel_impl/product.rs:129:9\u001b[0m\n\u001b[0m    \u001b[0m\u001b[0m\u001b[1m\u001b[38;5;12m|\u001b[0m\n\u001b[0m\u001b[1m\u001b[38;5;12m129\u001b[0m\u001b[0m \u001b[0m\u001b[0m\u001b[1m\u001b[38;5;12m| \u001b[0m\u001b[0m        OK(result.into_iter().map(|v| -> Product  {v.into()}).collect())\u001b[0m\n\u001b[0m    \u001b[0m\u001b[0m\u001b[1m\u001b[38;5;12m| \u001b[0m\u001b[0m        \u001b[0m\u001b[0m\u001b[1m\u001b[38;5;9m^^\u001b[0m\u001b[0m \u001b[0m\u001b[0m\u001b[1m\u001b[38;5;9mhelp: a tuple variant with a similar name exists (notice the capitalization): `Ok`\u001b[0m\n\n"}
{"message":"cannot find function, tuple struct or tuple variant `OK` in this scope","code":{"code":"E0425","explanation":"An unresolved name was used.\n\nErroneous code examples:\n\n```compile_fail,E0425\nsomething_that_doesnt_exist::foo;\n// error: unresolved name `something_that_doesnt_exist::foo`\n\n// or:\n\ntrait Foo {\n    fn bar() {\n        Self; // error: unresolved name `Self`\n    }\n}\n\n// or:\n\nlet x = unknown_variable;  // error: unresolved name `unknown_variable`\n```\n\nPlease verify that the name wasn't misspelled and ensure that the\nidentifier being referred to is valid for the given situation. Example:\n\n```\nenum something_that_does_exist {\n    Foo,\n}\n```\n\nOr:\n\n```\nmod something_that_does_exist {\n    pub static foo : i32 = 0i32;\n}\n\nsomething_that_does_exist::foo; // ok!\n```\n\nOr:\n\n```\nlet unknown_variable = 12u32;\nlet x = unknown_variable; // ok!\n```\n\nIf the item is not defined in the current module, it must be imported using a\n`use` statement, like so:\n\n```\n# mod foo { pub fn bar() {} }\n# fn main() {\nuse foo::bar;\nbar();\n# }\n```\n\nIf the item you are importing is not defined in some super-module of the\ncurrent module, then it must also be declared as public (e.g., `pub fn`).\n"},"level":"error","spans":[{"file_name":"/private/tmp/rust-20220719-52938-vitvrw/rustc-1.62.1-src/library/core/src/result.rs","byte_start":18374,"byte_end":18425,"line_start":508,"line_end":508,"column_start":5,"column_end":56,"is_primary":false,"text":[],"label":"similarly named tuple variant `Ok` defined here","suggested_replacement":null,"suggestion_applicability":null,"expansion":null},{"file_name":"src/diesel_impl/product.rs","byte_start":5090,"byte_end":5092,"line_start":169,"line_end":169,"column_start":9,"column_end":11,"is_primary":true,"text":[{"text":"        OK(ResultPaging {","highlight_start":9,"highlight_end":11}],"label":null,"suggested_replacement":null,"suggestion_applicability":null,"expansion":null}],"children":[{"message":"a tuple variant with a similar name exists","code":null,"level":"help","spans":[{"file_name":"src/diesel_impl/product.rs","byte_start":5090,"byte_end":5092,"line_start":169,"line_end":169,"column_start":9,"column_end":11,"is_primary":true,"text":[{"text":"        OK(ResultPaging {","highlight_start":9,"highlight_end":11}],"label":null,"suggested_replacement":"Ok","suggestion_applicability":"MaybeIncorrect","expansion":null}],"children":[],"rendered":null}],"rendered":"\u001b[0m\u001b[1m\u001b[38;5;9merror[E0425]\u001b[0m\u001b[0m\u001b[1m: cannot find function, tuple struct or tuple variant `OK` in this scope\u001b[0m\n\u001b[0m   \u001b[0m\u001b[0m\u001b[1m\u001b[38;5;12m--> \u001b[0m\u001b[0msrc/diesel_impl/product.rs:169:9\u001b[0m\n\u001b[0m    \u001b[0m\u001b[0m\u001b[1m\u001b[38;5;12m|\u001b[0m\n\u001b[0m\u001b[1m\u001b[38;5;12m169\u001b[0m\u001b[0m \u001b[0m\u001b[0m\u001b[1m\u001b[38;5;12m| \u001b[0m\u001b[0m        OK(ResultPaging {\u001b[0m\n\u001b[0m    \u001b[0m\u001b[0m\u001b[1m\u001b[38;5;12m| \u001b[0m\u001b[0m        \u001b[0m\u001b[0m\u001b[1m\u001b[38;5;9m^^\u001b[0m\u001b[0m \u001b[0m\u001b[0m\u001b[1m\u001b[38;5;9mhelp: a tuple variant with a similar name exists (notice the capitalization): `Ok`\u001b[0m\n\n"}
{"message":"unused imports: `QueryParams`, `ResultPaging`","code":{"code":"unused_imports","explanation":null},"level":"warning","spans":[{"file_name":"src/domain/media.rs","byte_start":113,"byte_end":124,"line_start":5,"line_end":5,"column_start":19,"column_end":30,"is_primary":true,"text":[{"text":"use crate::core::{QueryParams, RepoResult, ResultPaging};","highlight_start":19,"highlight_end":30}],"label":null,"suggested_replacement":null,"suggestion_applicability":null,"expansion":null},{"file_name":"src/domain/media.rs","byte_start":138,"byte_end":150,"line_start":5,"line_end":5,"column_start":44,"column_end":56,"is_primary":true,"text":[{"text":"use crate::core::{QueryParams, RepoResult, ResultPaging};","highlight_start":44,"highlight_end":56}],"label":null,"suggested_replacement":null,"suggestion_applicability":null,"expansion":null}],"children":[{"message":"`#[warn(unused_imports)]` on by default","code":null,"level":"note","spans":[],"children":[],"rendered":null},{"message":"remove the unused imports","code":null,"level":"help","spans":[{"file_name":"src/domain/media.rs","byte_start":113,"byte_end":126,"line_start":5,"line_end":5,"column_start":19,"column_end":32,"is_primary":true,"text":[{"text":"use crate::core::{QueryParams, RepoResult, ResultPaging};","highlight_start":19,"highlight_end":32}],"label":null,"suggested_replacement":"","suggestion_applicability":"MachineApplicable","expansion":null},{"file_name":"src/domain/media.rs","byte_start":136,"byte_end":150,"line_start":5,"line_end":5,"column_start":42,"column_end":56,"is_primary":true,"text":[{"text":"use crate::core::{QueryParams, RepoResult, ResultPaging};","highlight_start":42,"highlight_end":56}],"label":null,"suggested_replacement":"","suggestion_applicability":"MachineApplicable","expansion":null}],"children":[],"rendered":null}],"rendered":"\u001b[0m\u001b[1m\u001b[33mwarning\u001b[0m\u001b[0m\u001b[1m: unused imports: `QueryParams`, `ResultPaging`\u001b[0m\n\u001b[0m \u001b[0m\u001b[0m\u001b[1m\u001b[38;5;12m--> \u001b[0m\u001b[0msrc/domain/media.rs:5:19\u001b[0m\n\u001b[0m  \u001b[0m\u001b[0m\u001b[1m\u001b[38;5;12m|\u001b[0m\n\u001b[0m\u001b[1m\u001b[38;5;12m5\u001b[0m\u001b[0m \u001b[0m\u001b[0m\u001b[1m\u001b[38;5;12m| \u001b[0m\u001b[0muse crate::core::{QueryParams, RepoResult, ResultPaging};\u001b[0m\n\u001b[0m  \u001b[0m\u001b[0m\u001b[1m\u001b[38;5;12m| \u001b[0m\u001b[0m                  \u001b[0m\u001b[0m\u001b[1m\u001b[33m^^^^^^^^^^^\u001b[0m\u001b[0m              \u001b[0m\u001b[0m\u001b[1m\u001b[33m^^^^^^^^^^^^\u001b[0m\n\u001b[0m  \u001b[0m\u001b[0m\u001b[1m\u001b[38;5;12m|\u001b[0m\n\u001b[0m  \u001b[0m\u001b[0m\u001b[1m\u001b[38;5;12m= \u001b[0m\u001b[0m\u001b[1mnote\u001b[0m\u001b[0m: `#[warn(unused_imports)]` on by default\u001b[0m\n\n"}
{"message":"unused import: `id`","code":{"code":"unused_imports","explanation":null},"level":"warning","spans":[{"file_name":"src/diesel_impl/cart.rs","byte_start":4967,"byte_end":4969,"line_start":174,"line_end":174,"column_start":41,"column_end":43,"is_primary":true,"text":[{"text":"        use super::schema::carts::dsl::{id, carts};","highlight_start":41,"highlight_end":43}],"label":null,"suggested_replacement":null,"suggestion_applicability":null,"expansion":null}],"children":[{"message":"remove the unused import","code":null,"level":"help","spans":[{"file_name":"src/diesel_impl/cart.rs","byte_start":4967,"byte_end":4971,"line_start":174,"line_end":174,"column_start":41,"column_end":45,"is_primary":true,"text":[{"text":"        use super::schema::carts::dsl::{id, carts};","highlight_start":41,"highlight_end":45}],"label":null,"suggested_replacement":"","suggestion_applicability":"MachineApplicable","expansion":null}],"children":[],"rendered":null}],"rendered":"\u001b[0m\u001b[1m\u001b[33mwarning\u001b[0m\u001b[0m\u001b[1m: unused import: `id`\u001b[0m\n\u001b[0m   \u001b[0m\u001b[0m\u001b[1m\u001b[38;5;12m--> \u001b[0m\u001b[0msrc/diesel_impl/cart.rs:174:41\u001b[0m\n\u001b[0m    \u001b[0m\u001b[0m\u001b[1m\u001b[38;5;12m|\u001b[0m\n\u001b[0m\u001b[1m\u001b[38;5;12m174\u001b[0m\u001b[0m \u001b[0m\u001b[0m\u001b[1m\u001b[38;5;12m| \u001b[0m\u001b[0m        use super::schema::carts::dsl::{id, carts};\u001b[0m\n\u001b[0m    \u001b[0m\u001b[0m\u001b[1m\u001b[38;5;12m| \u001b[0m\u001b[0m                                        \u001b[0m\u001b[0m\u001b[1m\u001b[33m^^\u001b[0m\n\n"}
{"message":"unused import: `crate::domain::Product`","code":{"code":"unused_imports","explanation":null},"level":"warning","spans":[{"file_name":"src/diesel_impl/cartItem.rs","byte_start":206,"byte_end":228,"line_start":12,"line_end":12,"column_start":5,"column_end":27,"is_primary":true,"text":[{"text":"use crate::domain::Product;","highlight_start":5,"highlight_end":27}],"label":null,"suggested_replacement":null,"suggestion_applicability":null,"expansion":null}],"children":[{"message":"remove the whole `use` item","code":null,"level":"help","spans":[{"file_name":"src/diesel_impl/cartItem.rs","byte_start":202,"byte_end":229,"line_start":12,"line_end":12,"column_start":1,"column_end":28,"is_primary":true,"text":[{"text":"use crate::domain::Product;","highlight_start":1,"highlight_end":28}],"label":null,"suggested_replacement":"","suggestion_applicability":"MachineApplicable","expansion":null}],"children":[],"rendered":null}],"rendered":"\u001b[0m\u001b[1m\u001b[33mwarning\u001b[0m\u001b[0m\u001b[1m: unused import: `crate::domain::Product`\u001b[0m\n\u001b[0m  \u001b[0m\u001b[0m\u001b[1m\u001b[38;5;12m--> \u001b[0m\u001b[0msrc/diesel_impl/cartItem.rs:12:5\u001b[0m\n\u001b[0m   \u001b[0m\u001b[0m\u001b[1m\u001b[38;5;12m|\u001b[0m\n\u001b[0m\u001b[1m\u001b[38;5;12m12\u001b[0m\u001b[0m \u001b[0m\u001b[0m\u001b[1m\u001b[38;5;12m| \u001b[0m\u001b[0muse crate::domain::Product;\u001b[0m\n\u001b[0m   \u001b[0m\u001b[0m\u001b[1m\u001b[38;5;12m| \u001b[0m\u001b[0m    \u001b[0m\u001b[0m\u001b[1m\u001b[33m^^^^^^^^^^^^^^^^^^^^^^\u001b[0m\n\n"}
{"message":"unused import: `id`","code":{"code":"unused_imports","explanation":null},"level":"warning","spans":[{"file_name":"src/diesel_impl/cartItem.rs","byte_start":4372,"byte_end":4374,"line_start":149,"line_end":149,"column_start":46,"column_end":48,"is_primary":true,"text":[{"text":"        use super::schema::cart_items::dsl::{id, cart_items};","highlight_start":46,"highlight_end":48}],"label":null,"suggested_replacement":null,"suggestion_applicability":null,"expansion":null}],"children":[{"message":"remove the unused import","code":null,"level":"help","spans":[{"file_name":"src/diesel_impl/cartItem.rs","byte_start":4372,"byte_end":4376,"line_start":149,"line_end":149,"column_start":46,"column_end":50,"is_primary":true,"text":[{"text":"        use super::schema::cart_items::dsl::{id, cart_items};","highlight_start":46,"highlight_end":50}],"label":null,"suggested_replacement":"","suggestion_applicability":"MachineApplicable","expansion":null}],"children":[],"rendered":null}],"rendered":"\u001b[0m\u001b[1m\u001b[33mwarning\u001b[0m\u001b[0m\u001b[1m: unused import: `id`\u001b[0m\n\u001b[0m   \u001b[0m\u001b[0m\u001b[1m\u001b[38;5;12m--> \u001b[0m\u001b[0msrc/diesel_impl/cartItem.rs:149:46\u001b[0m\n\u001b[0m    \u001b[0m\u001b[0m\u001b[1m\u001b[38;5;12m|\u001b[0m\n\u001b[0m\u001b[1m\u001b[38;5;12m149\u001b[0m\u001b[0m \u001b[0m\u001b[0m\u001b[1m\u001b[38;5;12m| \u001b[0m\u001b[0m        use super::schema::cart_items::dsl::{id, cart_items};\u001b[0m\n\u001b[0m    \u001b[0m\u001b[0m\u001b[1m\u001b[38;5;12m| \u001b[0m\u001b[0m                                             \u001b[0m\u001b[0m\u001b[1m\u001b[33m^^\u001b[0m\n\n"}
{"message":"unused imports: `QueryParams`, `ResultPaging`","code":{"code":"unused_imports","explanation":null},"level":"warning","spans":[{"file_name":"src/diesel_impl/media.rs","byte_start":220,"byte_end":231,"line_start":12,"line_end":12,"column_start":19,"column_end":30,"is_primary":true,"text":[{"text":"use crate::core::{QueryParams, RepoResult, ResultPaging};","highlight_start":19,"highlight_end":30}],"label":null,"suggested_replacement":null,"suggestion_applicability":null,"expansion":null},{"file_name":"src/diesel_impl/media.rs","byte_start":245,"byte_end":257,"line_start":12,"line_end":12,"column_start":44,"column_end":56,"is_primary":true,"text":[{"text":"use crate::core::{QueryParams, RepoResult, ResultPaging};","highlight_start":44,"highlight_end":56}],"label":null,"suggested_replacement":null,"suggestion_applicability":null,"expansion":null}],"children":[{"message":"remove the unused imports","code":null,"level":"help","spans":[{"file_name":"src/diesel_impl/media.rs","byte_start":220,"byte_end":233,"line_start":12,"line_end":12,"column_start":19,"column_end":32,"is_primary":true,"text":[{"text":"use crate::core::{QueryParams, RepoResult, ResultPaging};","highlight_start":19,"highlight_end":32}],"label":null,"suggested_replacement":"","suggestion_applicability":"MachineApplicable","expansion":null},{"file_name":"src/diesel_impl/media.rs","byte_start":243,"byte_end":257,"line_start":12,"line_end":12,"column_start":42,"column_end":56,"is_primary":true,"text":[{"text":"use crate::core::{QueryParams, RepoResult, ResultPaging};","highlight_start":42,"highlight_end":56}],"label":null,"suggested_replacement":"","suggestion_applicability":"MachineApplicable","expansion":null}],"children":[],"rendered":null}],"rendered":"\u001b[0m\u001b[1m\u001b[33mwarning\u001b[0m\u001b[0m\u001b[1m: unused imports: `QueryParams`, `ResultPaging`\u001b[0m\n\u001b[0m  \u001b[0m\u001b[0m\u001b[1m\u001b[38;5;12m--> \u001b[0m\u001b[0msrc/diesel_impl/media.rs:12:19\u001b[0m\n\u001b[0m   \u001b[0m\u001b[0m\u001b[1m\u001b[38;5;12m|\u001b[0m\n\u001b[0m\u001b[1m\u001b[38;5;12m12\u001b[0m\u001b[0m \u001b[0m\u001b[0m\u001b[1m\u001b[38;5;12m| \u001b[0m\u001b[0muse crate::core::{QueryParams, RepoResult, ResultPaging};\u001b[0m\n\u001b[0m   \u001b[0m\u001b[0m\u001b[1m\u001b[38;5;12m| \u001b[0m\u001b[0m                  \u001b[0m\u001b[0m\u001b[1m\u001b[33m^^^^^^^^^^^\u001b[0m\u001b[0m              \u001b[0m\u001b[0m\u001b[1m\u001b[33m^^^^^^^^^^^^\u001b[0m\n\n"}
{"message":"unused import: `crate::domain::Media`","code":{"code":"unused_imports","explanation":null},"level":"warning","spans":[{"file_name":"src/diesel_impl/product.rs","byte_start":346,"byte_end":366,"line_start":14,"line_end":14,"column_start":5,"column_end":25,"is_primary":true,"text":[{"text":"use crate::domain::Media;","highlight_start":5,"highlight_end":25}],"label":null,"suggested_replacement":null,"suggestion_applicability":null,"expansion":null}],"children":[{"message":"remove the whole `use` item","code":null,"level":"help","spans":[{"file_name":"src/diesel_impl/product.rs","byte_start":342,"byte_end":367,"line_start":14,"line_end":14,"column_start":1,"column_end":26,"is_primary":true,"text":[{"text":"use crate::domain::Media;","highlight_start":1,"highlight_end":26}],"label":null,"suggested_replacement":"","suggestion_applicability":"MachineApplicable","expansion":null}],"children":[],"rendered":null}],"rendered":"\u001b[0m\u001b[1m\u001b[33mwarning\u001b[0m\u001b[0m\u001b[1m: unused import: `crate::domain::Media`\u001b[0m\n\u001b[0m  \u001b[0m\u001b[0m\u001b[1m\u001b[38;5;12m--> \u001b[0m\u001b[0msrc/diesel_impl/product.rs:14:5\u001b[0m\n\u001b[0m   \u001b[0m\u001b[0m\u001b[1m\u001b[38;5;12m|\u001b[0m\n\u001b[0m\u001b[1m\u001b[38;5;12m14\u001b[0m\u001b[0m \u001b[0m\u001b[0m\u001b[1m\u001b[38;5;12m| \u001b[0m\u001b[0muse crate::domain::Media;\u001b[0m\n\u001b[0m   \u001b[0m\u001b[0m\u001b[1m\u001b[38;5;12m| \u001b[0m\u001b[0m    \u001b[0m\u001b[0m\u001b[1m\u001b[33m^^^^^^^^^^^^^^^^^^^^\u001b[0m\n\n"}
{"message":"the trait bound `u16: diesel::Expression` is not satisfied","code":{"code":"E0277","explanation":"You tried to use a type which doesn't implement some trait in a place which\nexpected that trait.\n\nErroneous code example:\n\n```compile_fail,E0277\n// here we declare the Foo trait with a bar method\ntrait Foo {\n    fn bar(&self);\n}\n\n// we now declare a function which takes an object implementing the Foo trait\nfn some_func<T: Foo>(foo: T) {\n    foo.bar();\n}\n\nfn main() {\n    // we now call the method with the i32 type, which doesn't implement\n    // the Foo trait\n    some_func(5i32); // error: the trait bound `i32 : Foo` is not satisfied\n}\n```\n\nIn order to fix this error, verify that the type you're using does implement\nthe trait. Example:\n\n```\ntrait Foo {\n    fn bar(&self);\n}\n\n// we implement the trait on the i32 type\nimpl Foo for i32 {\n    fn bar(&self) {}\n}\n\nfn some_func<T: Foo>(foo: T) {\n    foo.bar(); // we can now use this method since i32 implements the\n               // Foo trait\n}\n\nfn main() {\n    some_func(5i32); // ok!\n}\n```\n\nOr in a generic context, an erroneous code example would look like:\n\n```compile_fail,E0277\nfn some_func<T>(foo: T) {\n    println!(\"{:?}\", foo); // error: the trait `core::fmt::Debug` is not\n                           //        implemented for the type `T`\n}\n\nfn main() {\n    // We now call the method with the i32 type,\n    // which *does* implement the Debug trait.\n    some_func(5i32);\n}\n```\n\nNote that the error here is in the definition of the generic function. Although\nwe only call it with a parameter that does implement `Debug`, the compiler\nstill rejects the function. It must work with all possible input types. In\norder to make this example compile, we need to restrict the generic type we're\naccepting:\n\n```\nuse std::fmt;\n\n// Restrict the input type to types that implement Debug.\nfn some_func<T: fmt::Debug>(foo: T) {\n    println!(\"{:?}\", foo);\n}\n\nfn main() {\n    // Calling the method is still fine, as i32 implements Debug.\n    some_func(5i32);\n\n    // This would fail to compile now:\n    // struct WithoutDebug;\n    // some_func(WithoutDebug);\n}\n```\n\nRust only looks at the signature of the called function, as such it must\nalready specify all requirements that will be used for every type parameter.\n"},"level":"error","spans":[{"file_name":"src/diesel_impl/cart.rs","byte_start":348,"byte_end":358,"line_start":15,"line_end":15,"column_start":21,"column_end":31,"is_primary":true,"text":[{"text":"#[derive(Queryable, Insertable)]","highlight_start":21,"highlight_end":31}],"label":"the trait `diesel::Expression` is not implemented for `u16`","suggested_replacement":null,"suggestion_applicability":null,"expansion":{"span":{"file_name":"src/diesel_impl/cart.rs","byte_start":348,"byte_end":358,"line_start":15,"line_end":15,"column_start":21,"column_end":31,"is_primary":false,"text":[{"text":"#[derive(Queryable, Insertable)]","highlight_start":21,"highlight_end":31}],"label":null,"suggested_replacement":null,"suggestion_applicability":null,"expansion":null},"macro_decl_name":"#[derive(Insertable)]","def_site_span":{"file_name":"/Users/alainsst/.cargo/registry/src/github.com-1ecc6299db9ec823/diesel_derives-1.4.1/src/lib.rs","byte_start":2243,"byte_end":2302,"line_start":86,"line_end":86,"column_start":1,"column_end":60,"is_primary":false,"text":[{"text":"pub fn derive_insertable(input: TokenStream) -> TokenStream {","highlight_start":1,"highlight_end":60}],"label":null,"suggested_replacement":null,"suggestion_applicability":null,"expansion":null}}}],"children":[{"message":"the following other types implement trait `diesel::Expression`:\n  &'a T\n  (A, B)\n  (A, B, C)\n  (A, B, C, D)\n  (A, B, C, D, E)\n  (A, B, C, D, E, F)\n  (A, B, C, D, E, F, G)\n  (A, B, C, D, E, F, G, H)\nand 119 others","code":null,"level":"help","spans":[],"children":[],"rendered":null},{"message":"required because of the requirements on the impl of `AsExpression<Integer>` for `u16`","code":null,"level":"note","spans":[],"children":[],"rendered":null}],"rendered":"\u001b[0m\u001b[1m\u001b[38;5;9merror[E0277]\u001b[0m\u001b[0m\u001b[1m: the trait bound `u16: diesel::Expression` is not satisfied\u001b[0m\n\u001b[0m  \u001b[0m\u001b[0m\u001b[1m\u001b[38;5;12m--> \u001b[0m\u001b[0msrc/diesel_impl/cart.rs:15:21\u001b[0m\n\u001b[0m   \u001b[0m\u001b[0m\u001b[1m\u001b[38;5;12m|\u001b[0m\n\u001b[0m\u001b[1m\u001b[38;5;12m15\u001b[0m\u001b[0m \u001b[0m\u001b[0m\u001b[1m\u001b[38;5;12m| \u001b[0m\u001b[0m#[derive(Queryable, Insertable)]\u001b[0m\n\u001b[0m   \u001b[0m\u001b[0m\u001b[1m\u001b[38;5;12m| \u001b[0m\u001b[0m                    \u001b[0m\u001b[0m\u001b[1m\u001b[38;5;9m^^^^^^^^^^\u001b[0m\u001b[0m \u001b[0m\u001b[0m\u001b[1m\u001b[38;5;9mthe trait `diesel::Expression` is not implemented for `u16`\u001b[0m\n\u001b[0m   \u001b[0m\u001b[0m\u001b[1m\u001b[38;5;12m|\u001b[0m\n\u001b[0m   \u001b[0m\u001b[0m\u001b[1m\u001b[38;5;12m= \u001b[0m\u001b[0m\u001b[1mhelp\u001b[0m\u001b[0m: the following other types implement trait `diesel::Expression`:\u001b[0m\n\u001b[0m             &'a T\u001b[0m\n\u001b[0m             (A, B)\u001b[0m\n\u001b[0m             (A, B, C)\u001b[0m\n\u001b[0m             (A, B, C, D)\u001b[0m\n\u001b[0m             (A, B, C, D, E)\u001b[0m\n\u001b[0m             (A, B, C, D, E, F)\u001b[0m\n\u001b[0m             (A, B, C, D, E, F, G)\u001b[0m\n\u001b[0m             (A, B, C, D, E, F, G, H)\u001b[0m\n\u001b[0m           and 119 others\u001b[0m\n\u001b[0m   \u001b[0m\u001b[0m\u001b[1m\u001b[38;5;12m= \u001b[0m\u001b[0m\u001b[1mnote\u001b[0m\u001b[0m: required because of the requirements on the impl of `AsExpression<Integer>` for `u16`\u001b[0m\n\u001b[0m   \u001b[0m\u001b[0m\u001b[1m\u001b[38;5;12m= \u001b[0m\u001b[0m\u001b[1mnote\u001b[0m\u001b[0m: this error originates in the derive macro `Insertable` (in Nightly builds, run with -Z macro-backtrace for more info)\u001b[0m\n\n"}
{"message":"the trait bound `NaiveDateTime: diesel::Expression` is not satisfied","code":{"code":"E0277","explanation":"You tried to use a type which doesn't implement some trait in a place which\nexpected that trait.\n\nErroneous code example:\n\n```compile_fail,E0277\n// here we declare the Foo trait with a bar method\ntrait Foo {\n    fn bar(&self);\n}\n\n// we now declare a function which takes an object implementing the Foo trait\nfn some_func<T: Foo>(foo: T) {\n    foo.bar();\n}\n\nfn main() {\n    // we now call the method with the i32 type, which doesn't implement\n    // the Foo trait\n    some_func(5i32); // error: the trait bound `i32 : Foo` is not satisfied\n}\n```\n\nIn order to fix this error, verify that the type you're using does implement\nthe trait. Example:\n\n```\ntrait Foo {\n    fn bar(&self);\n}\n\n// we implement the trait on the i32 type\nimpl Foo for i32 {\n    fn bar(&self) {}\n}\n\nfn some_func<T: Foo>(foo: T) {\n    foo.bar(); // we can now use this method since i32 implements the\n               // Foo trait\n}\n\nfn main() {\n    some_func(5i32); // ok!\n}\n```\n\nOr in a generic context, an erroneous code example would look like:\n\n```compile_fail,E0277\nfn some_func<T>(foo: T) {\n    println!(\"{:?}\", foo); // error: the trait `core::fmt::Debug` is not\n                           //        implemented for the type `T`\n}\n\nfn main() {\n    // We now call the method with the i32 type,\n    // which *does* implement the Debug trait.\n    some_func(5i32);\n}\n```\n\nNote that the error here is in the definition of the generic function. Although\nwe only call it with a parameter that does implement `Debug`, the compiler\nstill rejects the function. It must work with all possible input types. In\norder to make this example compile, we need to restrict the generic type we're\naccepting:\n\n```\nuse std::fmt;\n\n// Restrict the input type to types that implement Debug.\nfn some_func<T: fmt::Debug>(foo: T) {\n    println!(\"{:?}\", foo);\n}\n\nfn main() {\n    // Calling the method is still fine, as i32 implements Debug.\n    some_func(5i32);\n\n    // This would fail to compile now:\n    // struct WithoutDebug;\n    // some_func(WithoutDebug);\n}\n```\n\nRust only looks at the signature of the called function, as such it must\nalready specify all requirements that will be used for every type parameter.\n"},"level":"error","spans":[{"file_name":"src/diesel_impl/cart.rs","byte_start":348,"byte_end":358,"line_start":15,"line_end":15,"column_start":21,"column_end":31,"is_primary":true,"text":[{"text":"#[derive(Queryable, Insertable)]","highlight_start":21,"highlight_end":31}],"label":"the trait `diesel::Expression` is not implemented for `NaiveDateTime`","suggested_replacement":null,"suggestion_applicability":null,"expansion":{"span":{"file_name":"src/diesel_impl/cart.rs","byte_start":348,"byte_end":358,"line_start":15,"line_end":15,"column_start":21,"column_end":31,"is_primary":false,"text":[{"text":"#[derive(Queryable, Insertable)]","highlight_start":21,"highlight_end":31}],"label":null,"suggested_replacement":null,"suggestion_applicability":null,"expansion":null},"macro_decl_name":"#[derive(Insertable)]","def_site_span":{"file_name":"/Users/alainsst/.cargo/registry/src/github.com-1ecc6299db9ec823/diesel_derives-1.4.1/src/lib.rs","byte_start":2243,"byte_end":2302,"line_start":86,"line_end":86,"column_start":1,"column_end":60,"is_primary":false,"text":[{"text":"pub fn derive_insertable(input: TokenStream) -> TokenStream {","highlight_start":1,"highlight_end":60}],"label":null,"suggested_replacement":null,"suggestion_applicability":null,"expansion":null}}}],"children":[{"message":"the following other types implement trait `diesel::Expression`:\n  &'a T\n  (A, B)\n  (A, B, C)\n  (A, B, C, D)\n  (A, B, C, D, E)\n  (A, B, C, D, E, F)\n  (A, B, C, D, E, F, G)\n  (A, B, C, D, E, F, G, H)\nand 119 others","code":null,"level":"help","spans":[],"children":[],"rendered":null},{"message":"required because of the requirements on the impl of `AsExpression<diesel::sql_types::Nullable<diesel::sql_types::Time>>` for `NaiveDateTime`","code":null,"level":"note","spans":[],"children":[],"rendered":null}],"rendered":"\u001b[0m\u001b[1m\u001b[38;5;9merror[E0277]\u001b[0m\u001b[0m\u001b[1m: the trait bound `NaiveDateTime: diesel::Expression` is not satisfied\u001b[0m\n\u001b[0m  \u001b[0m\u001b[0m\u001b[1m\u001b[38;5;12m--> \u001b[0m\u001b[0msrc/diesel_impl/cart.rs:15:21\u001b[0m\n\u001b[0m   \u001b[0m\u001b[0m\u001b[1m\u001b[38;5;12m|\u001b[0m\n\u001b[0m\u001b[1m\u001b[38;5;12m15\u001b[0m\u001b[0m \u001b[0m\u001b[0m\u001b[1m\u001b[38;5;12m| \u001b[0m\u001b[0m#[derive(Queryable, Insertable)]\u001b[0m\n\u001b[0m   \u001b[0m\u001b[0m\u001b[1m\u001b[38;5;12m| \u001b[0m\u001b[0m                    \u001b[0m\u001b[0m\u001b[1m\u001b[38;5;9m^^^^^^^^^^\u001b[0m\u001b[0m \u001b[0m\u001b[0m\u001b[1m\u001b[38;5;9mthe trait `diesel::Expression` is not implemented for `NaiveDateTime`\u001b[0m\n\u001b[0m   \u001b[0m\u001b[0m\u001b[1m\u001b[38;5;12m|\u001b[0m\n\u001b[0m   \u001b[0m\u001b[0m\u001b[1m\u001b[38;5;12m= \u001b[0m\u001b[0m\u001b[1mhelp\u001b[0m\u001b[0m: the following other types implement trait `diesel::Expression`:\u001b[0m\n\u001b[0m             &'a T\u001b[0m\n\u001b[0m             (A, B)\u001b[0m\n\u001b[0m             (A, B, C)\u001b[0m\n\u001b[0m             (A, B, C, D)\u001b[0m\n\u001b[0m             (A, B, C, D, E)\u001b[0m\n\u001b[0m             (A, B, C, D, E, F)\u001b[0m\n\u001b[0m             (A, B, C, D, E, F, G)\u001b[0m\n\u001b[0m             (A, B, C, D, E, F, G, H)\u001b[0m\n\u001b[0m           and 119 others\u001b[0m\n\u001b[0m   \u001b[0m\u001b[0m\u001b[1m\u001b[38;5;12m= \u001b[0m\u001b[0m\u001b[1mnote\u001b[0m\u001b[0m: required because of the requirements on the impl of `AsExpression<diesel::sql_types::Nullable<diesel::sql_types::Time>>` for `NaiveDateTime`\u001b[0m\n\u001b[0m   \u001b[0m\u001b[0m\u001b[1m\u001b[38;5;12m= \u001b[0m\u001b[0m\u001b[1mnote\u001b[0m\u001b[0m: this error originates in the derive macro `Insertable` (in Nightly builds, run with -Z macro-backtrace for more info)\u001b[0m\n\n"}
{"message":"the trait bound `u16: diesel::Expression` is not satisfied","code":{"code":"E0277","explanation":"You tried to use a type which doesn't implement some trait in a place which\nexpected that trait.\n\nErroneous code example:\n\n```compile_fail,E0277\n// here we declare the Foo trait with a bar method\ntrait Foo {\n    fn bar(&self);\n}\n\n// we now declare a function which takes an object implementing the Foo trait\nfn some_func<T: Foo>(foo: T) {\n    foo.bar();\n}\n\nfn main() {\n    // we now call the method with the i32 type, which doesn't implement\n    // the Foo trait\n    some_func(5i32); // error: the trait bound `i32 : Foo` is not satisfied\n}\n```\n\nIn order to fix this error, verify that the type you're using does implement\nthe trait. Example:\n\n```\ntrait Foo {\n    fn bar(&self);\n}\n\n// we implement the trait on the i32 type\nimpl Foo for i32 {\n    fn bar(&self) {}\n}\n\nfn some_func<T: Foo>(foo: T) {\n    foo.bar(); // we can now use this method since i32 implements the\n               // Foo trait\n}\n\nfn main() {\n    some_func(5i32); // ok!\n}\n```\n\nOr in a generic context, an erroneous code example would look like:\n\n```compile_fail,E0277\nfn some_func<T>(foo: T) {\n    println!(\"{:?}\", foo); // error: the trait `core::fmt::Debug` is not\n                           //        implemented for the type `T`\n}\n\nfn main() {\n    // We now call the method with the i32 type,\n    // which *does* implement the Debug trait.\n    some_func(5i32);\n}\n```\n\nNote that the error here is in the definition of the generic function. Although\nwe only call it with a parameter that does implement `Debug`, the compiler\nstill rejects the function. It must work with all possible input types. In\norder to make this example compile, we need to restrict the generic type we're\naccepting:\n\n```\nuse std::fmt;\n\n// Restrict the input type to types that implement Debug.\nfn some_func<T: fmt::Debug>(foo: T) {\n    println!(\"{:?}\", foo);\n}\n\nfn main() {\n    // Calling the method is still fine, as i32 implements Debug.\n    some_func(5i32);\n\n    // This would fail to compile now:\n    // struct WithoutDebug;\n    // some_func(WithoutDebug);\n}\n```\n\nRust only looks at the signature of the called function, as such it must\nalready specify all requirements that will be used for every type parameter.\n"},"level":"error","spans":[{"file_name":"src/diesel_impl/cart.rs","byte_start":348,"byte_end":358,"line_start":15,"line_end":15,"column_start":21,"column_end":31,"is_primary":true,"text":[{"text":"#[derive(Queryable, Insertable)]","highlight_start":21,"highlight_end":31}],"label":"the trait `diesel::Expression` is not implemented for `u16`","suggested_replacement":null,"suggestion_applicability":null,"expansion":{"span":{"file_name":"src/diesel_impl/cart.rs","byte_start":348,"byte_end":358,"line_start":15,"line_end":15,"column_start":21,"column_end":31,"is_primary":false,"text":[{"text":"#[derive(Queryable, Insertable)]","highlight_start":21,"highlight_end":31}],"label":null,"suggested_replacement":null,"suggestion_applicability":null,"expansion":null},"macro_decl_name":"#[derive(Insertable)]","def_site_span":{"file_name":"/Users/alainsst/.cargo/registry/src/github.com-1ecc6299db9ec823/diesel_derives-1.4.1/src/lib.rs","byte_start":2243,"byte_end":2302,"line_start":86,"line_end":86,"column_start":1,"column_end":60,"is_primary":false,"text":[{"text":"pub fn derive_insertable(input: TokenStream) -> TokenStream {","highlight_start":1,"highlight_end":60}],"label":null,"suggested_replacement":null,"suggestion_applicability":null,"expansion":null}}}],"children":[{"message":"the following other types implement trait `diesel::Expression`:\n  &'a T\n  (A, B)\n  (A, B, C)\n  (A, B, C, D)\n  (A, B, C, D, E)\n  (A, B, C, D, E, F)\n  (A, B, C, D, E, F, G)\n  (A, B, C, D, E, F, G, H)\nand 119 others","code":null,"level":"help","spans":[],"children":[],"rendered":null},{"message":"required because of the requirements on the impl of `diesel::Expression` for `&'insert u16`","code":null,"level":"note","spans":[],"children":[],"rendered":null},{"message":"required because of the requirements on the impl of `AsExpression<Integer>` for `&'insert u16`","code":null,"level":"note","spans":[],"children":[],"rendered":null}],"rendered":"\u001b[0m\u001b[1m\u001b[38;5;9merror[E0277]\u001b[0m\u001b[0m\u001b[1m: the trait bound `u16: diesel::Expression` is not satisfied\u001b[0m\n\u001b[0m  \u001b[0m\u001b[0m\u001b[1m\u001b[38;5;12m--> \u001b[0m\u001b[0msrc/diesel_impl/cart.rs:15:21\u001b[0m\n\u001b[0m   \u001b[0m\u001b[0m\u001b[1m\u001b[38;5;12m|\u001b[0m\n\u001b[0m\u001b[1m\u001b[38;5;12m15\u001b[0m\u001b[0m \u001b[0m\u001b[0m\u001b[1m\u001b[38;5;12m| \u001b[0m\u001b[0m#[derive(Queryable, Insertable)]\u001b[0m\n\u001b[0m   \u001b[0m\u001b[0m\u001b[1m\u001b[38;5;12m| \u001b[0m\u001b[0m                    \u001b[0m\u001b[0m\u001b[1m\u001b[38;5;9m^^^^^^^^^^\u001b[0m\u001b[0m \u001b[0m\u001b[0m\u001b[1m\u001b[38;5;9mthe trait `diesel::Expression` is not implemented for `u16`\u001b[0m\n\u001b[0m   \u001b[0m\u001b[0m\u001b[1m\u001b[38;5;12m|\u001b[0m\n\u001b[0m   \u001b[0m\u001b[0m\u001b[1m\u001b[38;5;12m= \u001b[0m\u001b[0m\u001b[1mhelp\u001b[0m\u001b[0m: the following other types implement trait `diesel::Expression`:\u001b[0m\n\u001b[0m             &'a T\u001b[0m\n\u001b[0m             (A, B)\u001b[0m\n\u001b[0m             (A, B, C)\u001b[0m\n\u001b[0m             (A, B, C, D)\u001b[0m\n\u001b[0m             (A, B, C, D, E)\u001b[0m\n\u001b[0m             (A, B, C, D, E, F)\u001b[0m\n\u001b[0m             (A, B, C, D, E, F, G)\u001b[0m\n\u001b[0m             (A, B, C, D, E, F, G, H)\u001b[0m\n\u001b[0m           and 119 others\u001b[0m\n\u001b[0m   \u001b[0m\u001b[0m\u001b[1m\u001b[38;5;12m= \u001b[0m\u001b[0m\u001b[1mnote\u001b[0m\u001b[0m: required because of the requirements on the impl of `diesel::Expression` for `&'insert u16`\u001b[0m\n\u001b[0m   \u001b[0m\u001b[0m\u001b[1m\u001b[38;5;12m= \u001b[0m\u001b[0m\u001b[1mnote\u001b[0m\u001b[0m: required because of the requirements on the impl of `AsExpression<Integer>` for `&'insert u16`\u001b[0m\n\u001b[0m   \u001b[0m\u001b[0m\u001b[1m\u001b[38;5;12m= \u001b[0m\u001b[0m\u001b[1mnote\u001b[0m\u001b[0m: this error originates in the derive macro `Insertable` (in Nightly builds, run with -Z macro-backtrace for more info)\u001b[0m\n\n"}
{"message":"the trait bound `NaiveDateTime: diesel::Expression` is not satisfied","code":{"code":"E0277","explanation":"You tried to use a type which doesn't implement some trait in a place which\nexpected that trait.\n\nErroneous code example:\n\n```compile_fail,E0277\n// here we declare the Foo trait with a bar method\ntrait Foo {\n    fn bar(&self);\n}\n\n// we now declare a function which takes an object implementing the Foo trait\nfn some_func<T: Foo>(foo: T) {\n    foo.bar();\n}\n\nfn main() {\n    // we now call the method with the i32 type, which doesn't implement\n    // the Foo trait\n    some_func(5i32); // error: the trait bound `i32 : Foo` is not satisfied\n}\n```\n\nIn order to fix this error, verify that the type you're using does implement\nthe trait. Example:\n\n```\ntrait Foo {\n    fn bar(&self);\n}\n\n// we implement the trait on the i32 type\nimpl Foo for i32 {\n    fn bar(&self) {}\n}\n\nfn some_func<T: Foo>(foo: T) {\n    foo.bar(); // we can now use this method since i32 implements the\n               // Foo trait\n}\n\nfn main() {\n    some_func(5i32); // ok!\n}\n```\n\nOr in a generic context, an erroneous code example would look like:\n\n```compile_fail,E0277\nfn some_func<T>(foo: T) {\n    println!(\"{:?}\", foo); // error: the trait `core::fmt::Debug` is not\n                           //        implemented for the type `T`\n}\n\nfn main() {\n    // We now call the method with the i32 type,\n    // which *does* implement the Debug trait.\n    some_func(5i32);\n}\n```\n\nNote that the error here is in the definition of the generic function. Although\nwe only call it with a parameter that does implement `Debug`, the compiler\nstill rejects the function. It must work with all possible input types. In\norder to make this example compile, we need to restrict the generic type we're\naccepting:\n\n```\nuse std::fmt;\n\n// Restrict the input type to types that implement Debug.\nfn some_func<T: fmt::Debug>(foo: T) {\n    println!(\"{:?}\", foo);\n}\n\nfn main() {\n    // Calling the method is still fine, as i32 implements Debug.\n    some_func(5i32);\n\n    // This would fail to compile now:\n    // struct WithoutDebug;\n    // some_func(WithoutDebug);\n}\n```\n\nRust only looks at the signature of the called function, as such it must\nalready specify all requirements that will be used for every type parameter.\n"},"level":"error","spans":[{"file_name":"src/diesel_impl/cart.rs","byte_start":348,"byte_end":358,"line_start":15,"line_end":15,"column_start":21,"column_end":31,"is_primary":true,"text":[{"text":"#[derive(Queryable, Insertable)]","highlight_start":21,"highlight_end":31}],"label":"the trait `diesel::Expression` is not implemented for `NaiveDateTime`","suggested_replacement":null,"suggestion_applicability":null,"expansion":{"span":{"file_name":"src/diesel_impl/cart.rs","byte_start":348,"byte_end":358,"line_start":15,"line_end":15,"column_start":21,"column_end":31,"is_primary":false,"text":[{"text":"#[derive(Queryable, Insertable)]","highlight_start":21,"highlight_end":31}],"label":null,"suggested_replacement":null,"suggestion_applicability":null,"expansion":null},"macro_decl_name":"#[derive(Insertable)]","def_site_span":{"file_name":"/Users/alainsst/.cargo/registry/src/github.com-1ecc6299db9ec823/diesel_derives-1.4.1/src/lib.rs","byte_start":2243,"byte_end":2302,"line_start":86,"line_end":86,"column_start":1,"column_end":60,"is_primary":false,"text":[{"text":"pub fn derive_insertable(input: TokenStream) -> TokenStream {","highlight_start":1,"highlight_end":60}],"label":null,"suggested_replacement":null,"suggestion_applicability":null,"expansion":null}}}],"children":[{"message":"the following other types implement trait `diesel::Expression`:\n  &'a T\n  (A, B)\n  (A, B, C)\n  (A, B, C, D)\n  (A, B, C, D, E)\n  (A, B, C, D, E, F)\n  (A, B, C, D, E, F, G)\n  (A, B, C, D, E, F, G, H)\nand 119 others","code":null,"level":"help","spans":[],"children":[],"rendered":null},{"message":"required because of the requirements on the impl of `diesel::Expression` for `&'insert NaiveDateTime`","code":null,"level":"note","spans":[],"children":[],"rendered":null},{"message":"required because of the requirements on the impl of `AsExpression<diesel::sql_types::Nullable<diesel::sql_types::Time>>` for `&'insert NaiveDateTime`","code":null,"level":"note","spans":[],"children":[],"rendered":null}],"rendered":"\u001b[0m\u001b[1m\u001b[38;5;9merror[E0277]\u001b[0m\u001b[0m\u001b[1m: the trait bound `NaiveDateTime: diesel::Expression` is not satisfied\u001b[0m\n\u001b[0m  \u001b[0m\u001b[0m\u001b[1m\u001b[38;5;12m--> \u001b[0m\u001b[0msrc/diesel_impl/cart.rs:15:21\u001b[0m\n\u001b[0m   \u001b[0m\u001b[0m\u001b[1m\u001b[38;5;12m|\u001b[0m\n\u001b[0m\u001b[1m\u001b[38;5;12m15\u001b[0m\u001b[0m \u001b[0m\u001b[0m\u001b[1m\u001b[38;5;12m| \u001b[0m\u001b[0m#[derive(Queryable, Insertable)]\u001b[0m\n\u001b[0m   \u001b[0m\u001b[0m\u001b[1m\u001b[38;5;12m| \u001b[0m\u001b[0m                    \u001b[0m\u001b[0m\u001b[1m\u001b[38;5;9m^^^^^^^^^^\u001b[0m\u001b[0m \u001b[0m\u001b[0m\u001b[1m\u001b[38;5;9mthe trait `diesel::Expression` is not implemented for `NaiveDateTime`\u001b[0m\n\u001b[0m   \u001b[0m\u001b[0m\u001b[1m\u001b[38;5;12m|\u001b[0m\n\u001b[0m   \u001b[0m\u001b[0m\u001b[1m\u001b[38;5;12m= \u001b[0m\u001b[0m\u001b[1mhelp\u001b[0m\u001b[0m: the following other types implement trait `diesel::Expression`:\u001b[0m\n\u001b[0m             &'a T\u001b[0m\n\u001b[0m             (A, B)\u001b[0m\n\u001b[0m             (A, B, C)\u001b[0m\n\u001b[0m             (A, B, C, D)\u001b[0m\n\u001b[0m             (A, B, C, D, E)\u001b[0m\n\u001b[0m             (A, B, C, D, E, F)\u001b[0m\n\u001b[0m             (A, B, C, D, E, F, G)\u001b[0m\n\u001b[0m             (A, B, C, D, E, F, G, H)\u001b[0m\n\u001b[0m           and 119 others\u001b[0m\n\u001b[0m   \u001b[0m\u001b[0m\u001b[1m\u001b[38;5;12m= \u001b[0m\u001b[0m\u001b[1mnote\u001b[0m\u001b[0m: required because of the requirements on the impl of `diesel::Expression` for `&'insert NaiveDateTime`\u001b[0m\n\u001b[0m   \u001b[0m\u001b[0m\u001b[1m\u001b[38;5;12m= \u001b[0m\u001b[0m\u001b[1mnote\u001b[0m\u001b[0m: required because of the requirements on the impl of `AsExpression<diesel::sql_types::Nullable<diesel::sql_types::Time>>` for `&'insert NaiveDateTime`\u001b[0m\n\u001b[0m   \u001b[0m\u001b[0m\u001b[1m\u001b[38;5;12m= \u001b[0m\u001b[0m\u001b[1mnote\u001b[0m\u001b[0m: this error originates in the derive macro `Insertable` (in Nightly builds, run with -Z macro-backtrace for more info)\u001b[0m\n\n"}
{"message":"the trait bound `u16: diesel::Expression` is not satisfied","code":{"code":"E0277","explanation":"You tried to use a type which doesn't implement some trait in a place which\nexpected that trait.\n\nErroneous code example:\n\n```compile_fail,E0277\n// here we declare the Foo trait with a bar method\ntrait Foo {\n    fn bar(&self);\n}\n\n// we now declare a function which takes an object implementing the Foo trait\nfn some_func<T: Foo>(foo: T) {\n    foo.bar();\n}\n\nfn main() {\n    // we now call the method with the i32 type, which doesn't implement\n    // the Foo trait\n    some_func(5i32); // error: the trait bound `i32 : Foo` is not satisfied\n}\n```\n\nIn order to fix this error, verify that the type you're using does implement\nthe trait. Example:\n\n```\ntrait Foo {\n    fn bar(&self);\n}\n\n// we implement the trait on the i32 type\nimpl Foo for i32 {\n    fn bar(&self) {}\n}\n\nfn some_func<T: Foo>(foo: T) {\n    foo.bar(); // we can now use this method since i32 implements the\n               // Foo trait\n}\n\nfn main() {\n    some_func(5i32); // ok!\n}\n```\n\nOr in a generic context, an erroneous code example would look like:\n\n```compile_fail,E0277\nfn some_func<T>(foo: T) {\n    println!(\"{:?}\", foo); // error: the trait `core::fmt::Debug` is not\n                           //        implemented for the type `T`\n}\n\nfn main() {\n    // We now call the method with the i32 type,\n    // which *does* implement the Debug trait.\n    some_func(5i32);\n}\n```\n\nNote that the error here is in the definition of the generic function. Although\nwe only call it with a parameter that does implement `Debug`, the compiler\nstill rejects the function. It must work with all possible input types. In\norder to make this example compile, we need to restrict the generic type we're\naccepting:\n\n```\nuse std::fmt;\n\n// Restrict the input type to types that implement Debug.\nfn some_func<T: fmt::Debug>(foo: T) {\n    println!(\"{:?}\", foo);\n}\n\nfn main() {\n    // Calling the method is still fine, as i32 implements Debug.\n    some_func(5i32);\n\n    // This would fail to compile now:\n    // struct WithoutDebug;\n    // some_func(WithoutDebug);\n}\n```\n\nRust only looks at the signature of the called function, as such it must\nalready specify all requirements that will be used for every type parameter.\n"},"level":"error","spans":[{"file_name":"src/diesel_impl/cart.rs","byte_start":348,"byte_end":358,"line_start":15,"line_end":15,"column_start":21,"column_end":31,"is_primary":true,"text":[{"text":"#[derive(Queryable, Insertable)]","highlight_start":21,"highlight_end":31}],"label":"the trait `diesel::Expression` is not implemented for `u16`","suggested_replacement":null,"suggestion_applicability":null,"expansion":{"span":{"file_name":"src/diesel_impl/cart.rs","byte_start":348,"byte_end":358,"line_start":15,"line_end":15,"column_start":21,"column_end":31,"is_primary":false,"text":[{"text":"#[derive(Queryable, Insertable)]","highlight_start":21,"highlight_end":31}],"label":null,"suggested_replacement":null,"suggestion_applicability":null,"expansion":null},"macro_decl_name":"#[derive(Insertable)]","def_site_span":{"file_name":"/Users/alainsst/.cargo/registry/src/github.com-1ecc6299db9ec823/diesel_derives-1.4.1/src/lib.rs","byte_start":2243,"byte_end":2302,"line_start":86,"line_end":86,"column_start":1,"column_end":60,"is_primary":false,"text":[{"text":"pub fn derive_insertable(input: TokenStream) -> TokenStream {","highlight_start":1,"highlight_end":60}],"label":null,"suggested_replacement":null,"suggestion_applicability":null,"expansion":null}}}],"children":[{"message":"the following other types implement trait `diesel::Expression`:\n  &'a T\n  (A, B)\n  (A, B, C)\n  (A, B, C, D)\n  (A, B, C, D, E)\n  (A, B, C, D, E, F)\n  (A, B, C, D, E, F, G)\n  (A, B, C, D, E, F, G, H)\nand 119 others","code":null,"level":"help","spans":[],"children":[],"rendered":null},{"message":"required because of the requirements on the impl of `diesel::Expression` for `&u16`","code":null,"level":"note","spans":[],"children":[],"rendered":null},{"message":"required because of the requirements on the impl of `AsExpression<Integer>` for `&u16`","code":null,"level":"note","spans":[],"children":[],"rendered":null}],"rendered":"\u001b[0m\u001b[1m\u001b[38;5;9merror[E0277]\u001b[0m\u001b[0m\u001b[1m: the trait bound `u16: diesel::Expression` is not satisfied\u001b[0m\n\u001b[0m  \u001b[0m\u001b[0m\u001b[1m\u001b[38;5;12m--> \u001b[0m\u001b[0msrc/diesel_impl/cart.rs:15:21\u001b[0m\n\u001b[0m   \u001b[0m\u001b[0m\u001b[1m\u001b[38;5;12m|\u001b[0m\n\u001b[0m\u001b[1m\u001b[38;5;12m15\u001b[0m\u001b[0m \u001b[0m\u001b[0m\u001b[1m\u001b[38;5;12m| \u001b[0m\u001b[0m#[derive(Queryable, Insertable)]\u001b[0m\n\u001b[0m   \u001b[0m\u001b[0m\u001b[1m\u001b[38;5;12m| \u001b[0m\u001b[0m                    \u001b[0m\u001b[0m\u001b[1m\u001b[38;5;9m^^^^^^^^^^\u001b[0m\u001b[0m \u001b[0m\u001b[0m\u001b[1m\u001b[38;5;9mthe trait `diesel::Expression` is not implemented for `u16`\u001b[0m\n\u001b[0m   \u001b[0m\u001b[0m\u001b[1m\u001b[38;5;12m|\u001b[0m\n\u001b[0m   \u001b[0m\u001b[0m\u001b[1m\u001b[38;5;12m= \u001b[0m\u001b[0m\u001b[1mhelp\u001b[0m\u001b[0m: the following other types implement trait `diesel::Expression`:\u001b[0m\n\u001b[0m             &'a T\u001b[0m\n\u001b[0m             (A, B)\u001b[0m\n\u001b[0m             (A, B, C)\u001b[0m\n\u001b[0m             (A, B, C, D)\u001b[0m\n\u001b[0m             (A, B, C, D, E)\u001b[0m\n\u001b[0m             (A, B, C, D, E, F)\u001b[0m\n\u001b[0m             (A, B, C, D, E, F, G)\u001b[0m\n\u001b[0m             (A, B, C, D, E, F, G, H)\u001b[0m\n\u001b[0m           and 119 others\u001b[0m\n\u001b[0m   \u001b[0m\u001b[0m\u001b[1m\u001b[38;5;12m= \u001b[0m\u001b[0m\u001b[1mnote\u001b[0m\u001b[0m: required because of the requirements on the impl of `diesel::Expression` for `&u16`\u001b[0m\n\u001b[0m   \u001b[0m\u001b[0m\u001b[1m\u001b[38;5;12m= \u001b[0m\u001b[0m\u001b[1mnote\u001b[0m\u001b[0m: required because of the requirements on the impl of `AsExpression<Integer>` for `&u16`\u001b[0m\n\u001b[0m   \u001b[0m\u001b[0m\u001b[1m\u001b[38;5;12m= \u001b[0m\u001b[0m\u001b[1mnote\u001b[0m\u001b[0m: this error originates in the derive macro `Insertable` (in Nightly builds, run with -Z macro-backtrace for more info)\u001b[0m\n\n"}
{"message":"the trait bound `NaiveDateTime: diesel::Expression` is not satisfied","code":{"code":"E0277","explanation":"You tried to use a type which doesn't implement some trait in a place which\nexpected that trait.\n\nErroneous code example:\n\n```compile_fail,E0277\n// here we declare the Foo trait with a bar method\ntrait Foo {\n    fn bar(&self);\n}\n\n// we now declare a function which takes an object implementing the Foo trait\nfn some_func<T: Foo>(foo: T) {\n    foo.bar();\n}\n\nfn main() {\n    // we now call the method with the i32 type, which doesn't implement\n    // the Foo trait\n    some_func(5i32); // error: the trait bound `i32 : Foo` is not satisfied\n}\n```\n\nIn order to fix this error, verify that the type you're using does implement\nthe trait. Example:\n\n```\ntrait Foo {\n    fn bar(&self);\n}\n\n// we implement the trait on the i32 type\nimpl Foo for i32 {\n    fn bar(&self) {}\n}\n\nfn some_func<T: Foo>(foo: T) {\n    foo.bar(); // we can now use this method since i32 implements the\n               // Foo trait\n}\n\nfn main() {\n    some_func(5i32); // ok!\n}\n```\n\nOr in a generic context, an erroneous code example would look like:\n\n```compile_fail,E0277\nfn some_func<T>(foo: T) {\n    println!(\"{:?}\", foo); // error: the trait `core::fmt::Debug` is not\n                           //        implemented for the type `T`\n}\n\nfn main() {\n    // We now call the method with the i32 type,\n    // which *does* implement the Debug trait.\n    some_func(5i32);\n}\n```\n\nNote that the error here is in the definition of the generic function. Although\nwe only call it with a parameter that does implement `Debug`, the compiler\nstill rejects the function. It must work with all possible input types. In\norder to make this example compile, we need to restrict the generic type we're\naccepting:\n\n```\nuse std::fmt;\n\n// Restrict the input type to types that implement Debug.\nfn some_func<T: fmt::Debug>(foo: T) {\n    println!(\"{:?}\", foo);\n}\n\nfn main() {\n    // Calling the method is still fine, as i32 implements Debug.\n    some_func(5i32);\n\n    // This would fail to compile now:\n    // struct WithoutDebug;\n    // some_func(WithoutDebug);\n}\n```\n\nRust only looks at the signature of the called function, as such it must\nalready specify all requirements that will be used for every type parameter.\n"},"level":"error","spans":[{"file_name":"src/diesel_impl/cart.rs","byte_start":348,"byte_end":358,"line_start":15,"line_end":15,"column_start":21,"column_end":31,"is_primary":true,"text":[{"text":"#[derive(Queryable, Insertable)]","highlight_start":21,"highlight_end":31}],"label":"the trait `diesel::Expression` is not implemented for `NaiveDateTime`","suggested_replacement":null,"suggestion_applicability":null,"expansion":{"span":{"file_name":"src/diesel_impl/cart.rs","byte_start":348,"byte_end":358,"line_start":15,"line_end":15,"column_start":21,"column_end":31,"is_primary":false,"text":[{"text":"#[derive(Queryable, Insertable)]","highlight_start":21,"highlight_end":31}],"label":null,"suggested_replacement":null,"suggestion_applicability":null,"expansion":null},"macro_decl_name":"#[derive(Insertable)]","def_site_span":{"file_name":"/Users/alainsst/.cargo/registry/src/github.com-1ecc6299db9ec823/diesel_derives-1.4.1/src/lib.rs","byte_start":2243,"byte_end":2302,"line_start":86,"line_end":86,"column_start":1,"column_end":60,"is_primary":false,"text":[{"text":"pub fn derive_insertable(input: TokenStream) -> TokenStream {","highlight_start":1,"highlight_end":60}],"label":null,"suggested_replacement":null,"suggestion_applicability":null,"expansion":null}}}],"children":[{"message":"the following other types implement trait `diesel::Expression`:\n  &'a T\n  (A, B)\n  (A, B, C)\n  (A, B, C, D)\n  (A, B, C, D, E)\n  (A, B, C, D, E, F)\n  (A, B, C, D, E, F, G)\n  (A, B, C, D, E, F, G, H)\nand 119 others","code":null,"level":"help","spans":[],"children":[],"rendered":null},{"message":"required because of the requirements on the impl of `diesel::Expression` for `&NaiveDateTime`","code":null,"level":"note","spans":[],"children":[],"rendered":null},{"message":"required because of the requirements on the impl of `AsExpression<diesel::sql_types::Nullable<diesel::sql_types::Time>>` for `&NaiveDateTime`","code":null,"level":"note","spans":[],"children":[],"rendered":null}],"rendered":"\u001b[0m\u001b[1m\u001b[38;5;9merror[E0277]\u001b[0m\u001b[0m\u001b[1m: the trait bound `NaiveDateTime: diesel::Expression` is not satisfied\u001b[0m\n\u001b[0m  \u001b[0m\u001b[0m\u001b[1m\u001b[38;5;12m--> \u001b[0m\u001b[0msrc/diesel_impl/cart.rs:15:21\u001b[0m\n\u001b[0m   \u001b[0m\u001b[0m\u001b[1m\u001b[38;5;12m|\u001b[0m\n\u001b[0m\u001b[1m\u001b[38;5;12m15\u001b[0m\u001b[0m \u001b[0m\u001b[0m\u001b[1m\u001b[38;5;12m| \u001b[0m\u001b[0m#[derive(Queryable, Insertable)]\u001b[0m\n\u001b[0m   \u001b[0m\u001b[0m\u001b[1m\u001b[38;5;12m| \u001b[0m\u001b[0m                    \u001b[0m\u001b[0m\u001b[1m\u001b[38;5;9m^^^^^^^^^^\u001b[0m\u001b[0m \u001b[0m\u001b[0m\u001b[1m\u001b[38;5;9mthe trait `diesel::Expression` is not implemented for `NaiveDateTime`\u001b[0m\n\u001b[0m   \u001b[0m\u001b[0m\u001b[1m\u001b[38;5;12m|\u001b[0m\n\u001b[0m   \u001b[0m\u001b[0m\u001b[1m\u001b[38;5;12m= \u001b[0m\u001b[0m\u001b[1mhelp\u001b[0m\u001b[0m: the following other types implement trait `diesel::Expression`:\u001b[0m\n\u001b[0m             &'a T\u001b[0m\n\u001b[0m             (A, B)\u001b[0m\n\u001b[0m             (A, B, C)\u001b[0m\n\u001b[0m             (A, B, C, D)\u001b[0m\n\u001b[0m             (A, B, C, D, E)\u001b[0m\n\u001b[0m             (A, B, C, D, E, F)\u001b[0m\n\u001b[0m             (A, B, C, D, E, F, G)\u001b[0m\n\u001b[0m             (A, B, C, D, E, F, G, H)\u001b[0m\n\u001b[0m           and 119 others\u001b[0m\n\u001b[0m   \u001b[0m\u001b[0m\u001b[1m\u001b[38;5;12m= \u001b[0m\u001b[0m\u001b[1mnote\u001b[0m\u001b[0m: required because of the requirements on the impl of `diesel::Expression` for `&NaiveDateTime`\u001b[0m\n\u001b[0m   \u001b[0m\u001b[0m\u001b[1m\u001b[38;5;12m= \u001b[0m\u001b[0m\u001b[1mnote\u001b[0m\u001b[0m: required because of the requirements on the impl of `AsExpression<diesel::sql_types::Nullable<diesel::sql_types::Time>>` for `&NaiveDateTime`\u001b[0m\n\u001b[0m   \u001b[0m\u001b[0m\u001b[1m\u001b[38;5;12m= \u001b[0m\u001b[0m\u001b[1mnote\u001b[0m\u001b[0m: this error originates in the derive macro `Insertable` (in Nightly builds, run with -Z macro-backtrace for more info)\u001b[0m\n\n"}
{"message":"the trait bound `u16: AppearsOnTable<schema::carts::table>` is not satisfied","code":{"code":"E0277","explanation":"You tried to use a type which doesn't implement some trait in a place which\nexpected that trait.\n\nErroneous code example:\n\n```compile_fail,E0277\n// here we declare the Foo trait with a bar method\ntrait Foo {\n    fn bar(&self);\n}\n\n// we now declare a function which takes an object implementing the Foo trait\nfn some_func<T: Foo>(foo: T) {\n    foo.bar();\n}\n\nfn main() {\n    // we now call the method with the i32 type, which doesn't implement\n    // the Foo trait\n    some_func(5i32); // error: the trait bound `i32 : Foo` is not satisfied\n}\n```\n\nIn order to fix this error, verify that the type you're using does implement\nthe trait. Example:\n\n```\ntrait Foo {\n    fn bar(&self);\n}\n\n// we implement the trait on the i32 type\nimpl Foo for i32 {\n    fn bar(&self) {}\n}\n\nfn some_func<T: Foo>(foo: T) {\n    foo.bar(); // we can now use this method since i32 implements the\n               // Foo trait\n}\n\nfn main() {\n    some_func(5i32); // ok!\n}\n```\n\nOr in a generic context, an erroneous code example would look like:\n\n```compile_fail,E0277\nfn some_func<T>(foo: T) {\n    println!(\"{:?}\", foo); // error: the trait `core::fmt::Debug` is not\n                           //        implemented for the type `T`\n}\n\nfn main() {\n    // We now call the method with the i32 type,\n    // which *does* implement the Debug trait.\n    some_func(5i32);\n}\n```\n\nNote that the error here is in the definition of the generic function. Although\nwe only call it with a parameter that does implement `Debug`, the compiler\nstill rejects the function. It must work with all possible input types. In\norder to make this example compile, we need to restrict the generic type we're\naccepting:\n\n```\nuse std::fmt;\n\n// Restrict the input type to types that implement Debug.\nfn some_func<T: fmt::Debug>(foo: T) {\n    println!(\"{:?}\", foo);\n}\n\nfn main() {\n    // Calling the method is still fine, as i32 implements Debug.\n    some_func(5i32);\n\n    // This would fail to compile now:\n    // struct WithoutDebug;\n    // some_func(WithoutDebug);\n}\n```\n\nRust only looks at the signature of the called function, as such it must\nalready specify all requirements that will be used for every type parameter.\n"},"level":"error","spans":[{"file_name":"src/diesel_impl/cart.rs","byte_start":1341,"byte_end":1352,"line_start":56,"line_end":56,"column_start":24,"column_end":35,"is_primary":true,"text":[{"text":"#[derive(Debug, Clone, AsChangeset)]","highlight_start":24,"highlight_end":35}],"label":"the trait `AppearsOnTable<schema::carts::table>` is not implemented for `u16`","suggested_replacement":null,"suggestion_applicability":null,"expansion":{"span":{"file_name":"src/diesel_impl/cart.rs","byte_start":1341,"byte_end":1352,"line_start":56,"line_end":56,"column_start":24,"column_end":35,"is_primary":false,"text":[{"text":"#[derive(Debug, Clone, AsChangeset)]","highlight_start":24,"highlight_end":35}],"label":null,"suggested_replacement":null,"suggestion_applicability":null,"expansion":null},"macro_decl_name":"#[derive(AsChangeset)]","def_site_span":{"file_name":"/Users/alainsst/.cargo/registry/src/github.com-1ecc6299db9ec823/diesel_derives-1.4.1/src/lib.rs","byte_start":1141,"byte_end":1202,"line_start":56,"line_end":56,"column_start":1,"column_end":62,"is_primary":false,"text":[{"text":"pub fn derive_as_changeset(input: TokenStream) -> TokenStream {","highlight_start":1,"highlight_end":62}],"label":null,"suggested_replacement":null,"suggestion_applicability":null,"expansion":null}}}],"children":[{"message":"the following other types implement trait `AppearsOnTable<QS>`:\n  <&'a T as AppearsOnTable<QS>>\n  <(A, B) as AppearsOnTable<QS>>\n  <(A, B, C) as AppearsOnTable<QS>>\n  <(A, B, C, D) as AppearsOnTable<QS>>\n  <(A, B, C, D, E) as AppearsOnTable<QS>>\n  <(A, B, C, D, E, F) as AppearsOnTable<QS>>\n  <(A, B, C, D, E, F, G) as AppearsOnTable<QS>>\n  <(A, B, C, D, E, F, G, H) as AppearsOnTable<QS>>\nand 119 others","code":null,"level":"help","spans":[],"children":[],"rendered":null},{"message":"required because of the requirements on the impl of `AppearsOnTable<schema::carts::table>` for `&'update u16`","code":null,"level":"note","spans":[],"children":[],"rendered":null},{"message":"required because of the requirements on the impl of `AsChangeset` for `diesel::expression::operators::Eq<schema::carts::columns::total, &'update u16>`","code":null,"level":"note","spans":[],"children":[],"rendered":null}],"rendered":"\u001b[0m\u001b[1m\u001b[38;5;9merror[E0277]\u001b[0m\u001b[0m\u001b[1m: the trait bound `u16: AppearsOnTable<schema::carts::table>` is not satisfied\u001b[0m\n\u001b[0m  \u001b[0m\u001b[0m\u001b[1m\u001b[38;5;12m--> \u001b[0m\u001b[0msrc/diesel_impl/cart.rs:56:24\u001b[0m\n\u001b[0m   \u001b[0m\u001b[0m\u001b[1m\u001b[38;5;12m|\u001b[0m\n\u001b[0m\u001b[1m\u001b[38;5;12m56\u001b[0m\u001b[0m \u001b[0m\u001b[0m\u001b[1m\u001b[38;5;12m| \u001b[0m\u001b[0m#[derive(Debug, Clone, AsChangeset)]\u001b[0m\n\u001b[0m   \u001b[0m\u001b[0m\u001b[1m\u001b[38;5;12m| \u001b[0m\u001b[0m                       \u001b[0m\u001b[0m\u001b[1m\u001b[38;5;9m^^^^^^^^^^^\u001b[0m\u001b[0m \u001b[0m\u001b[0m\u001b[1m\u001b[38;5;9mthe trait `AppearsOnTable<schema::carts::table>` is not implemented for `u16`\u001b[0m\n\u001b[0m   \u001b[0m\u001b[0m\u001b[1m\u001b[38;5;12m|\u001b[0m\n\u001b[0m   \u001b[0m\u001b[0m\u001b[1m\u001b[38;5;12m= \u001b[0m\u001b[0m\u001b[1mhelp\u001b[0m\u001b[0m: the following other types implement trait `AppearsOnTable<QS>`:\u001b[0m\n\u001b[0m             <&'a T as AppearsOnTable<QS>>\u001b[0m\n\u001b[0m             <(A, B) as AppearsOnTable<QS>>\u001b[0m\n\u001b[0m             <(A, B, C) as AppearsOnTable<QS>>\u001b[0m\n\u001b[0m             <(A, B, C, D) as AppearsOnTable<QS>>\u001b[0m\n\u001b[0m             <(A, B, C, D, E) as AppearsOnTable<QS>>\u001b[0m\n\u001b[0m             <(A, B, C, D, E, F) as AppearsOnTable<QS>>\u001b[0m\n\u001b[0m             <(A, B, C, D, E, F, G) as AppearsOnTable<QS>>\u001b[0m\n\u001b[0m             <(A, B, C, D, E, F, G, H) as AppearsOnTable<QS>>\u001b[0m\n\u001b[0m           and 119 others\u001b[0m\n\u001b[0m   \u001b[0m\u001b[0m\u001b[1m\u001b[38;5;12m= \u001b[0m\u001b[0m\u001b[1mnote\u001b[0m\u001b[0m: required because of the requirements on the impl of `AppearsOnTable<schema::carts::table>` for `&'update u16`\u001b[0m\n\u001b[0m   \u001b[0m\u001b[0m\u001b[1m\u001b[38;5;12m= \u001b[0m\u001b[0m\u001b[1mnote\u001b[0m\u001b[0m: required because of the requirements on the impl of `AsChangeset` for `diesel::expression::operators::Eq<schema::carts::columns::total, &'update u16>`\u001b[0m\n\u001b[0m   \u001b[0m\u001b[0m\u001b[1m\u001b[38;5;12m= \u001b[0m\u001b[0m\u001b[1mnote\u001b[0m\u001b[0m: this error originates in the derive macro `AsChangeset` (in Nightly builds, run with -Z macro-backtrace for more info)\u001b[0m\n\n"}
{"message":"the trait bound `u16: AppearsOnTable<schema::carts::table>` is not satisfied","code":{"code":"E0277","explanation":"You tried to use a type which doesn't implement some trait in a place which\nexpected that trait.\n\nErroneous code example:\n\n```compile_fail,E0277\n// here we declare the Foo trait with a bar method\ntrait Foo {\n    fn bar(&self);\n}\n\n// we now declare a function which takes an object implementing the Foo trait\nfn some_func<T: Foo>(foo: T) {\n    foo.bar();\n}\n\nfn main() {\n    // we now call the method with the i32 type, which doesn't implement\n    // the Foo trait\n    some_func(5i32); // error: the trait bound `i32 : Foo` is not satisfied\n}\n```\n\nIn order to fix this error, verify that the type you're using does implement\nthe trait. Example:\n\n```\ntrait Foo {\n    fn bar(&self);\n}\n\n// we implement the trait on the i32 type\nimpl Foo for i32 {\n    fn bar(&self) {}\n}\n\nfn some_func<T: Foo>(foo: T) {\n    foo.bar(); // we can now use this method since i32 implements the\n               // Foo trait\n}\n\nfn main() {\n    some_func(5i32); // ok!\n}\n```\n\nOr in a generic context, an erroneous code example would look like:\n\n```compile_fail,E0277\nfn some_func<T>(foo: T) {\n    println!(\"{:?}\", foo); // error: the trait `core::fmt::Debug` is not\n                           //        implemented for the type `T`\n}\n\nfn main() {\n    // We now call the method with the i32 type,\n    // which *does* implement the Debug trait.\n    some_func(5i32);\n}\n```\n\nNote that the error here is in the definition of the generic function. Although\nwe only call it with a parameter that does implement `Debug`, the compiler\nstill rejects the function. It must work with all possible input types. In\norder to make this example compile, we need to restrict the generic type we're\naccepting:\n\n```\nuse std::fmt;\n\n// Restrict the input type to types that implement Debug.\nfn some_func<T: fmt::Debug>(foo: T) {\n    println!(\"{:?}\", foo);\n}\n\nfn main() {\n    // Calling the method is still fine, as i32 implements Debug.\n    some_func(5i32);\n\n    // This would fail to compile now:\n    // struct WithoutDebug;\n    // some_func(WithoutDebug);\n}\n```\n\nRust only looks at the signature of the called function, as such it must\nalready specify all requirements that will be used for every type parameter.\n"},"level":"error","spans":[{"file_name":"src/diesel_impl/cart.rs","byte_start":1341,"byte_end":1352,"line_start":56,"line_end":56,"column_start":24,"column_end":35,"is_primary":true,"text":[{"text":"#[derive(Debug, Clone, AsChangeset)]","highlight_start":24,"highlight_end":35}],"label":"the trait `AppearsOnTable<schema::carts::table>` is not implemented for `u16`","suggested_replacement":null,"suggestion_applicability":null,"expansion":{"span":{"file_name":"src/diesel_impl/cart.rs","byte_start":1341,"byte_end":1352,"line_start":56,"line_end":56,"column_start":24,"column_end":35,"is_primary":false,"text":[{"text":"#[derive(Debug, Clone, AsChangeset)]","highlight_start":24,"highlight_end":35}],"label":null,"suggested_replacement":null,"suggestion_applicability":null,"expansion":null},"macro_decl_name":"#[derive(AsChangeset)]","def_site_span":{"file_name":"/Users/alainsst/.cargo/registry/src/github.com-1ecc6299db9ec823/diesel_derives-1.4.1/src/lib.rs","byte_start":1141,"byte_end":1202,"line_start":56,"line_end":56,"column_start":1,"column_end":62,"is_primary":false,"text":[{"text":"pub fn derive_as_changeset(input: TokenStream) -> TokenStream {","highlight_start":1,"highlight_end":62}],"label":null,"suggested_replacement":null,"suggestion_applicability":null,"expansion":null}}}],"children":[{"message":"the following other types implement trait `AppearsOnTable<QS>`:\n  <&'a T as AppearsOnTable<QS>>\n  <(A, B) as AppearsOnTable<QS>>\n  <(A, B, C) as AppearsOnTable<QS>>\n  <(A, B, C, D) as AppearsOnTable<QS>>\n  <(A, B, C, D, E) as AppearsOnTable<QS>>\n  <(A, B, C, D, E, F) as AppearsOnTable<QS>>\n  <(A, B, C, D, E, F, G) as AppearsOnTable<QS>>\n  <(A, B, C, D, E, F, G, H) as AppearsOnTable<QS>>\nand 119 others","code":null,"level":"help","spans":[],"children":[],"rendered":null},{"message":"required because of the requirements on the impl of `AppearsOnTable<schema::carts::table>` for `&u16`","code":null,"level":"note","spans":[],"children":[],"rendered":null},{"message":"required because of the requirements on the impl of `AsChangeset` for `diesel::expression::operators::Eq<schema::carts::columns::total, &u16>`","code":null,"level":"note","spans":[],"children":[],"rendered":null}],"rendered":"\u001b[0m\u001b[1m\u001b[38;5;9merror[E0277]\u001b[0m\u001b[0m\u001b[1m: the trait bound `u16: AppearsOnTable<schema::carts::table>` is not satisfied\u001b[0m\n\u001b[0m  \u001b[0m\u001b[0m\u001b[1m\u001b[38;5;12m--> \u001b[0m\u001b[0msrc/diesel_impl/cart.rs:56:24\u001b[0m\n\u001b[0m   \u001b[0m\u001b[0m\u001b[1m\u001b[38;5;12m|\u001b[0m\n\u001b[0m\u001b[1m\u001b[38;5;12m56\u001b[0m\u001b[0m \u001b[0m\u001b[0m\u001b[1m\u001b[38;5;12m| \u001b[0m\u001b[0m#[derive(Debug, Clone, AsChangeset)]\u001b[0m\n\u001b[0m   \u001b[0m\u001b[0m\u001b[1m\u001b[38;5;12m| \u001b[0m\u001b[0m                       \u001b[0m\u001b[0m\u001b[1m\u001b[38;5;9m^^^^^^^^^^^\u001b[0m\u001b[0m \u001b[0m\u001b[0m\u001b[1m\u001b[38;5;9mthe trait `AppearsOnTable<schema::carts::table>` is not implemented for `u16`\u001b[0m\n\u001b[0m   \u001b[0m\u001b[0m\u001b[1m\u001b[38;5;12m|\u001b[0m\n\u001b[0m   \u001b[0m\u001b[0m\u001b[1m\u001b[38;5;12m= \u001b[0m\u001b[0m\u001b[1mhelp\u001b[0m\u001b[0m: the following other types implement trait `AppearsOnTable<QS>`:\u001b[0m\n\u001b[0m             <&'a T as AppearsOnTable<QS>>\u001b[0m\n\u001b[0m             <(A, B) as AppearsOnTable<QS>>\u001b[0m\n\u001b[0m             <(A, B, C) as AppearsOnTable<QS>>\u001b[0m\n\u001b[0m             <(A, B, C, D) as AppearsOnTable<QS>>\u001b[0m\n\u001b[0m             <(A, B, C, D, E) as AppearsOnTable<QS>>\u001b[0m\n\u001b[0m             <(A, B, C, D, E, F) as AppearsOnTable<QS>>\u001b[0m\n\u001b[0m             <(A, B, C, D, E, F, G) as AppearsOnTable<QS>>\u001b[0m\n\u001b[0m             <(A, B, C, D, E, F, G, H) as AppearsOnTable<QS>>\u001b[0m\n\u001b[0m           and 119 others\u001b[0m\n\u001b[0m   \u001b[0m\u001b[0m\u001b[1m\u001b[38;5;12m= \u001b[0m\u001b[0m\u001b[1mnote\u001b[0m\u001b[0m: required because of the requirements on the impl of `AppearsOnTable<schema::carts::table>` for `&u16`\u001b[0m\n\u001b[0m   \u001b[0m\u001b[0m\u001b[1m\u001b[38;5;12m= \u001b[0m\u001b[0m\u001b[1mnote\u001b[0m\u001b[0m: required because of the requirements on the impl of `AsChangeset` for `diesel::expression::operators::Eq<schema::carts::columns::total, &u16>`\u001b[0m\n\u001b[0m   \u001b[0m\u001b[0m\u001b[1m\u001b[38;5;12m= \u001b[0m\u001b[0m\u001b[1mnote\u001b[0m\u001b[0m: this error originates in the derive macro `AsChangeset` (in Nightly builds, run with -Z macro-backtrace for more info)\u001b[0m\n\n"}
{"message":"the trait bound `u16: AppearsOnTable<schema::carts::table>` is not satisfied","code":{"code":"E0277","explanation":"You tried to use a type which doesn't implement some trait in a place which\nexpected that trait.\n\nErroneous code example:\n\n```compile_fail,E0277\n// here we declare the Foo trait with a bar method\ntrait Foo {\n    fn bar(&self);\n}\n\n// we now declare a function which takes an object implementing the Foo trait\nfn some_func<T: Foo>(foo: T) {\n    foo.bar();\n}\n\nfn main() {\n    // we now call the method with the i32 type, which doesn't implement\n    // the Foo trait\n    some_func(5i32); // error: the trait bound `i32 : Foo` is not satisfied\n}\n```\n\nIn order to fix this error, verify that the type you're using does implement\nthe trait. Example:\n\n```\ntrait Foo {\n    fn bar(&self);\n}\n\n// we implement the trait on the i32 type\nimpl Foo for i32 {\n    fn bar(&self) {}\n}\n\nfn some_func<T: Foo>(foo: T) {\n    foo.bar(); // we can now use this method since i32 implements the\n               // Foo trait\n}\n\nfn main() {\n    some_func(5i32); // ok!\n}\n```\n\nOr in a generic context, an erroneous code example would look like:\n\n```compile_fail,E0277\nfn some_func<T>(foo: T) {\n    println!(\"{:?}\", foo); // error: the trait `core::fmt::Debug` is not\n                           //        implemented for the type `T`\n}\n\nfn main() {\n    // We now call the method with the i32 type,\n    // which *does* implement the Debug trait.\n    some_func(5i32);\n}\n```\n\nNote that the error here is in the definition of the generic function. Although\nwe only call it with a parameter that does implement `Debug`, the compiler\nstill rejects the function. It must work with all possible input types. In\norder to make this example compile, we need to restrict the generic type we're\naccepting:\n\n```\nuse std::fmt;\n\n// Restrict the input type to types that implement Debug.\nfn some_func<T: fmt::Debug>(foo: T) {\n    println!(\"{:?}\", foo);\n}\n\nfn main() {\n    // Calling the method is still fine, as i32 implements Debug.\n    some_func(5i32);\n\n    // This would fail to compile now:\n    // struct WithoutDebug;\n    // some_func(WithoutDebug);\n}\n```\n\nRust only looks at the signature of the called function, as such it must\nalready specify all requirements that will be used for every type parameter.\n"},"level":"error","spans":[{"file_name":"src/diesel_impl/cart.rs","byte_start":1341,"byte_end":1352,"line_start":56,"line_end":56,"column_start":24,"column_end":35,"is_primary":true,"text":[{"text":"#[derive(Debug, Clone, AsChangeset)]","highlight_start":24,"highlight_end":35}],"label":"the trait `AppearsOnTable<schema::carts::table>` is not implemented for `u16`","suggested_replacement":null,"suggestion_applicability":null,"expansion":{"span":{"file_name":"src/diesel_impl/cart.rs","byte_start":1341,"byte_end":1352,"line_start":56,"line_end":56,"column_start":24,"column_end":35,"is_primary":false,"text":[{"text":"#[derive(Debug, Clone, AsChangeset)]","highlight_start":24,"highlight_end":35}],"label":null,"suggested_replacement":null,"suggestion_applicability":null,"expansion":null},"macro_decl_name":"#[derive(AsChangeset)]","def_site_span":{"file_name":"/Users/alainsst/.cargo/registry/src/github.com-1ecc6299db9ec823/diesel_derives-1.4.1/src/lib.rs","byte_start":1141,"byte_end":1202,"line_start":56,"line_end":56,"column_start":1,"column_end":62,"is_primary":false,"text":[{"text":"pub fn derive_as_changeset(input: TokenStream) -> TokenStream {","highlight_start":1,"highlight_end":62}],"label":null,"suggested_replacement":null,"suggestion_applicability":null,"expansion":null}}}],"children":[{"message":"the following other types implement trait `AppearsOnTable<QS>`:\n  <&'a T as AppearsOnTable<QS>>\n  <(A, B) as AppearsOnTable<QS>>\n  <(A, B, C) as AppearsOnTable<QS>>\n  <(A, B, C, D) as AppearsOnTable<QS>>\n  <(A, B, C, D, E) as AppearsOnTable<QS>>\n  <(A, B, C, D, E, F) as AppearsOnTable<QS>>\n  <(A, B, C, D, E, F, G) as AppearsOnTable<QS>>\n  <(A, B, C, D, E, F, G, H) as AppearsOnTable<QS>>\nand 119 others","code":null,"level":"help","spans":[],"children":[],"rendered":null},{"message":"required because of the requirements on the impl of `AsChangeset` for `diesel::expression::operators::Eq<schema::carts::columns::total, u16>`","code":null,"level":"note","spans":[],"children":[],"rendered":null}],"rendered":"\u001b[0m\u001b[1m\u001b[38;5;9merror[E0277]\u001b[0m\u001b[0m\u001b[1m: the trait bound `u16: AppearsOnTable<schema::carts::table>` is not satisfied\u001b[0m\n\u001b[0m  \u001b[0m\u001b[0m\u001b[1m\u001b[38;5;12m--> \u001b[0m\u001b[0msrc/diesel_impl/cart.rs:56:24\u001b[0m\n\u001b[0m   \u001b[0m\u001b[0m\u001b[1m\u001b[38;5;12m|\u001b[0m\n\u001b[0m\u001b[1m\u001b[38;5;12m56\u001b[0m\u001b[0m \u001b[0m\u001b[0m\u001b[1m\u001b[38;5;12m| \u001b[0m\u001b[0m#[derive(Debug, Clone, AsChangeset)]\u001b[0m\n\u001b[0m   \u001b[0m\u001b[0m\u001b[1m\u001b[38;5;12m| \u001b[0m\u001b[0m                       \u001b[0m\u001b[0m\u001b[1m\u001b[38;5;9m^^^^^^^^^^^\u001b[0m\u001b[0m \u001b[0m\u001b[0m\u001b[1m\u001b[38;5;9mthe trait `AppearsOnTable<schema::carts::table>` is not implemented for `u16`\u001b[0m\n\u001b[0m   \u001b[0m\u001b[0m\u001b[1m\u001b[38;5;12m|\u001b[0m\n\u001b[0m   \u001b[0m\u001b[0m\u001b[1m\u001b[38;5;12m= \u001b[0m\u001b[0m\u001b[1mhelp\u001b[0m\u001b[0m: the following other types implement trait `AppearsOnTable<QS>`:\u001b[0m\n\u001b[0m             <&'a T as AppearsOnTable<QS>>\u001b[0m\n\u001b[0m             <(A, B) as AppearsOnTable<QS>>\u001b[0m\n\u001b[0m             <(A, B, C) as AppearsOnTable<QS>>\u001b[0m\n\u001b[0m             <(A, B, C, D) as AppearsOnTable<QS>>\u001b[0m\n\u001b[0m             <(A, B, C, D, E) as AppearsOnTable<QS>>\u001b[0m\n\u001b[0m             <(A, B, C, D, E, F) as AppearsOnTable<QS>>\u001b[0m\n\u001b[0m             <(A, B, C, D, E, F, G) as AppearsOnTable<QS>>\u001b[0m\n\u001b[0m             <(A, B, C, D, E, F, G, H) as AppearsOnTable<QS>>\u001b[0m\n\u001b[0m           and 119 others\u001b[0m\n\u001b[0m   \u001b[0m\u001b[0m\u001b[1m\u001b[38;5;12m= \u001b[0m\u001b[0m\u001b[1mnote\u001b[0m\u001b[0m: required because of the requirements on the impl of `AsChangeset` for `diesel::expression::operators::Eq<schema::carts::columns::total, u16>`\u001b[0m\n\u001b[0m   \u001b[0m\u001b[0m\u001b[1m\u001b[38;5;12m= \u001b[0m\u001b[0m\u001b[1mnote\u001b[0m\u001b[0m: this error originates in the derive macro `AsChangeset` (in Nightly builds, run with -Z macro-backtrace for more info)\u001b[0m\n\n"}
{"message":"the trait bound `u16: diesel::Expression` is not satisfied","code":{"code":"E0277","explanation":"You tried to use a type which doesn't implement some trait in a place which\nexpected that trait.\n\nErroneous code example:\n\n```compile_fail,E0277\n// here we declare the Foo trait with a bar method\ntrait Foo {\n    fn bar(&self);\n}\n\n// we now declare a function which takes an object implementing the Foo trait\nfn some_func<T: Foo>(foo: T) {\n    foo.bar();\n}\n\nfn main() {\n    // we now call the method with the i32 type, which doesn't implement\n    // the Foo trait\n    some_func(5i32); // error: the trait bound `i32 : Foo` is not satisfied\n}\n```\n\nIn order to fix this error, verify that the type you're using does implement\nthe trait. Example:\n\n```\ntrait Foo {\n    fn bar(&self);\n}\n\n// we implement the trait on the i32 type\nimpl Foo for i32 {\n    fn bar(&self) {}\n}\n\nfn some_func<T: Foo>(foo: T) {\n    foo.bar(); // we can now use this method since i32 implements the\n               // Foo trait\n}\n\nfn main() {\n    some_func(5i32); // ok!\n}\n```\n\nOr in a generic context, an erroneous code example would look like:\n\n```compile_fail,E0277\nfn some_func<T>(foo: T) {\n    println!(\"{:?}\", foo); // error: the trait `core::fmt::Debug` is not\n                           //        implemented for the type `T`\n}\n\nfn main() {\n    // We now call the method with the i32 type,\n    // which *does* implement the Debug trait.\n    some_func(5i32);\n}\n```\n\nNote that the error here is in the definition of the generic function. Although\nwe only call it with a parameter that does implement `Debug`, the compiler\nstill rejects the function. It must work with all possible input types. In\norder to make this example compile, we need to restrict the generic type we're\naccepting:\n\n```\nuse std::fmt;\n\n// Restrict the input type to types that implement Debug.\nfn some_func<T: fmt::Debug>(foo: T) {\n    println!(\"{:?}\", foo);\n}\n\nfn main() {\n    // Calling the method is still fine, as i32 implements Debug.\n    some_func(5i32);\n\n    // This would fail to compile now:\n    // struct WithoutDebug;\n    // some_func(WithoutDebug);\n}\n```\n\nRust only looks at the signature of the called function, as such it must\nalready specify all requirements that will be used for every type parameter.\n"},"level":"error","spans":[{"file_name":"src/diesel_impl/cartItem.rs","byte_start":397,"byte_end":407,"line_start":17,"line_end":17,"column_start":21,"column_end":31,"is_primary":true,"text":[{"text":"#[derive(Queryable, Insertable)]","highlight_start":21,"highlight_end":31}],"label":"the trait `diesel::Expression` is not implemented for `u16`","suggested_replacement":null,"suggestion_applicability":null,"expansion":{"span":{"file_name":"src/diesel_impl/cartItem.rs","byte_start":397,"byte_end":407,"line_start":17,"line_end":17,"column_start":21,"column_end":31,"is_primary":false,"text":[{"text":"#[derive(Queryable, Insertable)]","highlight_start":21,"highlight_end":31}],"label":null,"suggested_replacement":null,"suggestion_applicability":null,"expansion":null},"macro_decl_name":"#[derive(Insertable)]","def_site_span":{"file_name":"/Users/alainsst/.cargo/registry/src/github.com-1ecc6299db9ec823/diesel_derives-1.4.1/src/lib.rs","byte_start":2243,"byte_end":2302,"line_start":86,"line_end":86,"column_start":1,"column_end":60,"is_primary":false,"text":[{"text":"pub fn derive_insertable(input: TokenStream) -> TokenStream {","highlight_start":1,"highlight_end":60}],"label":null,"suggested_replacement":null,"suggestion_applicability":null,"expansion":null}}}],"children":[{"message":"the following other types implement trait `diesel::Expression`:\n  &'a T\n  (A, B)\n  (A, B, C)\n  (A, B, C, D)\n  (A, B, C, D, E)\n  (A, B, C, D, E, F)\n  (A, B, C, D, E, F, G)\n  (A, B, C, D, E, F, G, H)\nand 119 others","code":null,"level":"help","spans":[],"children":[],"rendered":null},{"message":"required because of the requirements on the impl of `AsExpression<Integer>` for `u16`","code":null,"level":"note","spans":[],"children":[],"rendered":null}],"rendered":"\u001b[0m\u001b[1m\u001b[38;5;9merror[E0277]\u001b[0m\u001b[0m\u001b[1m: the trait bound `u16: diesel::Expression` is not satisfied\u001b[0m\n\u001b[0m  \u001b[0m\u001b[0m\u001b[1m\u001b[38;5;12m--> \u001b[0m\u001b[0msrc/diesel_impl/cartItem.rs:17:21\u001b[0m\n\u001b[0m   \u001b[0m\u001b[0m\u001b[1m\u001b[38;5;12m|\u001b[0m\n\u001b[0m\u001b[1m\u001b[38;5;12m17\u001b[0m\u001b[0m \u001b[0m\u001b[0m\u001b[1m\u001b[38;5;12m| \u001b[0m\u001b[0m#[derive(Queryable, Insertable)]\u001b[0m\n\u001b[0m   \u001b[0m\u001b[0m\u001b[1m\u001b[38;5;12m| \u001b[0m\u001b[0m                    \u001b[0m\u001b[0m\u001b[1m\u001b[38;5;9m^^^^^^^^^^\u001b[0m\u001b[0m \u001b[0m\u001b[0m\u001b[1m\u001b[38;5;9mthe trait `diesel::Expression` is not implemented for `u16`\u001b[0m\n\u001b[0m   \u001b[0m\u001b[0m\u001b[1m\u001b[38;5;12m|\u001b[0m\n\u001b[0m   \u001b[0m\u001b[0m\u001b[1m\u001b[38;5;12m= \u001b[0m\u001b[0m\u001b[1mhelp\u001b[0m\u001b[0m: the following other types implement trait `diesel::Expression`:\u001b[0m\n\u001b[0m             &'a T\u001b[0m\n\u001b[0m             (A, B)\u001b[0m\n\u001b[0m             (A, B, C)\u001b[0m\n\u001b[0m             (A, B, C, D)\u001b[0m\n\u001b[0m             (A, B, C, D, E)\u001b[0m\n\u001b[0m             (A, B, C, D, E, F)\u001b[0m\n\u001b[0m             (A, B, C, D, E, F, G)\u001b[0m\n\u001b[0m             (A, B, C, D, E, F, G, H)\u001b[0m\n\u001b[0m           and 119 others\u001b[0m\n\u001b[0m   \u001b[0m\u001b[0m\u001b[1m\u001b[38;5;12m= \u001b[0m\u001b[0m\u001b[1mnote\u001b[0m\u001b[0m: required because of the requirements on the impl of `AsExpression<Integer>` for `u16`\u001b[0m\n\u001b[0m   \u001b[0m\u001b[0m\u001b[1m\u001b[38;5;12m= \u001b[0m\u001b[0m\u001b[1mnote\u001b[0m\u001b[0m: this error originates in the derive macro `Insertable` (in Nightly builds, run with -Z macro-backtrace for more info)\u001b[0m\n\n"}
{"message":"the trait bound `NaiveDateTime: diesel::Expression` is not satisfied","code":{"code":"E0277","explanation":"You tried to use a type which doesn't implement some trait in a place which\nexpected that trait.\n\nErroneous code example:\n\n```compile_fail,E0277\n// here we declare the Foo trait with a bar method\ntrait Foo {\n    fn bar(&self);\n}\n\n// we now declare a function which takes an object implementing the Foo trait\nfn some_func<T: Foo>(foo: T) {\n    foo.bar();\n}\n\nfn main() {\n    // we now call the method with the i32 type, which doesn't implement\n    // the Foo trait\n    some_func(5i32); // error: the trait bound `i32 : Foo` is not satisfied\n}\n```\n\nIn order to fix this error, verify that the type you're using does implement\nthe trait. Example:\n\n```\ntrait Foo {\n    fn bar(&self);\n}\n\n// we implement the trait on the i32 type\nimpl Foo for i32 {\n    fn bar(&self) {}\n}\n\nfn some_func<T: Foo>(foo: T) {\n    foo.bar(); // we can now use this method since i32 implements the\n               // Foo trait\n}\n\nfn main() {\n    some_func(5i32); // ok!\n}\n```\n\nOr in a generic context, an erroneous code example would look like:\n\n```compile_fail,E0277\nfn some_func<T>(foo: T) {\n    println!(\"{:?}\", foo); // error: the trait `core::fmt::Debug` is not\n                           //        implemented for the type `T`\n}\n\nfn main() {\n    // We now call the method with the i32 type,\n    // which *does* implement the Debug trait.\n    some_func(5i32);\n}\n```\n\nNote that the error here is in the definition of the generic function. Although\nwe only call it with a parameter that does implement `Debug`, the compiler\nstill rejects the function. It must work with all possible input types. In\norder to make this example compile, we need to restrict the generic type we're\naccepting:\n\n```\nuse std::fmt;\n\n// Restrict the input type to types that implement Debug.\nfn some_func<T: fmt::Debug>(foo: T) {\n    println!(\"{:?}\", foo);\n}\n\nfn main() {\n    // Calling the method is still fine, as i32 implements Debug.\n    some_func(5i32);\n\n    // This would fail to compile now:\n    // struct WithoutDebug;\n    // some_func(WithoutDebug);\n}\n```\n\nRust only looks at the signature of the called function, as such it must\nalready specify all requirements that will be used for every type parameter.\n"},"level":"error","spans":[{"file_name":"src/diesel_impl/cartItem.rs","byte_start":397,"byte_end":407,"line_start":17,"line_end":17,"column_start":21,"column_end":31,"is_primary":true,"text":[{"text":"#[derive(Queryable, Insertable)]","highlight_start":21,"highlight_end":31}],"label":"the trait `diesel::Expression` is not implemented for `NaiveDateTime`","suggested_replacement":null,"suggestion_applicability":null,"expansion":{"span":{"file_name":"src/diesel_impl/cartItem.rs","byte_start":397,"byte_end":407,"line_start":17,"line_end":17,"column_start":21,"column_end":31,"is_primary":false,"text":[{"text":"#[derive(Queryable, Insertable)]","highlight_start":21,"highlight_end":31}],"label":null,"suggested_replacement":null,"suggestion_applicability":null,"expansion":null},"macro_decl_name":"#[derive(Insertable)]","def_site_span":{"file_name":"/Users/alainsst/.cargo/registry/src/github.com-1ecc6299db9ec823/diesel_derives-1.4.1/src/lib.rs","byte_start":2243,"byte_end":2302,"line_start":86,"line_end":86,"column_start":1,"column_end":60,"is_primary":false,"text":[{"text":"pub fn derive_insertable(input: TokenStream) -> TokenStream {","highlight_start":1,"highlight_end":60}],"label":null,"suggested_replacement":null,"suggestion_applicability":null,"expansion":null}}}],"children":[{"message":"the following other types implement trait `diesel::Expression`:\n  &'a T\n  (A, B)\n  (A, B, C)\n  (A, B, C, D)\n  (A, B, C, D, E)\n  (A, B, C, D, E, F)\n  (A, B, C, D, E, F, G)\n  (A, B, C, D, E, F, G, H)\nand 119 others","code":null,"level":"help","spans":[],"children":[],"rendered":null},{"message":"required because of the requirements on the impl of `AsExpression<diesel::sql_types::Nullable<diesel::sql_types::Time>>` for `NaiveDateTime`","code":null,"level":"note","spans":[],"children":[],"rendered":null}],"rendered":"\u001b[0m\u001b[1m\u001b[38;5;9merror[E0277]\u001b[0m\u001b[0m\u001b[1m: the trait bound `NaiveDateTime: diesel::Expression` is not satisfied\u001b[0m\n\u001b[0m  \u001b[0m\u001b[0m\u001b[1m\u001b[38;5;12m--> \u001b[0m\u001b[0msrc/diesel_impl/cartItem.rs:17:21\u001b[0m\n\u001b[0m   \u001b[0m\u001b[0m\u001b[1m\u001b[38;5;12m|\u001b[0m\n\u001b[0m\u001b[1m\u001b[38;5;12m17\u001b[0m\u001b[0m \u001b[0m\u001b[0m\u001b[1m\u001b[38;5;12m| \u001b[0m\u001b[0m#[derive(Queryable, Insertable)]\u001b[0m\n\u001b[0m   \u001b[0m\u001b[0m\u001b[1m\u001b[38;5;12m| \u001b[0m\u001b[0m                    \u001b[0m\u001b[0m\u001b[1m\u001b[38;5;9m^^^^^^^^^^\u001b[0m\u001b[0m \u001b[0m\u001b[0m\u001b[1m\u001b[38;5;9mthe trait `diesel::Expression` is not implemented for `NaiveDateTime`\u001b[0m\n\u001b[0m   \u001b[0m\u001b[0m\u001b[1m\u001b[38;5;12m|\u001b[0m\n\u001b[0m   \u001b[0m\u001b[0m\u001b[1m\u001b[38;5;12m= \u001b[0m\u001b[0m\u001b[1mhelp\u001b[0m\u001b[0m: the following other types implement trait `diesel::Expression`:\u001b[0m\n\u001b[0m             &'a T\u001b[0m\n\u001b[0m             (A, B)\u001b[0m\n\u001b[0m             (A, B, C)\u001b[0m\n\u001b[0m             (A, B, C, D)\u001b[0m\n\u001b[0m             (A, B, C, D, E)\u001b[0m\n\u001b[0m             (A, B, C, D, E, F)\u001b[0m\n\u001b[0m             (A, B, C, D, E, F, G)\u001b[0m\n\u001b[0m             (A, B, C, D, E, F, G, H)\u001b[0m\n\u001b[0m           and 119 others\u001b[0m\n\u001b[0m   \u001b[0m\u001b[0m\u001b[1m\u001b[38;5;12m= \u001b[0m\u001b[0m\u001b[1mnote\u001b[0m\u001b[0m: required because of the requirements on the impl of `AsExpression<diesel::sql_types::Nullable<diesel::sql_types::Time>>` for `NaiveDateTime`\u001b[0m\n\u001b[0m   \u001b[0m\u001b[0m\u001b[1m\u001b[38;5;12m= \u001b[0m\u001b[0m\u001b[1mnote\u001b[0m\u001b[0m: this error originates in the derive macro `Insertable` (in Nightly builds, run with -Z macro-backtrace for more info)\u001b[0m\n\n"}
{"message":"the trait bound `u16: diesel::Expression` is not satisfied","code":{"code":"E0277","explanation":"You tried to use a type which doesn't implement some trait in a place which\nexpected that trait.\n\nErroneous code example:\n\n```compile_fail,E0277\n// here we declare the Foo trait with a bar method\ntrait Foo {\n    fn bar(&self);\n}\n\n// we now declare a function which takes an object implementing the Foo trait\nfn some_func<T: Foo>(foo: T) {\n    foo.bar();\n}\n\nfn main() {\n    // we now call the method with the i32 type, which doesn't implement\n    // the Foo trait\n    some_func(5i32); // error: the trait bound `i32 : Foo` is not satisfied\n}\n```\n\nIn order to fix this error, verify that the type you're using does implement\nthe trait. Example:\n\n```\ntrait Foo {\n    fn bar(&self);\n}\n\n// we implement the trait on the i32 type\nimpl Foo for i32 {\n    fn bar(&self) {}\n}\n\nfn some_func<T: Foo>(foo: T) {\n    foo.bar(); // we can now use this method since i32 implements the\n               // Foo trait\n}\n\nfn main() {\n    some_func(5i32); // ok!\n}\n```\n\nOr in a generic context, an erroneous code example would look like:\n\n```compile_fail,E0277\nfn some_func<T>(foo: T) {\n    println!(\"{:?}\", foo); // error: the trait `core::fmt::Debug` is not\n                           //        implemented for the type `T`\n}\n\nfn main() {\n    // We now call the method with the i32 type,\n    // which *does* implement the Debug trait.\n    some_func(5i32);\n}\n```\n\nNote that the error here is in the definition of the generic function. Although\nwe only call it with a parameter that does implement `Debug`, the compiler\nstill rejects the function. It must work with all possible input types. In\norder to make this example compile, we need to restrict the generic type we're\naccepting:\n\n```\nuse std::fmt;\n\n// Restrict the input type to types that implement Debug.\nfn some_func<T: fmt::Debug>(foo: T) {\n    println!(\"{:?}\", foo);\n}\n\nfn main() {\n    // Calling the method is still fine, as i32 implements Debug.\n    some_func(5i32);\n\n    // This would fail to compile now:\n    // struct WithoutDebug;\n    // some_func(WithoutDebug);\n}\n```\n\nRust only looks at the signature of the called function, as such it must\nalready specify all requirements that will be used for every type parameter.\n"},"level":"error","spans":[{"file_name":"src/diesel_impl/cartItem.rs","byte_start":397,"byte_end":407,"line_start":17,"line_end":17,"column_start":21,"column_end":31,"is_primary":true,"text":[{"text":"#[derive(Queryable, Insertable)]","highlight_start":21,"highlight_end":31}],"label":"the trait `diesel::Expression` is not implemented for `u16`","suggested_replacement":null,"suggestion_applicability":null,"expansion":{"span":{"file_name":"src/diesel_impl/cartItem.rs","byte_start":397,"byte_end":407,"line_start":17,"line_end":17,"column_start":21,"column_end":31,"is_primary":false,"text":[{"text":"#[derive(Queryable, Insertable)]","highlight_start":21,"highlight_end":31}],"label":null,"suggested_replacement":null,"suggestion_applicability":null,"expansion":null},"macro_decl_name":"#[derive(Insertable)]","def_site_span":{"file_name":"/Users/alainsst/.cargo/registry/src/github.com-1ecc6299db9ec823/diesel_derives-1.4.1/src/lib.rs","byte_start":2243,"byte_end":2302,"line_start":86,"line_end":86,"column_start":1,"column_end":60,"is_primary":false,"text":[{"text":"pub fn derive_insertable(input: TokenStream) -> TokenStream {","highlight_start":1,"highlight_end":60}],"label":null,"suggested_replacement":null,"suggestion_applicability":null,"expansion":null}}}],"children":[{"message":"the following other types implement trait `diesel::Expression`:\n  &'a T\n  (A, B)\n  (A, B, C)\n  (A, B, C, D)\n  (A, B, C, D, E)\n  (A, B, C, D, E, F)\n  (A, B, C, D, E, F, G)\n  (A, B, C, D, E, F, G, H)\nand 119 others","code":null,"level":"help","spans":[],"children":[],"rendered":null},{"message":"required because of the requirements on the impl of `diesel::Expression` for `&'insert u16`","code":null,"level":"note","spans":[],"children":[],"rendered":null},{"message":"required because of the requirements on the impl of `AsExpression<Integer>` for `&'insert u16`","code":null,"level":"note","spans":[],"children":[],"rendered":null}],"rendered":"\u001b[0m\u001b[1m\u001b[38;5;9merror[E0277]\u001b[0m\u001b[0m\u001b[1m: the trait bound `u16: diesel::Expression` is not satisfied\u001b[0m\n\u001b[0m  \u001b[0m\u001b[0m\u001b[1m\u001b[38;5;12m--> \u001b[0m\u001b[0msrc/diesel_impl/cartItem.rs:17:21\u001b[0m\n\u001b[0m   \u001b[0m\u001b[0m\u001b[1m\u001b[38;5;12m|\u001b[0m\n\u001b[0m\u001b[1m\u001b[38;5;12m17\u001b[0m\u001b[0m \u001b[0m\u001b[0m\u001b[1m\u001b[38;5;12m| \u001b[0m\u001b[0m#[derive(Queryable, Insertable)]\u001b[0m\n\u001b[0m   \u001b[0m\u001b[0m\u001b[1m\u001b[38;5;12m| \u001b[0m\u001b[0m                    \u001b[0m\u001b[0m\u001b[1m\u001b[38;5;9m^^^^^^^^^^\u001b[0m\u001b[0m \u001b[0m\u001b[0m\u001b[1m\u001b[38;5;9mthe trait `diesel::Expression` is not implemented for `u16`\u001b[0m\n\u001b[0m   \u001b[0m\u001b[0m\u001b[1m\u001b[38;5;12m|\u001b[0m\n\u001b[0m   \u001b[0m\u001b[0m\u001b[1m\u001b[38;5;12m= \u001b[0m\u001b[0m\u001b[1mhelp\u001b[0m\u001b[0m: the following other types implement trait `diesel::Expression`:\u001b[0m\n\u001b[0m             &'a T\u001b[0m\n\u001b[0m             (A, B)\u001b[0m\n\u001b[0m             (A, B, C)\u001b[0m\n\u001b[0m             (A, B, C, D)\u001b[0m\n\u001b[0m             (A, B, C, D, E)\u001b[0m\n\u001b[0m             (A, B, C, D, E, F)\u001b[0m\n\u001b[0m             (A, B, C, D, E, F, G)\u001b[0m\n\u001b[0m             (A, B, C, D, E, F, G, H)\u001b[0m\n\u001b[0m           and 119 others\u001b[0m\n\u001b[0m   \u001b[0m\u001b[0m\u001b[1m\u001b[38;5;12m= \u001b[0m\u001b[0m\u001b[1mnote\u001b[0m\u001b[0m: required because of the requirements on the impl of `diesel::Expression` for `&'insert u16`\u001b[0m\n\u001b[0m   \u001b[0m\u001b[0m\u001b[1m\u001b[38;5;12m= \u001b[0m\u001b[0m\u001b[1mnote\u001b[0m\u001b[0m: required because of the requirements on the impl of `AsExpression<Integer>` for `&'insert u16`\u001b[0m\n\u001b[0m   \u001b[0m\u001b[0m\u001b[1m\u001b[38;5;12m= \u001b[0m\u001b[0m\u001b[1mnote\u001b[0m\u001b[0m: this error originates in the derive macro `Insertable` (in Nightly builds, run with -Z macro-backtrace for more info)\u001b[0m\n\n"}
{"message":"the trait bound `NaiveDateTime: diesel::Expression` is not satisfied","code":{"code":"E0277","explanation":"You tried to use a type which doesn't implement some trait in a place which\nexpected that trait.\n\nErroneous code example:\n\n```compile_fail,E0277\n// here we declare the Foo trait with a bar method\ntrait Foo {\n    fn bar(&self);\n}\n\n// we now declare a function which takes an object implementing the Foo trait\nfn some_func<T: Foo>(foo: T) {\n    foo.bar();\n}\n\nfn main() {\n    // we now call the method with the i32 type, which doesn't implement\n    // the Foo trait\n    some_func(5i32); // error: the trait bound `i32 : Foo` is not satisfied\n}\n```\n\nIn order to fix this error, verify that the type you're using does implement\nthe trait. Example:\n\n```\ntrait Foo {\n    fn bar(&self);\n}\n\n// we implement the trait on the i32 type\nimpl Foo for i32 {\n    fn bar(&self) {}\n}\n\nfn some_func<T: Foo>(foo: T) {\n    foo.bar(); // we can now use this method since i32 implements the\n               // Foo trait\n}\n\nfn main() {\n    some_func(5i32); // ok!\n}\n```\n\nOr in a generic context, an erroneous code example would look like:\n\n```compile_fail,E0277\nfn some_func<T>(foo: T) {\n    println!(\"{:?}\", foo); // error: the trait `core::fmt::Debug` is not\n                           //        implemented for the type `T`\n}\n\nfn main() {\n    // We now call the method with the i32 type,\n    // which *does* implement the Debug trait.\n    some_func(5i32);\n}\n```\n\nNote that the error here is in the definition of the generic function. Although\nwe only call it with a parameter that does implement `Debug`, the compiler\nstill rejects the function. It must work with all possible input types. In\norder to make this example compile, we need to restrict the generic type we're\naccepting:\n\n```\nuse std::fmt;\n\n// Restrict the input type to types that implement Debug.\nfn some_func<T: fmt::Debug>(foo: T) {\n    println!(\"{:?}\", foo);\n}\n\nfn main() {\n    // Calling the method is still fine, as i32 implements Debug.\n    some_func(5i32);\n\n    // This would fail to compile now:\n    // struct WithoutDebug;\n    // some_func(WithoutDebug);\n}\n```\n\nRust only looks at the signature of the called function, as such it must\nalready specify all requirements that will be used for every type parameter.\n"},"level":"error","spans":[{"file_name":"src/diesel_impl/cartItem.rs","byte_start":397,"byte_end":407,"line_start":17,"line_end":17,"column_start":21,"column_end":31,"is_primary":true,"text":[{"text":"#[derive(Queryable, Insertable)]","highlight_start":21,"highlight_end":31}],"label":"the trait `diesel::Expression` is not implemented for `NaiveDateTime`","suggested_replacement":null,"suggestion_applicability":null,"expansion":{"span":{"file_name":"src/diesel_impl/cartItem.rs","byte_start":397,"byte_end":407,"line_start":17,"line_end":17,"column_start":21,"column_end":31,"is_primary":false,"text":[{"text":"#[derive(Queryable, Insertable)]","highlight_start":21,"highlight_end":31}],"label":null,"suggested_replacement":null,"suggestion_applicability":null,"expansion":null},"macro_decl_name":"#[derive(Insertable)]","def_site_span":{"file_name":"/Users/alainsst/.cargo/registry/src/github.com-1ecc6299db9ec823/diesel_derives-1.4.1/src/lib.rs","byte_start":2243,"byte_end":2302,"line_start":86,"line_end":86,"column_start":1,"column_end":60,"is_primary":false,"text":[{"text":"pub fn derive_insertable(input: TokenStream) -> TokenStream {","highlight_start":1,"highlight_end":60}],"label":null,"suggested_replacement":null,"suggestion_applicability":null,"expansion":null}}}],"children":[{"message":"the following other types implement trait `diesel::Expression`:\n  &'a T\n  (A, B)\n  (A, B, C)\n  (A, B, C, D)\n  (A, B, C, D, E)\n  (A, B, C, D, E, F)\n  (A, B, C, D, E, F, G)\n  (A, B, C, D, E, F, G, H)\nand 119 others","code":null,"level":"help","spans":[],"children":[],"rendered":null},{"message":"required because of the requirements on the impl of `diesel::Expression` for `&'insert NaiveDateTime`","code":null,"level":"note","spans":[],"children":[],"rendered":null},{"message":"required because of the requirements on the impl of `AsExpression<diesel::sql_types::Nullable<diesel::sql_types::Time>>` for `&'insert NaiveDateTime`","code":null,"level":"note","spans":[],"children":[],"rendered":null}],"rendered":"\u001b[0m\u001b[1m\u001b[38;5;9merror[E0277]\u001b[0m\u001b[0m\u001b[1m: the trait bound `NaiveDateTime: diesel::Expression` is not satisfied\u001b[0m\n\u001b[0m  \u001b[0m\u001b[0m\u001b[1m\u001b[38;5;12m--> \u001b[0m\u001b[0msrc/diesel_impl/cartItem.rs:17:21\u001b[0m\n\u001b[0m   \u001b[0m\u001b[0m\u001b[1m\u001b[38;5;12m|\u001b[0m\n\u001b[0m\u001b[1m\u001b[38;5;12m17\u001b[0m\u001b[0m \u001b[0m\u001b[0m\u001b[1m\u001b[38;5;12m| \u001b[0m\u001b[0m#[derive(Queryable, Insertable)]\u001b[0m\n\u001b[0m   \u001b[0m\u001b[0m\u001b[1m\u001b[38;5;12m| \u001b[0m\u001b[0m                    \u001b[0m\u001b[0m\u001b[1m\u001b[38;5;9m^^^^^^^^^^\u001b[0m\u001b[0m \u001b[0m\u001b[0m\u001b[1m\u001b[38;5;9mthe trait `diesel::Expression` is not implemented for `NaiveDateTime`\u001b[0m\n\u001b[0m   \u001b[0m\u001b[0m\u001b[1m\u001b[38;5;12m|\u001b[0m\n\u001b[0m   \u001b[0m\u001b[0m\u001b[1m\u001b[38;5;12m= \u001b[0m\u001b[0m\u001b[1mhelp\u001b[0m\u001b[0m: the following other types implement trait `diesel::Expression`:\u001b[0m\n\u001b[0m             &'a T\u001b[0m\n\u001b[0m             (A, B)\u001b[0m\n\u001b[0m             (A, B, C)\u001b[0m\n\u001b[0m             (A, B, C, D)\u001b[0m\n\u001b[0m             (A, B, C, D, E)\u001b[0m\n\u001b[0m             (A, B, C, D, E, F)\u001b[0m\n\u001b[0m             (A, B, C, D, E, F, G)\u001b[0m\n\u001b[0m             (A, B, C, D, E, F, G, H)\u001b[0m\n\u001b[0m           and 119 others\u001b[0m\n\u001b[0m   \u001b[0m\u001b[0m\u001b[1m\u001b[38;5;12m= \u001b[0m\u001b[0m\u001b[1mnote\u001b[0m\u001b[0m: required because of the requirements on the impl of `diesel::Expression` for `&'insert NaiveDateTime`\u001b[0m\n\u001b[0m   \u001b[0m\u001b[0m\u001b[1m\u001b[38;5;12m= \u001b[0m\u001b[0m\u001b[1mnote\u001b[0m\u001b[0m: required because of the requirements on the impl of `AsExpression<diesel::sql_types::Nullable<diesel::sql_types::Time>>` for `&'insert NaiveDateTime`\u001b[0m\n\u001b[0m   \u001b[0m\u001b[0m\u001b[1m\u001b[38;5;12m= \u001b[0m\u001b[0m\u001b[1mnote\u001b[0m\u001b[0m: this error originates in the derive macro `Insertable` (in Nightly builds, run with -Z macro-backtrace for more info)\u001b[0m\n\n"}
{"message":"the trait bound `u16: diesel::Expression` is not satisfied","code":{"code":"E0277","explanation":"You tried to use a type which doesn't implement some trait in a place which\nexpected that trait.\n\nErroneous code example:\n\n```compile_fail,E0277\n// here we declare the Foo trait with a bar method\ntrait Foo {\n    fn bar(&self);\n}\n\n// we now declare a function which takes an object implementing the Foo trait\nfn some_func<T: Foo>(foo: T) {\n    foo.bar();\n}\n\nfn main() {\n    // we now call the method with the i32 type, which doesn't implement\n    // the Foo trait\n    some_func(5i32); // error: the trait bound `i32 : Foo` is not satisfied\n}\n```\n\nIn order to fix this error, verify that the type you're using does implement\nthe trait. Example:\n\n```\ntrait Foo {\n    fn bar(&self);\n}\n\n// we implement the trait on the i32 type\nimpl Foo for i32 {\n    fn bar(&self) {}\n}\n\nfn some_func<T: Foo>(foo: T) {\n    foo.bar(); // we can now use this method since i32 implements the\n               // Foo trait\n}\n\nfn main() {\n    some_func(5i32); // ok!\n}\n```\n\nOr in a generic context, an erroneous code example would look like:\n\n```compile_fail,E0277\nfn some_func<T>(foo: T) {\n    println!(\"{:?}\", foo); // error: the trait `core::fmt::Debug` is not\n                           //        implemented for the type `T`\n}\n\nfn main() {\n    // We now call the method with the i32 type,\n    // which *does* implement the Debug trait.\n    some_func(5i32);\n}\n```\n\nNote that the error here is in the definition of the generic function. Although\nwe only call it with a parameter that does implement `Debug`, the compiler\nstill rejects the function. It must work with all possible input types. In\norder to make this example compile, we need to restrict the generic type we're\naccepting:\n\n```\nuse std::fmt;\n\n// Restrict the input type to types that implement Debug.\nfn some_func<T: fmt::Debug>(foo: T) {\n    println!(\"{:?}\", foo);\n}\n\nfn main() {\n    // Calling the method is still fine, as i32 implements Debug.\n    some_func(5i32);\n\n    // This would fail to compile now:\n    // struct WithoutDebug;\n    // some_func(WithoutDebug);\n}\n```\n\nRust only looks at the signature of the called function, as such it must\nalready specify all requirements that will be used for every type parameter.\n"},"level":"error","spans":[{"file_name":"src/diesel_impl/cartItem.rs","byte_start":397,"byte_end":407,"line_start":17,"line_end":17,"column_start":21,"column_end":31,"is_primary":true,"text":[{"text":"#[derive(Queryable, Insertable)]","highlight_start":21,"highlight_end":31}],"label":"the trait `diesel::Expression` is not implemented for `u16`","suggested_replacement":null,"suggestion_applicability":null,"expansion":{"span":{"file_name":"src/diesel_impl/cartItem.rs","byte_start":397,"byte_end":407,"line_start":17,"line_end":17,"column_start":21,"column_end":31,"is_primary":false,"text":[{"text":"#[derive(Queryable, Insertable)]","highlight_start":21,"highlight_end":31}],"label":null,"suggested_replacement":null,"suggestion_applicability":null,"expansion":null},"macro_decl_name":"#[derive(Insertable)]","def_site_span":{"file_name":"/Users/alainsst/.cargo/registry/src/github.com-1ecc6299db9ec823/diesel_derives-1.4.1/src/lib.rs","byte_start":2243,"byte_end":2302,"line_start":86,"line_end":86,"column_start":1,"column_end":60,"is_primary":false,"text":[{"text":"pub fn derive_insertable(input: TokenStream) -> TokenStream {","highlight_start":1,"highlight_end":60}],"label":null,"suggested_replacement":null,"suggestion_applicability":null,"expansion":null}}}],"children":[{"message":"the following other types implement trait `diesel::Expression`:\n  &'a T\n  (A, B)\n  (A, B, C)\n  (A, B, C, D)\n  (A, B, C, D, E)\n  (A, B, C, D, E, F)\n  (A, B, C, D, E, F, G)\n  (A, B, C, D, E, F, G, H)\nand 119 others","code":null,"level":"help","spans":[],"children":[],"rendered":null},{"message":"required because of the requirements on the impl of `diesel::Expression` for `&u16`","code":null,"level":"note","spans":[],"children":[],"rendered":null},{"message":"required because of the requirements on the impl of `AsExpression<Integer>` for `&u16`","code":null,"level":"note","spans":[],"children":[],"rendered":null}],"rendered":"\u001b[0m\u001b[1m\u001b[38;5;9merror[E0277]\u001b[0m\u001b[0m\u001b[1m: the trait bound `u16: diesel::Expression` is not satisfied\u001b[0m\n\u001b[0m  \u001b[0m\u001b[0m\u001b[1m\u001b[38;5;12m--> \u001b[0m\u001b[0msrc/diesel_impl/cartItem.rs:17:21\u001b[0m\n\u001b[0m   \u001b[0m\u001b[0m\u001b[1m\u001b[38;5;12m|\u001b[0m\n\u001b[0m\u001b[1m\u001b[38;5;12m17\u001b[0m\u001b[0m \u001b[0m\u001b[0m\u001b[1m\u001b[38;5;12m| \u001b[0m\u001b[0m#[derive(Queryable, Insertable)]\u001b[0m\n\u001b[0m   \u001b[0m\u001b[0m\u001b[1m\u001b[38;5;12m| \u001b[0m\u001b[0m                    \u001b[0m\u001b[0m\u001b[1m\u001b[38;5;9m^^^^^^^^^^\u001b[0m\u001b[0m \u001b[0m\u001b[0m\u001b[1m\u001b[38;5;9mthe trait `diesel::Expression` is not implemented for `u16`\u001b[0m\n\u001b[0m   \u001b[0m\u001b[0m\u001b[1m\u001b[38;5;12m|\u001b[0m\n\u001b[0m   \u001b[0m\u001b[0m\u001b[1m\u001b[38;5;12m= \u001b[0m\u001b[0m\u001b[1mhelp\u001b[0m\u001b[0m: the following other types implement trait `diesel::Expression`:\u001b[0m\n\u001b[0m             &'a T\u001b[0m\n\u001b[0m             (A, B)\u001b[0m\n\u001b[0m             (A, B, C)\u001b[0m\n\u001b[0m             (A, B, C, D)\u001b[0m\n\u001b[0m             (A, B, C, D, E)\u001b[0m\n\u001b[0m             (A, B, C, D, E, F)\u001b[0m\n\u001b[0m             (A, B, C, D, E, F, G)\u001b[0m\n\u001b[0m             (A, B, C, D, E, F, G, H)\u001b[0m\n\u001b[0m           and 119 others\u001b[0m\n\u001b[0m   \u001b[0m\u001b[0m\u001b[1m\u001b[38;5;12m= \u001b[0m\u001b[0m\u001b[1mnote\u001b[0m\u001b[0m: required because of the requirements on the impl of `diesel::Expression` for `&u16`\u001b[0m\n\u001b[0m   \u001b[0m\u001b[0m\u001b[1m\u001b[38;5;12m= \u001b[0m\u001b[0m\u001b[1mnote\u001b[0m\u001b[0m: required because of the requirements on the impl of `AsExpression<Integer>` for `&u16`\u001b[0m\n\u001b[0m   \u001b[0m\u001b[0m\u001b[1m\u001b[38;5;12m= \u001b[0m\u001b[0m\u001b[1mnote\u001b[0m\u001b[0m: this error originates in the derive macro `Insertable` (in Nightly builds, run with -Z macro-backtrace for more info)\u001b[0m\n\n"}
{"message":"the trait bound `NaiveDateTime: diesel::Expression` is not satisfied","code":{"code":"E0277","explanation":"You tried to use a type which doesn't implement some trait in a place which\nexpected that trait.\n\nErroneous code example:\n\n```compile_fail,E0277\n// here we declare the Foo trait with a bar method\ntrait Foo {\n    fn bar(&self);\n}\n\n// we now declare a function which takes an object implementing the Foo trait\nfn some_func<T: Foo>(foo: T) {\n    foo.bar();\n}\n\nfn main() {\n    // we now call the method with the i32 type, which doesn't implement\n    // the Foo trait\n    some_func(5i32); // error: the trait bound `i32 : Foo` is not satisfied\n}\n```\n\nIn order to fix this error, verify that the type you're using does implement\nthe trait. Example:\n\n```\ntrait Foo {\n    fn bar(&self);\n}\n\n// we implement the trait on the i32 type\nimpl Foo for i32 {\n    fn bar(&self) {}\n}\n\nfn some_func<T: Foo>(foo: T) {\n    foo.bar(); // we can now use this method since i32 implements the\n               // Foo trait\n}\n\nfn main() {\n    some_func(5i32); // ok!\n}\n```\n\nOr in a generic context, an erroneous code example would look like:\n\n```compile_fail,E0277\nfn some_func<T>(foo: T) {\n    println!(\"{:?}\", foo); // error: the trait `core::fmt::Debug` is not\n                           //        implemented for the type `T`\n}\n\nfn main() {\n    // We now call the method with the i32 type,\n    // which *does* implement the Debug trait.\n    some_func(5i32);\n}\n```\n\nNote that the error here is in the definition of the generic function. Although\nwe only call it with a parameter that does implement `Debug`, the compiler\nstill rejects the function. It must work with all possible input types. In\norder to make this example compile, we need to restrict the generic type we're\naccepting:\n\n```\nuse std::fmt;\n\n// Restrict the input type to types that implement Debug.\nfn some_func<T: fmt::Debug>(foo: T) {\n    println!(\"{:?}\", foo);\n}\n\nfn main() {\n    // Calling the method is still fine, as i32 implements Debug.\n    some_func(5i32);\n\n    // This would fail to compile now:\n    // struct WithoutDebug;\n    // some_func(WithoutDebug);\n}\n```\n\nRust only looks at the signature of the called function, as such it must\nalready specify all requirements that will be used for every type parameter.\n"},"level":"error","spans":[{"file_name":"src/diesel_impl/cartItem.rs","byte_start":397,"byte_end":407,"line_start":17,"line_end":17,"column_start":21,"column_end":31,"is_primary":true,"text":[{"text":"#[derive(Queryable, Insertable)]","highlight_start":21,"highlight_end":31}],"label":"the trait `diesel::Expression` is not implemented for `NaiveDateTime`","suggested_replacement":null,"suggestion_applicability":null,"expansion":{"span":{"file_name":"src/diesel_impl/cartItem.rs","byte_start":397,"byte_end":407,"line_start":17,"line_end":17,"column_start":21,"column_end":31,"is_primary":false,"text":[{"text":"#[derive(Queryable, Insertable)]","highlight_start":21,"highlight_end":31}],"label":null,"suggested_replacement":null,"suggestion_applicability":null,"expansion":null},"macro_decl_name":"#[derive(Insertable)]","def_site_span":{"file_name":"/Users/alainsst/.cargo/registry/src/github.com-1ecc6299db9ec823/diesel_derives-1.4.1/src/lib.rs","byte_start":2243,"byte_end":2302,"line_start":86,"line_end":86,"column_start":1,"column_end":60,"is_primary":false,"text":[{"text":"pub fn derive_insertable(input: TokenStream) -> TokenStream {","highlight_start":1,"highlight_end":60}],"label":null,"suggested_replacement":null,"suggestion_applicability":null,"expansion":null}}}],"children":[{"message":"the following other types implement trait `diesel::Expression`:\n  &'a T\n  (A, B)\n  (A, B, C)\n  (A, B, C, D)\n  (A, B, C, D, E)\n  (A, B, C, D, E, F)\n  (A, B, C, D, E, F, G)\n  (A, B, C, D, E, F, G, H)\nand 119 others","code":null,"level":"help","spans":[],"children":[],"rendered":null},{"message":"required because of the requirements on the impl of `diesel::Expression` for `&NaiveDateTime`","code":null,"level":"note","spans":[],"children":[],"rendered":null},{"message":"required because of the requirements on the impl of `AsExpression<diesel::sql_types::Nullable<diesel::sql_types::Time>>` for `&NaiveDateTime`","code":null,"level":"note","spans":[],"children":[],"rendered":null}],"rendered":"\u001b[0m\u001b[1m\u001b[38;5;9merror[E0277]\u001b[0m\u001b[0m\u001b[1m: the trait bound `NaiveDateTime: diesel::Expression` is not satisfied\u001b[0m\n\u001b[0m  \u001b[0m\u001b[0m\u001b[1m\u001b[38;5;12m--> \u001b[0m\u001b[0msrc/diesel_impl/cartItem.rs:17:21\u001b[0m\n\u001b[0m   \u001b[0m\u001b[0m\u001b[1m\u001b[38;5;12m|\u001b[0m\n\u001b[0m\u001b[1m\u001b[38;5;12m17\u001b[0m\u001b[0m \u001b[0m\u001b[0m\u001b[1m\u001b[38;5;12m| \u001b[0m\u001b[0m#[derive(Queryable, Insertable)]\u001b[0m\n\u001b[0m   \u001b[0m\u001b[0m\u001b[1m\u001b[38;5;12m| \u001b[0m\u001b[0m                    \u001b[0m\u001b[0m\u001b[1m\u001b[38;5;9m^^^^^^^^^^\u001b[0m\u001b[0m \u001b[0m\u001b[0m\u001b[1m\u001b[38;5;9mthe trait `diesel::Expression` is not implemented for `NaiveDateTime`\u001b[0m\n\u001b[0m   \u001b[0m\u001b[0m\u001b[1m\u001b[38;5;12m|\u001b[0m\n\u001b[0m   \u001b[0m\u001b[0m\u001b[1m\u001b[38;5;12m= \u001b[0m\u001b[0m\u001b[1mhelp\u001b[0m\u001b[0m: the following other types implement trait `diesel::Expression`:\u001b[0m\n\u001b[0m             &'a T\u001b[0m\n\u001b[0m             (A, B)\u001b[0m\n\u001b[0m             (A, B, C)\u001b[0m\n\u001b[0m             (A, B, C, D)\u001b[0m\n\u001b[0m             (A, B, C, D, E)\u001b[0m\n\u001b[0m             (A, B, C, D, E, F)\u001b[0m\n\u001b[0m             (A, B, C, D, E, F, G)\u001b[0m\n\u001b[0m             (A, B, C, D, E, F, G, H)\u001b[0m\n\u001b[0m           and 119 others\u001b[0m\n\u001b[0m   \u001b[0m\u001b[0m\u001b[1m\u001b[38;5;12m= \u001b[0m\u001b[0m\u001b[1mnote\u001b[0m\u001b[0m: required because of the requirements on the impl of `diesel::Expression` for `&NaiveDateTime`\u001b[0m\n\u001b[0m   \u001b[0m\u001b[0m\u001b[1m\u001b[38;5;12m= \u001b[0m\u001b[0m\u001b[1mnote\u001b[0m\u001b[0m: required because of the requirements on the impl of `AsExpression<diesel::sql_types::Nullable<diesel::sql_types::Time>>` for `&NaiveDateTime`\u001b[0m\n\u001b[0m   \u001b[0m\u001b[0m\u001b[1m\u001b[38;5;12m= \u001b[0m\u001b[0m\u001b[1mnote\u001b[0m\u001b[0m: this error originates in the derive macro `Insertable` (in Nightly builds, run with -Z macro-backtrace for more info)\u001b[0m\n\n"}
{"message":"the trait bound `u16: AppearsOnTable<schema::cart_items::table>` is not satisfied","code":{"code":"E0277","explanation":"You tried to use a type which doesn't implement some trait in a place which\nexpected that trait.\n\nErroneous code example:\n\n```compile_fail,E0277\n// here we declare the Foo trait with a bar method\ntrait Foo {\n    fn bar(&self);\n}\n\n// we now declare a function which takes an object implementing the Foo trait\nfn some_func<T: Foo>(foo: T) {\n    foo.bar();\n}\n\nfn main() {\n    // we now call the method with the i32 type, which doesn't implement\n    // the Foo trait\n    some_func(5i32); // error: the trait bound `i32 : Foo` is not satisfied\n}\n```\n\nIn order to fix this error, verify that the type you're using does implement\nthe trait. Example:\n\n```\ntrait Foo {\n    fn bar(&self);\n}\n\n// we implement the trait on the i32 type\nimpl Foo for i32 {\n    fn bar(&self) {}\n}\n\nfn some_func<T: Foo>(foo: T) {\n    foo.bar(); // we can now use this method since i32 implements the\n               // Foo trait\n}\n\nfn main() {\n    some_func(5i32); // ok!\n}\n```\n\nOr in a generic context, an erroneous code example would look like:\n\n```compile_fail,E0277\nfn some_func<T>(foo: T) {\n    println!(\"{:?}\", foo); // error: the trait `core::fmt::Debug` is not\n                           //        implemented for the type `T`\n}\n\nfn main() {\n    // We now call the method with the i32 type,\n    // which *does* implement the Debug trait.\n    some_func(5i32);\n}\n```\n\nNote that the error here is in the definition of the generic function. Although\nwe only call it with a parameter that does implement `Debug`, the compiler\nstill rejects the function. It must work with all possible input types. In\norder to make this example compile, we need to restrict the generic type we're\naccepting:\n\n```\nuse std::fmt;\n\n// Restrict the input type to types that implement Debug.\nfn some_func<T: fmt::Debug>(foo: T) {\n    println!(\"{:?}\", foo);\n}\n\nfn main() {\n    // Calling the method is still fine, as i32 implements Debug.\n    some_func(5i32);\n\n    // This would fail to compile now:\n    // struct WithoutDebug;\n    // some_func(WithoutDebug);\n}\n```\n\nRust only looks at the signature of the called function, as such it must\nalready specify all requirements that will be used for every type parameter.\n"},"level":"error","spans":[{"file_name":"src/diesel_impl/cartItem.rs","byte_start":1387,"byte_end":1398,"line_start":58,"line_end":58,"column_start":24,"column_end":35,"is_primary":true,"text":[{"text":"#[derive(Debug, Clone, AsChangeset)]","highlight_start":24,"highlight_end":35}],"label":"the trait `AppearsOnTable<schema::cart_items::table>` is not implemented for `u16`","suggested_replacement":null,"suggestion_applicability":null,"expansion":{"span":{"file_name":"src/diesel_impl/cartItem.rs","byte_start":1387,"byte_end":1398,"line_start":58,"line_end":58,"column_start":24,"column_end":35,"is_primary":false,"text":[{"text":"#[derive(Debug, Clone, AsChangeset)]","highlight_start":24,"highlight_end":35}],"label":null,"suggested_replacement":null,"suggestion_applicability":null,"expansion":null},"macro_decl_name":"#[derive(AsChangeset)]","def_site_span":{"file_name":"/Users/alainsst/.cargo/registry/src/github.com-1ecc6299db9ec823/diesel_derives-1.4.1/src/lib.rs","byte_start":1141,"byte_end":1202,"line_start":56,"line_end":56,"column_start":1,"column_end":62,"is_primary":false,"text":[{"text":"pub fn derive_as_changeset(input: TokenStream) -> TokenStream {","highlight_start":1,"highlight_end":62}],"label":null,"suggested_replacement":null,"suggestion_applicability":null,"expansion":null}}}],"children":[{"message":"the following other types implement trait `AppearsOnTable<QS>`:\n  <&'a T as AppearsOnTable<QS>>\n  <(A, B) as AppearsOnTable<QS>>\n  <(A, B, C) as AppearsOnTable<QS>>\n  <(A, B, C, D) as AppearsOnTable<QS>>\n  <(A, B, C, D, E) as AppearsOnTable<QS>>\n  <(A, B, C, D, E, F) as AppearsOnTable<QS>>\n  <(A, B, C, D, E, F, G) as AppearsOnTable<QS>>\n  <(A, B, C, D, E, F, G, H) as AppearsOnTable<QS>>\nand 119 others","code":null,"level":"help","spans":[],"children":[],"rendered":null},{"message":"required because of the requirements on the impl of `AppearsOnTable<schema::cart_items::table>` for `&'update u16`","code":null,"level":"note","spans":[],"children":[],"rendered":null},{"message":"required because of the requirements on the impl of `AsChangeset` for `diesel::expression::operators::Eq<schema::cart_items::columns::total, &'update u16>`","code":null,"level":"note","spans":[],"children":[],"rendered":null}],"rendered":"\u001b[0m\u001b[1m\u001b[38;5;9merror[E0277]\u001b[0m\u001b[0m\u001b[1m: the trait bound `u16: AppearsOnTable<schema::cart_items::table>` is not satisfied\u001b[0m\n\u001b[0m  \u001b[0m\u001b[0m\u001b[1m\u001b[38;5;12m--> \u001b[0m\u001b[0msrc/diesel_impl/cartItem.rs:58:24\u001b[0m\n\u001b[0m   \u001b[0m\u001b[0m\u001b[1m\u001b[38;5;12m|\u001b[0m\n\u001b[0m\u001b[1m\u001b[38;5;12m58\u001b[0m\u001b[0m \u001b[0m\u001b[0m\u001b[1m\u001b[38;5;12m| \u001b[0m\u001b[0m#[derive(Debug, Clone, AsChangeset)]\u001b[0m\n\u001b[0m   \u001b[0m\u001b[0m\u001b[1m\u001b[38;5;12m| \u001b[0m\u001b[0m                       \u001b[0m\u001b[0m\u001b[1m\u001b[38;5;9m^^^^^^^^^^^\u001b[0m\u001b[0m \u001b[0m\u001b[0m\u001b[1m\u001b[38;5;9mthe trait `AppearsOnTable<schema::cart_items::table>` is not implemented for `u16`\u001b[0m\n\u001b[0m   \u001b[0m\u001b[0m\u001b[1m\u001b[38;5;12m|\u001b[0m\n\u001b[0m   \u001b[0m\u001b[0m\u001b[1m\u001b[38;5;12m= \u001b[0m\u001b[0m\u001b[1mhelp\u001b[0m\u001b[0m: the following other types implement trait `AppearsOnTable<QS>`:\u001b[0m\n\u001b[0m             <&'a T as AppearsOnTable<QS>>\u001b[0m\n\u001b[0m             <(A, B) as AppearsOnTable<QS>>\u001b[0m\n\u001b[0m             <(A, B, C) as AppearsOnTable<QS>>\u001b[0m\n\u001b[0m             <(A, B, C, D) as AppearsOnTable<QS>>\u001b[0m\n\u001b[0m             <(A, B, C, D, E) as AppearsOnTable<QS>>\u001b[0m\n\u001b[0m             <(A, B, C, D, E, F) as AppearsOnTable<QS>>\u001b[0m\n\u001b[0m             <(A, B, C, D, E, F, G) as AppearsOnTable<QS>>\u001b[0m\n\u001b[0m             <(A, B, C, D, E, F, G, H) as AppearsOnTable<QS>>\u001b[0m\n\u001b[0m           and 119 others\u001b[0m\n\u001b[0m   \u001b[0m\u001b[0m\u001b[1m\u001b[38;5;12m= \u001b[0m\u001b[0m\u001b[1mnote\u001b[0m\u001b[0m: required because of the requirements on the impl of `AppearsOnTable<schema::cart_items::table>` for `&'update u16`\u001b[0m\n\u001b[0m   \u001b[0m\u001b[0m\u001b[1m\u001b[38;5;12m= \u001b[0m\u001b[0m\u001b[1mnote\u001b[0m\u001b[0m: required because of the requirements on the impl of `AsChangeset` for `diesel::expression::operators::Eq<schema::cart_items::columns::total, &'update u16>`\u001b[0m\n\u001b[0m   \u001b[0m\u001b[0m\u001b[1m\u001b[38;5;12m= \u001b[0m\u001b[0m\u001b[1mnote\u001b[0m\u001b[0m: this error originates in the derive macro `AsChangeset` (in Nightly builds, run with -Z macro-backtrace for more info)\u001b[0m\n\n"}
{"message":"the trait bound `u16: AppearsOnTable<schema::cart_items::table>` is not satisfied","code":{"code":"E0277","explanation":"You tried to use a type which doesn't implement some trait in a place which\nexpected that trait.\n\nErroneous code example:\n\n```compile_fail,E0277\n// here we declare the Foo trait with a bar method\ntrait Foo {\n    fn bar(&self);\n}\n\n// we now declare a function which takes an object implementing the Foo trait\nfn some_func<T: Foo>(foo: T) {\n    foo.bar();\n}\n\nfn main() {\n    // we now call the method with the i32 type, which doesn't implement\n    // the Foo trait\n    some_func(5i32); // error: the trait bound `i32 : Foo` is not satisfied\n}\n```\n\nIn order to fix this error, verify that the type you're using does implement\nthe trait. Example:\n\n```\ntrait Foo {\n    fn bar(&self);\n}\n\n// we implement the trait on the i32 type\nimpl Foo for i32 {\n    fn bar(&self) {}\n}\n\nfn some_func<T: Foo>(foo: T) {\n    foo.bar(); // we can now use this method since i32 implements the\n               // Foo trait\n}\n\nfn main() {\n    some_func(5i32); // ok!\n}\n```\n\nOr in a generic context, an erroneous code example would look like:\n\n```compile_fail,E0277\nfn some_func<T>(foo: T) {\n    println!(\"{:?}\", foo); // error: the trait `core::fmt::Debug` is not\n                           //        implemented for the type `T`\n}\n\nfn main() {\n    // We now call the method with the i32 type,\n    // which *does* implement the Debug trait.\n    some_func(5i32);\n}\n```\n\nNote that the error here is in the definition of the generic function. Although\nwe only call it with a parameter that does implement `Debug`, the compiler\nstill rejects the function. It must work with all possible input types. In\norder to make this example compile, we need to restrict the generic type we're\naccepting:\n\n```\nuse std::fmt;\n\n// Restrict the input type to types that implement Debug.\nfn some_func<T: fmt::Debug>(foo: T) {\n    println!(\"{:?}\", foo);\n}\n\nfn main() {\n    // Calling the method is still fine, as i32 implements Debug.\n    some_func(5i32);\n\n    // This would fail to compile now:\n    // struct WithoutDebug;\n    // some_func(WithoutDebug);\n}\n```\n\nRust only looks at the signature of the called function, as such it must\nalready specify all requirements that will be used for every type parameter.\n"},"level":"error","spans":[{"file_name":"src/diesel_impl/cartItem.rs","byte_start":1387,"byte_end":1398,"line_start":58,"line_end":58,"column_start":24,"column_end":35,"is_primary":true,"text":[{"text":"#[derive(Debug, Clone, AsChangeset)]","highlight_start":24,"highlight_end":35}],"label":"the trait `AppearsOnTable<schema::cart_items::table>` is not implemented for `u16`","suggested_replacement":null,"suggestion_applicability":null,"expansion":{"span":{"file_name":"src/diesel_impl/cartItem.rs","byte_start":1387,"byte_end":1398,"line_start":58,"line_end":58,"column_start":24,"column_end":35,"is_primary":false,"text":[{"text":"#[derive(Debug, Clone, AsChangeset)]","highlight_start":24,"highlight_end":35}],"label":null,"suggested_replacement":null,"suggestion_applicability":null,"expansion":null},"macro_decl_name":"#[derive(AsChangeset)]","def_site_span":{"file_name":"/Users/alainsst/.cargo/registry/src/github.com-1ecc6299db9ec823/diesel_derives-1.4.1/src/lib.rs","byte_start":1141,"byte_end":1202,"line_start":56,"line_end":56,"column_start":1,"column_end":62,"is_primary":false,"text":[{"text":"pub fn derive_as_changeset(input: TokenStream) -> TokenStream {","highlight_start":1,"highlight_end":62}],"label":null,"suggested_replacement":null,"suggestion_applicability":null,"expansion":null}}}],"children":[{"message":"the following other types implement trait `AppearsOnTable<QS>`:\n  <&'a T as AppearsOnTable<QS>>\n  <(A, B) as AppearsOnTable<QS>>\n  <(A, B, C) as AppearsOnTable<QS>>\n  <(A, B, C, D) as AppearsOnTable<QS>>\n  <(A, B, C, D, E) as AppearsOnTable<QS>>\n  <(A, B, C, D, E, F) as AppearsOnTable<QS>>\n  <(A, B, C, D, E, F, G) as AppearsOnTable<QS>>\n  <(A, B, C, D, E, F, G, H) as AppearsOnTable<QS>>\nand 119 others","code":null,"level":"help","spans":[],"children":[],"rendered":null},{"message":"required because of the requirements on the impl of `AppearsOnTable<schema::cart_items::table>` for `&u16`","code":null,"level":"note","spans":[],"children":[],"rendered":null},{"message":"required because of the requirements on the impl of `AsChangeset` for `diesel::expression::operators::Eq<schema::cart_items::columns::total, &u16>`","code":null,"level":"note","spans":[],"children":[],"rendered":null}],"rendered":"\u001b[0m\u001b[1m\u001b[38;5;9merror[E0277]\u001b[0m\u001b[0m\u001b[1m: the trait bound `u16: AppearsOnTable<schema::cart_items::table>` is not satisfied\u001b[0m\n\u001b[0m  \u001b[0m\u001b[0m\u001b[1m\u001b[38;5;12m--> \u001b[0m\u001b[0msrc/diesel_impl/cartItem.rs:58:24\u001b[0m\n\u001b[0m   \u001b[0m\u001b[0m\u001b[1m\u001b[38;5;12m|\u001b[0m\n\u001b[0m\u001b[1m\u001b[38;5;12m58\u001b[0m\u001b[0m \u001b[0m\u001b[0m\u001b[1m\u001b[38;5;12m| \u001b[0m\u001b[0m#[derive(Debug, Clone, AsChangeset)]\u001b[0m\n\u001b[0m   \u001b[0m\u001b[0m\u001b[1m\u001b[38;5;12m| \u001b[0m\u001b[0m                       \u001b[0m\u001b[0m\u001b[1m\u001b[38;5;9m^^^^^^^^^^^\u001b[0m\u001b[0m \u001b[0m\u001b[0m\u001b[1m\u001b[38;5;9mthe trait `AppearsOnTable<schema::cart_items::table>` is not implemented for `u16`\u001b[0m\n\u001b[0m   \u001b[0m\u001b[0m\u001b[1m\u001b[38;5;12m|\u001b[0m\n\u001b[0m   \u001b[0m\u001b[0m\u001b[1m\u001b[38;5;12m= \u001b[0m\u001b[0m\u001b[1mhelp\u001b[0m\u001b[0m: the following other types implement trait `AppearsOnTable<QS>`:\u001b[0m\n\u001b[0m             <&'a T as AppearsOnTable<QS>>\u001b[0m\n\u001b[0m             <(A, B) as AppearsOnTable<QS>>\u001b[0m\n\u001b[0m             <(A, B, C) as AppearsOnTable<QS>>\u001b[0m\n\u001b[0m             <(A, B, C, D) as AppearsOnTable<QS>>\u001b[0m\n\u001b[0m             <(A, B, C, D, E) as AppearsOnTable<QS>>\u001b[0m\n\u001b[0m             <(A, B, C, D, E, F) as AppearsOnTable<QS>>\u001b[0m\n\u001b[0m             <(A, B, C, D, E, F, G) as AppearsOnTable<QS>>\u001b[0m\n\u001b[0m             <(A, B, C, D, E, F, G, H) as AppearsOnTable<QS>>\u001b[0m\n\u001b[0m           and 119 others\u001b[0m\n\u001b[0m   \u001b[0m\u001b[0m\u001b[1m\u001b[38;5;12m= \u001b[0m\u001b[0m\u001b[1mnote\u001b[0m\u001b[0m: required because of the requirements on the impl of `AppearsOnTable<schema::cart_items::table>` for `&u16`\u001b[0m\n\u001b[0m   \u001b[0m\u001b[0m\u001b[1m\u001b[38;5;12m= \u001b[0m\u001b[0m\u001b[1mnote\u001b[0m\u001b[0m: required because of the requirements on the impl of `AsChangeset` for `diesel::expression::operators::Eq<schema::cart_items::columns::total, &u16>`\u001b[0m\n\u001b[0m   \u001b[0m\u001b[0m\u001b[1m\u001b[38;5;12m= \u001b[0m\u001b[0m\u001b[1mnote\u001b[0m\u001b[0m: this error originates in the derive macro `AsChangeset` (in Nightly builds, run with -Z macro-backtrace for more info)\u001b[0m\n\n"}
{"message":"the trait bound `u16: AppearsOnTable<schema::cart_items::table>` is not satisfied","code":{"code":"E0277","explanation":"You tried to use a type which doesn't implement some trait in a place which\nexpected that trait.\n\nErroneous code example:\n\n```compile_fail,E0277\n// here we declare the Foo trait with a bar method\ntrait Foo {\n    fn bar(&self);\n}\n\n// we now declare a function which takes an object implementing the Foo trait\nfn some_func<T: Foo>(foo: T) {\n    foo.bar();\n}\n\nfn main() {\n    // we now call the method with the i32 type, which doesn't implement\n    // the Foo trait\n    some_func(5i32); // error: the trait bound `i32 : Foo` is not satisfied\n}\n```\n\nIn order to fix this error, verify that the type you're using does implement\nthe trait. Example:\n\n```\ntrait Foo {\n    fn bar(&self);\n}\n\n// we implement the trait on the i32 type\nimpl Foo for i32 {\n    fn bar(&self) {}\n}\n\nfn some_func<T: Foo>(foo: T) {\n    foo.bar(); // we can now use this method since i32 implements the\n               // Foo trait\n}\n\nfn main() {\n    some_func(5i32); // ok!\n}\n```\n\nOr in a generic context, an erroneous code example would look like:\n\n```compile_fail,E0277\nfn some_func<T>(foo: T) {\n    println!(\"{:?}\", foo); // error: the trait `core::fmt::Debug` is not\n                           //        implemented for the type `T`\n}\n\nfn main() {\n    // We now call the method with the i32 type,\n    // which *does* implement the Debug trait.\n    some_func(5i32);\n}\n```\n\nNote that the error here is in the definition of the generic function. Although\nwe only call it with a parameter that does implement `Debug`, the compiler\nstill rejects the function. It must work with all possible input types. In\norder to make this example compile, we need to restrict the generic type we're\naccepting:\n\n```\nuse std::fmt;\n\n// Restrict the input type to types that implement Debug.\nfn some_func<T: fmt::Debug>(foo: T) {\n    println!(\"{:?}\", foo);\n}\n\nfn main() {\n    // Calling the method is still fine, as i32 implements Debug.\n    some_func(5i32);\n\n    // This would fail to compile now:\n    // struct WithoutDebug;\n    // some_func(WithoutDebug);\n}\n```\n\nRust only looks at the signature of the called function, as such it must\nalready specify all requirements that will be used for every type parameter.\n"},"level":"error","spans":[{"file_name":"src/diesel_impl/cartItem.rs","byte_start":1387,"byte_end":1398,"line_start":58,"line_end":58,"column_start":24,"column_end":35,"is_primary":true,"text":[{"text":"#[derive(Debug, Clone, AsChangeset)]","highlight_start":24,"highlight_end":35}],"label":"the trait `AppearsOnTable<schema::cart_items::table>` is not implemented for `u16`","suggested_replacement":null,"suggestion_applicability":null,"expansion":{"span":{"file_name":"src/diesel_impl/cartItem.rs","byte_start":1387,"byte_end":1398,"line_start":58,"line_end":58,"column_start":24,"column_end":35,"is_primary":false,"text":[{"text":"#[derive(Debug, Clone, AsChangeset)]","highlight_start":24,"highlight_end":35}],"label":null,"suggested_replacement":null,"suggestion_applicability":null,"expansion":null},"macro_decl_name":"#[derive(AsChangeset)]","def_site_span":{"file_name":"/Users/alainsst/.cargo/registry/src/github.com-1ecc6299db9ec823/diesel_derives-1.4.1/src/lib.rs","byte_start":1141,"byte_end":1202,"line_start":56,"line_end":56,"column_start":1,"column_end":62,"is_primary":false,"text":[{"text":"pub fn derive_as_changeset(input: TokenStream) -> TokenStream {","highlight_start":1,"highlight_end":62}],"label":null,"suggested_replacement":null,"suggestion_applicability":null,"expansion":null}}}],"children":[{"message":"the following other types implement trait `AppearsOnTable<QS>`:\n  <&'a T as AppearsOnTable<QS>>\n  <(A, B) as AppearsOnTable<QS>>\n  <(A, B, C) as AppearsOnTable<QS>>\n  <(A, B, C, D) as AppearsOnTable<QS>>\n  <(A, B, C, D, E) as AppearsOnTable<QS>>\n  <(A, B, C, D, E, F) as AppearsOnTable<QS>>\n  <(A, B, C, D, E, F, G) as AppearsOnTable<QS>>\n  <(A, B, C, D, E, F, G, H) as AppearsOnTable<QS>>\nand 119 others","code":null,"level":"help","spans":[],"children":[],"rendered":null},{"message":"required because of the requirements on the impl of `AsChangeset` for `diesel::expression::operators::Eq<schema::cart_items::columns::total, u16>`","code":null,"level":"note","spans":[],"children":[],"rendered":null}],"rendered":"\u001b[0m\u001b[1m\u001b[38;5;9merror[E0277]\u001b[0m\u001b[0m\u001b[1m: the trait bound `u16: AppearsOnTable<schema::cart_items::table>` is not satisfied\u001b[0m\n\u001b[0m  \u001b[0m\u001b[0m\u001b[1m\u001b[38;5;12m--> \u001b[0m\u001b[0msrc/diesel_impl/cartItem.rs:58:24\u001b[0m\n\u001b[0m   \u001b[0m\u001b[0m\u001b[1m\u001b[38;5;12m|\u001b[0m\n\u001b[0m\u001b[1m\u001b[38;5;12m58\u001b[0m\u001b[0m \u001b[0m\u001b[0m\u001b[1m\u001b[38;5;12m| \u001b[0m\u001b[0m#[derive(Debug, Clone, AsChangeset)]\u001b[0m\n\u001b[0m   \u001b[0m\u001b[0m\u001b[1m\u001b[38;5;12m| \u001b[0m\u001b[0m                       \u001b[0m\u001b[0m\u001b[1m\u001b[38;5;9m^^^^^^^^^^^\u001b[0m\u001b[0m \u001b[0m\u001b[0m\u001b[1m\u001b[38;5;9mthe trait `AppearsOnTable<schema::cart_items::table>` is not implemented for `u16`\u001b[0m\n\u001b[0m   \u001b[0m\u001b[0m\u001b[1m\u001b[38;5;12m|\u001b[0m\n\u001b[0m   \u001b[0m\u001b[0m\u001b[1m\u001b[38;5;12m= \u001b[0m\u001b[0m\u001b[1mhelp\u001b[0m\u001b[0m: the following other types implement trait `AppearsOnTable<QS>`:\u001b[0m\n\u001b[0m             <&'a T as AppearsOnTable<QS>>\u001b[0m\n\u001b[0m             <(A, B) as AppearsOnTable<QS>>\u001b[0m\n\u001b[0m             <(A, B, C) as AppearsOnTable<QS>>\u001b[0m\n\u001b[0m             <(A, B, C, D) as AppearsOnTable<QS>>\u001b[0m\n\u001b[0m             <(A, B, C, D, E) as AppearsOnTable<QS>>\u001b[0m\n\u001b[0m             <(A, B, C, D, E, F) as AppearsOnTable<QS>>\u001b[0m\n\u001b[0m             <(A, B, C, D, E, F, G) as AppearsOnTable<QS>>\u001b[0m\n\u001b[0m             <(A, B, C, D, E, F, G, H) as AppearsOnTable<QS>>\u001b[0m\n\u001b[0m           and 119 others\u001b[0m\n\u001b[0m   \u001b[0m\u001b[0m\u001b[1m\u001b[38;5;12m= \u001b[0m\u001b[0m\u001b[1mnote\u001b[0m\u001b[0m: required because of the requirements on the impl of `AsChangeset` for `diesel::expression::operators::Eq<schema::cart_items::columns::total, u16>`\u001b[0m\n\u001b[0m   \u001b[0m\u001b[0m\u001b[1m\u001b[38;5;12m= \u001b[0m\u001b[0m\u001b[1mnote\u001b[0m\u001b[0m: this error originates in the derive macro `AsChangeset` (in Nightly builds, run with -Z macro-backtrace for more info)\u001b[0m\n\n"}
{"message":"the trait bound `u16: diesel::Expression` is not satisfied","code":{"code":"E0277","explanation":"You tried to use a type which doesn't implement some trait in a place which\nexpected that trait.\n\nErroneous code example:\n\n```compile_fail,E0277\n// here we declare the Foo trait with a bar method\ntrait Foo {\n    fn bar(&self);\n}\n\n// we now declare a function which takes an object implementing the Foo trait\nfn some_func<T: Foo>(foo: T) {\n    foo.bar();\n}\n\nfn main() {\n    // we now call the method with the i32 type, which doesn't implement\n    // the Foo trait\n    some_func(5i32); // error: the trait bound `i32 : Foo` is not satisfied\n}\n```\n\nIn order to fix this error, verify that the type you're using does implement\nthe trait. Example:\n\n```\ntrait Foo {\n    fn bar(&self);\n}\n\n// we implement the trait on the i32 type\nimpl Foo for i32 {\n    fn bar(&self) {}\n}\n\nfn some_func<T: Foo>(foo: T) {\n    foo.bar(); // we can now use this method since i32 implements the\n               // Foo trait\n}\n\nfn main() {\n    some_func(5i32); // ok!\n}\n```\n\nOr in a generic context, an erroneous code example would look like:\n\n```compile_fail,E0277\nfn some_func<T>(foo: T) {\n    println!(\"{:?}\", foo); // error: the trait `core::fmt::Debug` is not\n                           //        implemented for the type `T`\n}\n\nfn main() {\n    // We now call the method with the i32 type,\n    // which *does* implement the Debug trait.\n    some_func(5i32);\n}\n```\n\nNote that the error here is in the definition of the generic function. Although\nwe only call it with a parameter that does implement `Debug`, the compiler\nstill rejects the function. It must work with all possible input types. In\norder to make this example compile, we need to restrict the generic type we're\naccepting:\n\n```\nuse std::fmt;\n\n// Restrict the input type to types that implement Debug.\nfn some_func<T: fmt::Debug>(foo: T) {\n    println!(\"{:?}\", foo);\n}\n\nfn main() {\n    // Calling the method is still fine, as i32 implements Debug.\n    some_func(5i32);\n\n    // This would fail to compile now:\n    // struct WithoutDebug;\n    // some_func(WithoutDebug);\n}\n```\n\nRust only looks at the signature of the called function, as such it must\nalready specify all requirements that will be used for every type parameter.\n"},"level":"error","spans":[{"file_name":"src/diesel_impl/media.rs","byte_start":327,"byte_end":337,"line_start":15,"line_end":15,"column_start":21,"column_end":31,"is_primary":true,"text":[{"text":"#[derive(Queryable, Insertable)]","highlight_start":21,"highlight_end":31}],"label":"the trait `diesel::Expression` is not implemented for `u16`","suggested_replacement":null,"suggestion_applicability":null,"expansion":{"span":{"file_name":"src/diesel_impl/media.rs","byte_start":327,"byte_end":337,"line_start":15,"line_end":15,"column_start":21,"column_end":31,"is_primary":false,"text":[{"text":"#[derive(Queryable, Insertable)]","highlight_start":21,"highlight_end":31}],"label":null,"suggested_replacement":null,"suggestion_applicability":null,"expansion":null},"macro_decl_name":"#[derive(Insertable)]","def_site_span":{"file_name":"/Users/alainsst/.cargo/registry/src/github.com-1ecc6299db9ec823/diesel_derives-1.4.1/src/lib.rs","byte_start":2243,"byte_end":2302,"line_start":86,"line_end":86,"column_start":1,"column_end":60,"is_primary":false,"text":[{"text":"pub fn derive_insertable(input: TokenStream) -> TokenStream {","highlight_start":1,"highlight_end":60}],"label":null,"suggested_replacement":null,"suggestion_applicability":null,"expansion":null}}}],"children":[{"message":"the following other types implement trait `diesel::Expression`:\n  &'a T\n  (A, B)\n  (A, B, C)\n  (A, B, C, D)\n  (A, B, C, D, E)\n  (A, B, C, D, E, F)\n  (A, B, C, D, E, F, G)\n  (A, B, C, D, E, F, G, H)\nand 119 others","code":null,"level":"help","spans":[],"children":[],"rendered":null},{"message":"required because of the requirements on the impl of `AsExpression<Integer>` for `u16`","code":null,"level":"note","spans":[],"children":[],"rendered":null}],"rendered":"\u001b[0m\u001b[1m\u001b[38;5;9merror[E0277]\u001b[0m\u001b[0m\u001b[1m: the trait bound `u16: diesel::Expression` is not satisfied\u001b[0m\n\u001b[0m  \u001b[0m\u001b[0m\u001b[1m\u001b[38;5;12m--> \u001b[0m\u001b[0msrc/diesel_impl/media.rs:15:21\u001b[0m\n\u001b[0m   \u001b[0m\u001b[0m\u001b[1m\u001b[38;5;12m|\u001b[0m\n\u001b[0m\u001b[1m\u001b[38;5;12m15\u001b[0m\u001b[0m \u001b[0m\u001b[0m\u001b[1m\u001b[38;5;12m| \u001b[0m\u001b[0m#[derive(Queryable, Insertable)]\u001b[0m\n\u001b[0m   \u001b[0m\u001b[0m\u001b[1m\u001b[38;5;12m| \u001b[0m\u001b[0m                    \u001b[0m\u001b[0m\u001b[1m\u001b[38;5;9m^^^^^^^^^^\u001b[0m\u001b[0m \u001b[0m\u001b[0m\u001b[1m\u001b[38;5;9mthe trait `diesel::Expression` is not implemented for `u16`\u001b[0m\n\u001b[0m   \u001b[0m\u001b[0m\u001b[1m\u001b[38;5;12m|\u001b[0m\n\u001b[0m   \u001b[0m\u001b[0m\u001b[1m\u001b[38;5;12m= \u001b[0m\u001b[0m\u001b[1mhelp\u001b[0m\u001b[0m: the following other types implement trait `diesel::Expression`:\u001b[0m\n\u001b[0m             &'a T\u001b[0m\n\u001b[0m             (A, B)\u001b[0m\n\u001b[0m             (A, B, C)\u001b[0m\n\u001b[0m             (A, B, C, D)\u001b[0m\n\u001b[0m             (A, B, C, D, E)\u001b[0m\n\u001b[0m             (A, B, C, D, E, F)\u001b[0m\n\u001b[0m             (A, B, C, D, E, F, G)\u001b[0m\n\u001b[0m             (A, B, C, D, E, F, G, H)\u001b[0m\n\u001b[0m           and 119 others\u001b[0m\n\u001b[0m   \u001b[0m\u001b[0m\u001b[1m\u001b[38;5;12m= \u001b[0m\u001b[0m\u001b[1mnote\u001b[0m\u001b[0m: required because of the requirements on the impl of `AsExpression<Integer>` for `u16`\u001b[0m\n\u001b[0m   \u001b[0m\u001b[0m\u001b[1m\u001b[38;5;12m= \u001b[0m\u001b[0m\u001b[1mnote\u001b[0m\u001b[0m: this error originates in the derive macro `Insertable` (in Nightly builds, run with -Z macro-backtrace for more info)\u001b[0m\n\n"}
{"message":"the trait bound `NaiveDateTime: diesel::Expression` is not satisfied","code":{"code":"E0277","explanation":"You tried to use a type which doesn't implement some trait in a place which\nexpected that trait.\n\nErroneous code example:\n\n```compile_fail,E0277\n// here we declare the Foo trait with a bar method\ntrait Foo {\n    fn bar(&self);\n}\n\n// we now declare a function which takes an object implementing the Foo trait\nfn some_func<T: Foo>(foo: T) {\n    foo.bar();\n}\n\nfn main() {\n    // we now call the method with the i32 type, which doesn't implement\n    // the Foo trait\n    some_func(5i32); // error: the trait bound `i32 : Foo` is not satisfied\n}\n```\n\nIn order to fix this error, verify that the type you're using does implement\nthe trait. Example:\n\n```\ntrait Foo {\n    fn bar(&self);\n}\n\n// we implement the trait on the i32 type\nimpl Foo for i32 {\n    fn bar(&self) {}\n}\n\nfn some_func<T: Foo>(foo: T) {\n    foo.bar(); // we can now use this method since i32 implements the\n               // Foo trait\n}\n\nfn main() {\n    some_func(5i32); // ok!\n}\n```\n\nOr in a generic context, an erroneous code example would look like:\n\n```compile_fail,E0277\nfn some_func<T>(foo: T) {\n    println!(\"{:?}\", foo); // error: the trait `core::fmt::Debug` is not\n                           //        implemented for the type `T`\n}\n\nfn main() {\n    // We now call the method with the i32 type,\n    // which *does* implement the Debug trait.\n    some_func(5i32);\n}\n```\n\nNote that the error here is in the definition of the generic function. Although\nwe only call it with a parameter that does implement `Debug`, the compiler\nstill rejects the function. It must work with all possible input types. In\norder to make this example compile, we need to restrict the generic type we're\naccepting:\n\n```\nuse std::fmt;\n\n// Restrict the input type to types that implement Debug.\nfn some_func<T: fmt::Debug>(foo: T) {\n    println!(\"{:?}\", foo);\n}\n\nfn main() {\n    // Calling the method is still fine, as i32 implements Debug.\n    some_func(5i32);\n\n    // This would fail to compile now:\n    // struct WithoutDebug;\n    // some_func(WithoutDebug);\n}\n```\n\nRust only looks at the signature of the called function, as such it must\nalready specify all requirements that will be used for every type parameter.\n"},"level":"error","spans":[{"file_name":"src/diesel_impl/media.rs","byte_start":327,"byte_end":337,"line_start":15,"line_end":15,"column_start":21,"column_end":31,"is_primary":true,"text":[{"text":"#[derive(Queryable, Insertable)]","highlight_start":21,"highlight_end":31}],"label":"the trait `diesel::Expression` is not implemented for `NaiveDateTime`","suggested_replacement":null,"suggestion_applicability":null,"expansion":{"span":{"file_name":"src/diesel_impl/media.rs","byte_start":327,"byte_end":337,"line_start":15,"line_end":15,"column_start":21,"column_end":31,"is_primary":false,"text":[{"text":"#[derive(Queryable, Insertable)]","highlight_start":21,"highlight_end":31}],"label":null,"suggested_replacement":null,"suggestion_applicability":null,"expansion":null},"macro_decl_name":"#[derive(Insertable)]","def_site_span":{"file_name":"/Users/alainsst/.cargo/registry/src/github.com-1ecc6299db9ec823/diesel_derives-1.4.1/src/lib.rs","byte_start":2243,"byte_end":2302,"line_start":86,"line_end":86,"column_start":1,"column_end":60,"is_primary":false,"text":[{"text":"pub fn derive_insertable(input: TokenStream) -> TokenStream {","highlight_start":1,"highlight_end":60}],"label":null,"suggested_replacement":null,"suggestion_applicability":null,"expansion":null}}}],"children":[{"message":"the following other types implement trait `diesel::Expression`:\n  &'a T\n  (A, B)\n  (A, B, C)\n  (A, B, C, D)\n  (A, B, C, D, E)\n  (A, B, C, D, E, F)\n  (A, B, C, D, E, F, G)\n  (A, B, C, D, E, F, G, H)\nand 119 others","code":null,"level":"help","spans":[],"children":[],"rendered":null},{"message":"required because of the requirements on the impl of `AsExpression<diesel::sql_types::Nullable<diesel::sql_types::Time>>` for `NaiveDateTime`","code":null,"level":"note","spans":[],"children":[],"rendered":null}],"rendered":"\u001b[0m\u001b[1m\u001b[38;5;9merror[E0277]\u001b[0m\u001b[0m\u001b[1m: the trait bound `NaiveDateTime: diesel::Expression` is not satisfied\u001b[0m\n\u001b[0m  \u001b[0m\u001b[0m\u001b[1m\u001b[38;5;12m--> \u001b[0m\u001b[0msrc/diesel_impl/media.rs:15:21\u001b[0m\n\u001b[0m   \u001b[0m\u001b[0m\u001b[1m\u001b[38;5;12m|\u001b[0m\n\u001b[0m\u001b[1m\u001b[38;5;12m15\u001b[0m\u001b[0m \u001b[0m\u001b[0m\u001b[1m\u001b[38;5;12m| \u001b[0m\u001b[0m#[derive(Queryable, Insertable)]\u001b[0m\n\u001b[0m   \u001b[0m\u001b[0m\u001b[1m\u001b[38;5;12m| \u001b[0m\u001b[0m                    \u001b[0m\u001b[0m\u001b[1m\u001b[38;5;9m^^^^^^^^^^\u001b[0m\u001b[0m \u001b[0m\u001b[0m\u001b[1m\u001b[38;5;9mthe trait `diesel::Expression` is not implemented for `NaiveDateTime`\u001b[0m\n\u001b[0m   \u001b[0m\u001b[0m\u001b[1m\u001b[38;5;12m|\u001b[0m\n\u001b[0m   \u001b[0m\u001b[0m\u001b[1m\u001b[38;5;12m= \u001b[0m\u001b[0m\u001b[1mhelp\u001b[0m\u001b[0m: the following other types implement trait `diesel::Expression`:\u001b[0m\n\u001b[0m             &'a T\u001b[0m\n\u001b[0m             (A, B)\u001b[0m\n\u001b[0m             (A, B, C)\u001b[0m\n\u001b[0m             (A, B, C, D)\u001b[0m\n\u001b[0m             (A, B, C, D, E)\u001b[0m\n\u001b[0m             (A, B, C, D, E, F)\u001b[0m\n\u001b[0m             (A, B, C, D, E, F, G)\u001b[0m\n\u001b[0m             (A, B, C, D, E, F, G, H)\u001b[0m\n\u001b[0m           and 119 others\u001b[0m\n\u001b[0m   \u001b[0m\u001b[0m\u001b[1m\u001b[38;5;12m= \u001b[0m\u001b[0m\u001b[1mnote\u001b[0m\u001b[0m: required because of the requirements on the impl of `AsExpression<diesel::sql_types::Nullable<diesel::sql_types::Time>>` for `NaiveDateTime`\u001b[0m\n\u001b[0m   \u001b[0m\u001b[0m\u001b[1m\u001b[38;5;12m= \u001b[0m\u001b[0m\u001b[1mnote\u001b[0m\u001b[0m: this error originates in the derive macro `Insertable` (in Nightly builds, run with -Z macro-backtrace for more info)\u001b[0m\n\n"}
{"message":"the trait bound `u16: diesel::Expression` is not satisfied","code":{"code":"E0277","explanation":"You tried to use a type which doesn't implement some trait in a place which\nexpected that trait.\n\nErroneous code example:\n\n```compile_fail,E0277\n// here we declare the Foo trait with a bar method\ntrait Foo {\n    fn bar(&self);\n}\n\n// we now declare a function which takes an object implementing the Foo trait\nfn some_func<T: Foo>(foo: T) {\n    foo.bar();\n}\n\nfn main() {\n    // we now call the method with the i32 type, which doesn't implement\n    // the Foo trait\n    some_func(5i32); // error: the trait bound `i32 : Foo` is not satisfied\n}\n```\n\nIn order to fix this error, verify that the type you're using does implement\nthe trait. Example:\n\n```\ntrait Foo {\n    fn bar(&self);\n}\n\n// we implement the trait on the i32 type\nimpl Foo for i32 {\n    fn bar(&self) {}\n}\n\nfn some_func<T: Foo>(foo: T) {\n    foo.bar(); // we can now use this method since i32 implements the\n               // Foo trait\n}\n\nfn main() {\n    some_func(5i32); // ok!\n}\n```\n\nOr in a generic context, an erroneous code example would look like:\n\n```compile_fail,E0277\nfn some_func<T>(foo: T) {\n    println!(\"{:?}\", foo); // error: the trait `core::fmt::Debug` is not\n                           //        implemented for the type `T`\n}\n\nfn main() {\n    // We now call the method with the i32 type,\n    // which *does* implement the Debug trait.\n    some_func(5i32);\n}\n```\n\nNote that the error here is in the definition of the generic function. Although\nwe only call it with a parameter that does implement `Debug`, the compiler\nstill rejects the function. It must work with all possible input types. In\norder to make this example compile, we need to restrict the generic type we're\naccepting:\n\n```\nuse std::fmt;\n\n// Restrict the input type to types that implement Debug.\nfn some_func<T: fmt::Debug>(foo: T) {\n    println!(\"{:?}\", foo);\n}\n\nfn main() {\n    // Calling the method is still fine, as i32 implements Debug.\n    some_func(5i32);\n\n    // This would fail to compile now:\n    // struct WithoutDebug;\n    // some_func(WithoutDebug);\n}\n```\n\nRust only looks at the signature of the called function, as such it must\nalready specify all requirements that will be used for every type parameter.\n"},"level":"error","spans":[{"file_name":"src/diesel_impl/media.rs","byte_start":327,"byte_end":337,"line_start":15,"line_end":15,"column_start":21,"column_end":31,"is_primary":true,"text":[{"text":"#[derive(Queryable, Insertable)]","highlight_start":21,"highlight_end":31}],"label":"the trait `diesel::Expression` is not implemented for `u16`","suggested_replacement":null,"suggestion_applicability":null,"expansion":{"span":{"file_name":"src/diesel_impl/media.rs","byte_start":327,"byte_end":337,"line_start":15,"line_end":15,"column_start":21,"column_end":31,"is_primary":false,"text":[{"text":"#[derive(Queryable, Insertable)]","highlight_start":21,"highlight_end":31}],"label":null,"suggested_replacement":null,"suggestion_applicability":null,"expansion":null},"macro_decl_name":"#[derive(Insertable)]","def_site_span":{"file_name":"/Users/alainsst/.cargo/registry/src/github.com-1ecc6299db9ec823/diesel_derives-1.4.1/src/lib.rs","byte_start":2243,"byte_end":2302,"line_start":86,"line_end":86,"column_start":1,"column_end":60,"is_primary":false,"text":[{"text":"pub fn derive_insertable(input: TokenStream) -> TokenStream {","highlight_start":1,"highlight_end":60}],"label":null,"suggested_replacement":null,"suggestion_applicability":null,"expansion":null}}}],"children":[{"message":"the following other types implement trait `diesel::Expression`:\n  &'a T\n  (A, B)\n  (A, B, C)\n  (A, B, C, D)\n  (A, B, C, D, E)\n  (A, B, C, D, E, F)\n  (A, B, C, D, E, F, G)\n  (A, B, C, D, E, F, G, H)\nand 119 others","code":null,"level":"help","spans":[],"children":[],"rendered":null},{"message":"required because of the requirements on the impl of `diesel::Expression` for `&'insert u16`","code":null,"level":"note","spans":[],"children":[],"rendered":null},{"message":"required because of the requirements on the impl of `AsExpression<Integer>` for `&'insert u16`","code":null,"level":"note","spans":[],"children":[],"rendered":null}],"rendered":"\u001b[0m\u001b[1m\u001b[38;5;9merror[E0277]\u001b[0m\u001b[0m\u001b[1m: the trait bound `u16: diesel::Expression` is not satisfied\u001b[0m\n\u001b[0m  \u001b[0m\u001b[0m\u001b[1m\u001b[38;5;12m--> \u001b[0m\u001b[0msrc/diesel_impl/media.rs:15:21\u001b[0m\n\u001b[0m   \u001b[0m\u001b[0m\u001b[1m\u001b[38;5;12m|\u001b[0m\n\u001b[0m\u001b[1m\u001b[38;5;12m15\u001b[0m\u001b[0m \u001b[0m\u001b[0m\u001b[1m\u001b[38;5;12m| \u001b[0m\u001b[0m#[derive(Queryable, Insertable)]\u001b[0m\n\u001b[0m   \u001b[0m\u001b[0m\u001b[1m\u001b[38;5;12m| \u001b[0m\u001b[0m                    \u001b[0m\u001b[0m\u001b[1m\u001b[38;5;9m^^^^^^^^^^\u001b[0m\u001b[0m \u001b[0m\u001b[0m\u001b[1m\u001b[38;5;9mthe trait `diesel::Expression` is not implemented for `u16`\u001b[0m\n\u001b[0m   \u001b[0m\u001b[0m\u001b[1m\u001b[38;5;12m|\u001b[0m\n\u001b[0m   \u001b[0m\u001b[0m\u001b[1m\u001b[38;5;12m= \u001b[0m\u001b[0m\u001b[1mhelp\u001b[0m\u001b[0m: the following other types implement trait `diesel::Expression`:\u001b[0m\n\u001b[0m             &'a T\u001b[0m\n\u001b[0m             (A, B)\u001b[0m\n\u001b[0m             (A, B, C)\u001b[0m\n\u001b[0m             (A, B, C, D)\u001b[0m\n\u001b[0m             (A, B, C, D, E)\u001b[0m\n\u001b[0m             (A, B, C, D, E, F)\u001b[0m\n\u001b[0m             (A, B, C, D, E, F, G)\u001b[0m\n\u001b[0m             (A, B, C, D, E, F, G, H)\u001b[0m\n\u001b[0m           and 119 others\u001b[0m\n\u001b[0m   \u001b[0m\u001b[0m\u001b[1m\u001b[38;5;12m= \u001b[0m\u001b[0m\u001b[1mnote\u001b[0m\u001b[0m: required because of the requirements on the impl of `diesel::Expression` for `&'insert u16`\u001b[0m\n\u001b[0m   \u001b[0m\u001b[0m\u001b[1m\u001b[38;5;12m= \u001b[0m\u001b[0m\u001b[1mnote\u001b[0m\u001b[0m: required because of the requirements on the impl of `AsExpression<Integer>` for `&'insert u16`\u001b[0m\n\u001b[0m   \u001b[0m\u001b[0m\u001b[1m\u001b[38;5;12m= \u001b[0m\u001b[0m\u001b[1mnote\u001b[0m\u001b[0m: this error originates in the derive macro `Insertable` (in Nightly builds, run with -Z macro-backtrace for more info)\u001b[0m\n\n"}
{"message":"the trait bound `NaiveDateTime: diesel::Expression` is not satisfied","code":{"code":"E0277","explanation":"You tried to use a type which doesn't implement some trait in a place which\nexpected that trait.\n\nErroneous code example:\n\n```compile_fail,E0277\n// here we declare the Foo trait with a bar method\ntrait Foo {\n    fn bar(&self);\n}\n\n// we now declare a function which takes an object implementing the Foo trait\nfn some_func<T: Foo>(foo: T) {\n    foo.bar();\n}\n\nfn main() {\n    // we now call the method with the i32 type, which doesn't implement\n    // the Foo trait\n    some_func(5i32); // error: the trait bound `i32 : Foo` is not satisfied\n}\n```\n\nIn order to fix this error, verify that the type you're using does implement\nthe trait. Example:\n\n```\ntrait Foo {\n    fn bar(&self);\n}\n\n// we implement the trait on the i32 type\nimpl Foo for i32 {\n    fn bar(&self) {}\n}\n\nfn some_func<T: Foo>(foo: T) {\n    foo.bar(); // we can now use this method since i32 implements the\n               // Foo trait\n}\n\nfn main() {\n    some_func(5i32); // ok!\n}\n```\n\nOr in a generic context, an erroneous code example would look like:\n\n```compile_fail,E0277\nfn some_func<T>(foo: T) {\n    println!(\"{:?}\", foo); // error: the trait `core::fmt::Debug` is not\n                           //        implemented for the type `T`\n}\n\nfn main() {\n    // We now call the method with the i32 type,\n    // which *does* implement the Debug trait.\n    some_func(5i32);\n}\n```\n\nNote that the error here is in the definition of the generic function. Although\nwe only call it with a parameter that does implement `Debug`, the compiler\nstill rejects the function. It must work with all possible input types. In\norder to make this example compile, we need to restrict the generic type we're\naccepting:\n\n```\nuse std::fmt;\n\n// Restrict the input type to types that implement Debug.\nfn some_func<T: fmt::Debug>(foo: T) {\n    println!(\"{:?}\", foo);\n}\n\nfn main() {\n    // Calling the method is still fine, as i32 implements Debug.\n    some_func(5i32);\n\n    // This would fail to compile now:\n    // struct WithoutDebug;\n    // some_func(WithoutDebug);\n}\n```\n\nRust only looks at the signature of the called function, as such it must\nalready specify all requirements that will be used for every type parameter.\n"},"level":"error","spans":[{"file_name":"src/diesel_impl/media.rs","byte_start":327,"byte_end":337,"line_start":15,"line_end":15,"column_start":21,"column_end":31,"is_primary":true,"text":[{"text":"#[derive(Queryable, Insertable)]","highlight_start":21,"highlight_end":31}],"label":"the trait `diesel::Expression` is not implemented for `NaiveDateTime`","suggested_replacement":null,"suggestion_applicability":null,"expansion":{"span":{"file_name":"src/diesel_impl/media.rs","byte_start":327,"byte_end":337,"line_start":15,"line_end":15,"column_start":21,"column_end":31,"is_primary":false,"text":[{"text":"#[derive(Queryable, Insertable)]","highlight_start":21,"highlight_end":31}],"label":null,"suggested_replacement":null,"suggestion_applicability":null,"expansion":null},"macro_decl_name":"#[derive(Insertable)]","def_site_span":{"file_name":"/Users/alainsst/.cargo/registry/src/github.com-1ecc6299db9ec823/diesel_derives-1.4.1/src/lib.rs","byte_start":2243,"byte_end":2302,"line_start":86,"line_end":86,"column_start":1,"column_end":60,"is_primary":false,"text":[{"text":"pub fn derive_insertable(input: TokenStream) -> TokenStream {","highlight_start":1,"highlight_end":60}],"label":null,"suggested_replacement":null,"suggestion_applicability":null,"expansion":null}}}],"children":[{"message":"the following other types implement trait `diesel::Expression`:\n  &'a T\n  (A, B)\n  (A, B, C)\n  (A, B, C, D)\n  (A, B, C, D, E)\n  (A, B, C, D, E, F)\n  (A, B, C, D, E, F, G)\n  (A, B, C, D, E, F, G, H)\nand 119 others","code":null,"level":"help","spans":[],"children":[],"rendered":null},{"message":"required because of the requirements on the impl of `diesel::Expression` for `&'insert NaiveDateTime`","code":null,"level":"note","spans":[],"children":[],"rendered":null},{"message":"required because of the requirements on the impl of `AsExpression<diesel::sql_types::Nullable<diesel::sql_types::Time>>` for `&'insert NaiveDateTime`","code":null,"level":"note","spans":[],"children":[],"rendered":null}],"rendered":"\u001b[0m\u001b[1m\u001b[38;5;9merror[E0277]\u001b[0m\u001b[0m\u001b[1m: the trait bound `NaiveDateTime: diesel::Expression` is not satisfied\u001b[0m\n\u001b[0m  \u001b[0m\u001b[0m\u001b[1m\u001b[38;5;12m--> \u001b[0m\u001b[0msrc/diesel_impl/media.rs:15:21\u001b[0m\n\u001b[0m   \u001b[0m\u001b[0m\u001b[1m\u001b[38;5;12m|\u001b[0m\n\u001b[0m\u001b[1m\u001b[38;5;12m15\u001b[0m\u001b[0m \u001b[0m\u001b[0m\u001b[1m\u001b[38;5;12m| \u001b[0m\u001b[0m#[derive(Queryable, Insertable)]\u001b[0m\n\u001b[0m   \u001b[0m\u001b[0m\u001b[1m\u001b[38;5;12m| \u001b[0m\u001b[0m                    \u001b[0m\u001b[0m\u001b[1m\u001b[38;5;9m^^^^^^^^^^\u001b[0m\u001b[0m \u001b[0m\u001b[0m\u001b[1m\u001b[38;5;9mthe trait `diesel::Expression` is not implemented for `NaiveDateTime`\u001b[0m\n\u001b[0m   \u001b[0m\u001b[0m\u001b[1m\u001b[38;5;12m|\u001b[0m\n\u001b[0m   \u001b[0m\u001b[0m\u001b[1m\u001b[38;5;12m= \u001b[0m\u001b[0m\u001b[1mhelp\u001b[0m\u001b[0m: the following other types implement trait `diesel::Expression`:\u001b[0m\n\u001b[0m             &'a T\u001b[0m\n\u001b[0m             (A, B)\u001b[0m\n\u001b[0m             (A, B, C)\u001b[0m\n\u001b[0m             (A, B, C, D)\u001b[0m\n\u001b[0m             (A, B, C, D, E)\u001b[0m\n\u001b[0m             (A, B, C, D, E, F)\u001b[0m\n\u001b[0m             (A, B, C, D, E, F, G)\u001b[0m\n\u001b[0m             (A, B, C, D, E, F, G, H)\u001b[0m\n\u001b[0m           and 119 others\u001b[0m\n\u001b[0m   \u001b[0m\u001b[0m\u001b[1m\u001b[38;5;12m= \u001b[0m\u001b[0m\u001b[1mnote\u001b[0m\u001b[0m: required because of the requirements on the impl of `diesel::Expression` for `&'insert NaiveDateTime`\u001b[0m\n\u001b[0m   \u001b[0m\u001b[0m\u001b[1m\u001b[38;5;12m= \u001b[0m\u001b[0m\u001b[1mnote\u001b[0m\u001b[0m: required because of the requirements on the impl of `AsExpression<diesel::sql_types::Nullable<diesel::sql_types::Time>>` for `&'insert NaiveDateTime`\u001b[0m\n\u001b[0m   \u001b[0m\u001b[0m\u001b[1m\u001b[38;5;12m= \u001b[0m\u001b[0m\u001b[1mnote\u001b[0m\u001b[0m: this error originates in the derive macro `Insertable` (in Nightly builds, run with -Z macro-backtrace for more info)\u001b[0m\n\n"}
{"message":"the trait bound `u16: diesel::Expression` is not satisfied","code":{"code":"E0277","explanation":"You tried to use a type which doesn't implement some trait in a place which\nexpected that trait.\n\nErroneous code example:\n\n```compile_fail,E0277\n// here we declare the Foo trait with a bar method\ntrait Foo {\n    fn bar(&self);\n}\n\n// we now declare a function which takes an object implementing the Foo trait\nfn some_func<T: Foo>(foo: T) {\n    foo.bar();\n}\n\nfn main() {\n    // we now call the method with the i32 type, which doesn't implement\n    // the Foo trait\n    some_func(5i32); // error: the trait bound `i32 : Foo` is not satisfied\n}\n```\n\nIn order to fix this error, verify that the type you're using does implement\nthe trait. Example:\n\n```\ntrait Foo {\n    fn bar(&self);\n}\n\n// we implement the trait on the i32 type\nimpl Foo for i32 {\n    fn bar(&self) {}\n}\n\nfn some_func<T: Foo>(foo: T) {\n    foo.bar(); // we can now use this method since i32 implements the\n               // Foo trait\n}\n\nfn main() {\n    some_func(5i32); // ok!\n}\n```\n\nOr in a generic context, an erroneous code example would look like:\n\n```compile_fail,E0277\nfn some_func<T>(foo: T) {\n    println!(\"{:?}\", foo); // error: the trait `core::fmt::Debug` is not\n                           //        implemented for the type `T`\n}\n\nfn main() {\n    // We now call the method with the i32 type,\n    // which *does* implement the Debug trait.\n    some_func(5i32);\n}\n```\n\nNote that the error here is in the definition of the generic function. Although\nwe only call it with a parameter that does implement `Debug`, the compiler\nstill rejects the function. It must work with all possible input types. In\norder to make this example compile, we need to restrict the generic type we're\naccepting:\n\n```\nuse std::fmt;\n\n// Restrict the input type to types that implement Debug.\nfn some_func<T: fmt::Debug>(foo: T) {\n    println!(\"{:?}\", foo);\n}\n\nfn main() {\n    // Calling the method is still fine, as i32 implements Debug.\n    some_func(5i32);\n\n    // This would fail to compile now:\n    // struct WithoutDebug;\n    // some_func(WithoutDebug);\n}\n```\n\nRust only looks at the signature of the called function, as such it must\nalready specify all requirements that will be used for every type parameter.\n"},"level":"error","spans":[{"file_name":"src/diesel_impl/media.rs","byte_start":327,"byte_end":337,"line_start":15,"line_end":15,"column_start":21,"column_end":31,"is_primary":true,"text":[{"text":"#[derive(Queryable, Insertable)]","highlight_start":21,"highlight_end":31}],"label":"the trait `diesel::Expression` is not implemented for `u16`","suggested_replacement":null,"suggestion_applicability":null,"expansion":{"span":{"file_name":"src/diesel_impl/media.rs","byte_start":327,"byte_end":337,"line_start":15,"line_end":15,"column_start":21,"column_end":31,"is_primary":false,"text":[{"text":"#[derive(Queryable, Insertable)]","highlight_start":21,"highlight_end":31}],"label":null,"suggested_replacement":null,"suggestion_applicability":null,"expansion":null},"macro_decl_name":"#[derive(Insertable)]","def_site_span":{"file_name":"/Users/alainsst/.cargo/registry/src/github.com-1ecc6299db9ec823/diesel_derives-1.4.1/src/lib.rs","byte_start":2243,"byte_end":2302,"line_start":86,"line_end":86,"column_start":1,"column_end":60,"is_primary":false,"text":[{"text":"pub fn derive_insertable(input: TokenStream) -> TokenStream {","highlight_start":1,"highlight_end":60}],"label":null,"suggested_replacement":null,"suggestion_applicability":null,"expansion":null}}}],"children":[{"message":"the following other types implement trait `diesel::Expression`:\n  &'a T\n  (A, B)\n  (A, B, C)\n  (A, B, C, D)\n  (A, B, C, D, E)\n  (A, B, C, D, E, F)\n  (A, B, C, D, E, F, G)\n  (A, B, C, D, E, F, G, H)\nand 119 others","code":null,"level":"help","spans":[],"children":[],"rendered":null},{"message":"required because of the requirements on the impl of `diesel::Expression` for `&u16`","code":null,"level":"note","spans":[],"children":[],"rendered":null},{"message":"required because of the requirements on the impl of `AsExpression<Integer>` for `&u16`","code":null,"level":"note","spans":[],"children":[],"rendered":null}],"rendered":"\u001b[0m\u001b[1m\u001b[38;5;9merror[E0277]\u001b[0m\u001b[0m\u001b[1m: the trait bound `u16: diesel::Expression` is not satisfied\u001b[0m\n\u001b[0m  \u001b[0m\u001b[0m\u001b[1m\u001b[38;5;12m--> \u001b[0m\u001b[0msrc/diesel_impl/media.rs:15:21\u001b[0m\n\u001b[0m   \u001b[0m\u001b[0m\u001b[1m\u001b[38;5;12m|\u001b[0m\n\u001b[0m\u001b[1m\u001b[38;5;12m15\u001b[0m\u001b[0m \u001b[0m\u001b[0m\u001b[1m\u001b[38;5;12m| \u001b[0m\u001b[0m#[derive(Queryable, Insertable)]\u001b[0m\n\u001b[0m   \u001b[0m\u001b[0m\u001b[1m\u001b[38;5;12m| \u001b[0m\u001b[0m                    \u001b[0m\u001b[0m\u001b[1m\u001b[38;5;9m^^^^^^^^^^\u001b[0m\u001b[0m \u001b[0m\u001b[0m\u001b[1m\u001b[38;5;9mthe trait `diesel::Expression` is not implemented for `u16`\u001b[0m\n\u001b[0m   \u001b[0m\u001b[0m\u001b[1m\u001b[38;5;12m|\u001b[0m\n\u001b[0m   \u001b[0m\u001b[0m\u001b[1m\u001b[38;5;12m= \u001b[0m\u001b[0m\u001b[1mhelp\u001b[0m\u001b[0m: the following other types implement trait `diesel::Expression`:\u001b[0m\n\u001b[0m             &'a T\u001b[0m\n\u001b[0m             (A, B)\u001b[0m\n\u001b[0m             (A, B, C)\u001b[0m\n\u001b[0m             (A, B, C, D)\u001b[0m\n\u001b[0m             (A, B, C, D, E)\u001b[0m\n\u001b[0m             (A, B, C, D, E, F)\u001b[0m\n\u001b[0m             (A, B, C, D, E, F, G)\u001b[0m\n\u001b[0m             (A, B, C, D, E, F, G, H)\u001b[0m\n\u001b[0m           and 119 others\u001b[0m\n\u001b[0m   \u001b[0m\u001b[0m\u001b[1m\u001b[38;5;12m= \u001b[0m\u001b[0m\u001b[1mnote\u001b[0m\u001b[0m: required because of the requirements on the impl of `diesel::Expression` for `&u16`\u001b[0m\n\u001b[0m   \u001b[0m\u001b[0m\u001b[1m\u001b[38;5;12m= \u001b[0m\u001b[0m\u001b[1mnote\u001b[0m\u001b[0m: required because of the requirements on the impl of `AsExpression<Integer>` for `&u16`\u001b[0m\n\u001b[0m   \u001b[0m\u001b[0m\u001b[1m\u001b[38;5;12m= \u001b[0m\u001b[0m\u001b[1mnote\u001b[0m\u001b[0m: this error originates in the derive macro `Insertable` (in Nightly builds, run with -Z macro-backtrace for more info)\u001b[0m\n\n"}
{"message":"the trait bound `NaiveDateTime: diesel::Expression` is not satisfied","code":{"code":"E0277","explanation":"You tried to use a type which doesn't implement some trait in a place which\nexpected that trait.\n\nErroneous code example:\n\n```compile_fail,E0277\n// here we declare the Foo trait with a bar method\ntrait Foo {\n    fn bar(&self);\n}\n\n// we now declare a function which takes an object implementing the Foo trait\nfn some_func<T: Foo>(foo: T) {\n    foo.bar();\n}\n\nfn main() {\n    // we now call the method with the i32 type, which doesn't implement\n    // the Foo trait\n    some_func(5i32); // error: the trait bound `i32 : Foo` is not satisfied\n}\n```\n\nIn order to fix this error, verify that the type you're using does implement\nthe trait. Example:\n\n```\ntrait Foo {\n    fn bar(&self);\n}\n\n// we implement the trait on the i32 type\nimpl Foo for i32 {\n    fn bar(&self) {}\n}\n\nfn some_func<T: Foo>(foo: T) {\n    foo.bar(); // we can now use this method since i32 implements the\n               // Foo trait\n}\n\nfn main() {\n    some_func(5i32); // ok!\n}\n```\n\nOr in a generic context, an erroneous code example would look like:\n\n```compile_fail,E0277\nfn some_func<T>(foo: T) {\n    println!(\"{:?}\", foo); // error: the trait `core::fmt::Debug` is not\n                           //        implemented for the type `T`\n}\n\nfn main() {\n    // We now call the method with the i32 type,\n    // which *does* implement the Debug trait.\n    some_func(5i32);\n}\n```\n\nNote that the error here is in the definition of the generic function. Although\nwe only call it with a parameter that does implement `Debug`, the compiler\nstill rejects the function. It must work with all possible input types. In\norder to make this example compile, we need to restrict the generic type we're\naccepting:\n\n```\nuse std::fmt;\n\n// Restrict the input type to types that implement Debug.\nfn some_func<T: fmt::Debug>(foo: T) {\n    println!(\"{:?}\", foo);\n}\n\nfn main() {\n    // Calling the method is still fine, as i32 implements Debug.\n    some_func(5i32);\n\n    // This would fail to compile now:\n    // struct WithoutDebug;\n    // some_func(WithoutDebug);\n}\n```\n\nRust only looks at the signature of the called function, as such it must\nalready specify all requirements that will be used for every type parameter.\n"},"level":"error","spans":[{"file_name":"src/diesel_impl/media.rs","byte_start":327,"byte_end":337,"line_start":15,"line_end":15,"column_start":21,"column_end":31,"is_primary":true,"text":[{"text":"#[derive(Queryable, Insertable)]","highlight_start":21,"highlight_end":31}],"label":"the trait `diesel::Expression` is not implemented for `NaiveDateTime`","suggested_replacement":null,"suggestion_applicability":null,"expansion":{"span":{"file_name":"src/diesel_impl/media.rs","byte_start":327,"byte_end":337,"line_start":15,"line_end":15,"column_start":21,"column_end":31,"is_primary":false,"text":[{"text":"#[derive(Queryable, Insertable)]","highlight_start":21,"highlight_end":31}],"label":null,"suggested_replacement":null,"suggestion_applicability":null,"expansion":null},"macro_decl_name":"#[derive(Insertable)]","def_site_span":{"file_name":"/Users/alainsst/.cargo/registry/src/github.com-1ecc6299db9ec823/diesel_derives-1.4.1/src/lib.rs","byte_start":2243,"byte_end":2302,"line_start":86,"line_end":86,"column_start":1,"column_end":60,"is_primary":false,"text":[{"text":"pub fn derive_insertable(input: TokenStream) -> TokenStream {","highlight_start":1,"highlight_end":60}],"label":null,"suggested_replacement":null,"suggestion_applicability":null,"expansion":null}}}],"children":[{"message":"the following other types implement trait `diesel::Expression`:\n  &'a T\n  (A, B)\n  (A, B, C)\n  (A, B, C, D)\n  (A, B, C, D, E)\n  (A, B, C, D, E, F)\n  (A, B, C, D, E, F, G)\n  (A, B, C, D, E, F, G, H)\nand 119 others","code":null,"level":"help","spans":[],"children":[],"rendered":null},{"message":"required because of the requirements on the impl of `diesel::Expression` for `&NaiveDateTime`","code":null,"level":"note","spans":[],"children":[],"rendered":null},{"message":"required because of the requirements on the impl of `AsExpression<diesel::sql_types::Nullable<diesel::sql_types::Time>>` for `&NaiveDateTime`","code":null,"level":"note","spans":[],"children":[],"rendered":null}],"rendered":"\u001b[0m\u001b[1m\u001b[38;5;9merror[E0277]\u001b[0m\u001b[0m\u001b[1m: the trait bound `NaiveDateTime: diesel::Expression` is not satisfied\u001b[0m\n\u001b[0m  \u001b[0m\u001b[0m\u001b[1m\u001b[38;5;12m--> \u001b[0m\u001b[0msrc/diesel_impl/media.rs:15:21\u001b[0m\n\u001b[0m   \u001b[0m\u001b[0m\u001b[1m\u001b[38;5;12m|\u001b[0m\n\u001b[0m\u001b[1m\u001b[38;5;12m15\u001b[0m\u001b[0m \u001b[0m\u001b[0m\u001b[1m\u001b[38;5;12m| \u001b[0m\u001b[0m#[derive(Queryable, Insertable)]\u001b[0m\n\u001b[0m   \u001b[0m\u001b[0m\u001b[1m\u001b[38;5;12m| \u001b[0m\u001b[0m                    \u001b[0m\u001b[0m\u001b[1m\u001b[38;5;9m^^^^^^^^^^\u001b[0m\u001b[0m \u001b[0m\u001b[0m\u001b[1m\u001b[38;5;9mthe trait `diesel::Expression` is not implemented for `NaiveDateTime`\u001b[0m\n\u001b[0m   \u001b[0m\u001b[0m\u001b[1m\u001b[38;5;12m|\u001b[0m\n\u001b[0m   \u001b[0m\u001b[0m\u001b[1m\u001b[38;5;12m= \u001b[0m\u001b[0m\u001b[1mhelp\u001b[0m\u001b[0m: the following other types implement trait `diesel::Expression`:\u001b[0m\n\u001b[0m             &'a T\u001b[0m\n\u001b[0m             (A, B)\u001b[0m\n\u001b[0m             (A, B, C)\u001b[0m\n\u001b[0m             (A, B, C, D)\u001b[0m\n\u001b[0m             (A, B, C, D, E)\u001b[0m\n\u001b[0m             (A, B, C, D, E, F)\u001b[0m\n\u001b[0m             (A, B, C, D, E, F, G)\u001b[0m\n\u001b[0m             (A, B, C, D, E, F, G, H)\u001b[0m\n\u001b[0m           and 119 others\u001b[0m\n\u001b[0m   \u001b[0m\u001b[0m\u001b[1m\u001b[38;5;12m= \u001b[0m\u001b[0m\u001b[1mnote\u001b[0m\u001b[0m: required because of the requirements on the impl of `diesel::Expression` for `&NaiveDateTime`\u001b[0m\n\u001b[0m   \u001b[0m\u001b[0m\u001b[1m\u001b[38;5;12m= \u001b[0m\u001b[0m\u001b[1mnote\u001b[0m\u001b[0m: required because of the requirements on the impl of `AsExpression<diesel::sql_types::Nullable<diesel::sql_types::Time>>` for `&NaiveDateTime`\u001b[0m\n\u001b[0m   \u001b[0m\u001b[0m\u001b[1m\u001b[38;5;12m= \u001b[0m\u001b[0m\u001b[1mnote\u001b[0m\u001b[0m: this error originates in the derive macro `Insertable` (in Nightly builds, run with -Z macro-backtrace for more info)\u001b[0m\n\n"}
{"message":"the trait bound `u16: diesel::Expression` is not satisfied","code":{"code":"E0277","explanation":"You tried to use a type which doesn't implement some trait in a place which\nexpected that trait.\n\nErroneous code example:\n\n```compile_fail,E0277\n// here we declare the Foo trait with a bar method\ntrait Foo {\n    fn bar(&self);\n}\n\n// we now declare a function which takes an object implementing the Foo trait\nfn some_func<T: Foo>(foo: T) {\n    foo.bar();\n}\n\nfn main() {\n    // we now call the method with the i32 type, which doesn't implement\n    // the Foo trait\n    some_func(5i32); // error: the trait bound `i32 : Foo` is not satisfied\n}\n```\n\nIn order to fix this error, verify that the type you're using does implement\nthe trait. Example:\n\n```\ntrait Foo {\n    fn bar(&self);\n}\n\n// we implement the trait on the i32 type\nimpl Foo for i32 {\n    fn bar(&self) {}\n}\n\nfn some_func<T: Foo>(foo: T) {\n    foo.bar(); // we can now use this method since i32 implements the\n               // Foo trait\n}\n\nfn main() {\n    some_func(5i32); // ok!\n}\n```\n\nOr in a generic context, an erroneous code example would look like:\n\n```compile_fail,E0277\nfn some_func<T>(foo: T) {\n    println!(\"{:?}\", foo); // error: the trait `core::fmt::Debug` is not\n                           //        implemented for the type `T`\n}\n\nfn main() {\n    // We now call the method with the i32 type,\n    // which *does* implement the Debug trait.\n    some_func(5i32);\n}\n```\n\nNote that the error here is in the definition of the generic function. Although\nwe only call it with a parameter that does implement `Debug`, the compiler\nstill rejects the function. It must work with all possible input types. In\norder to make this example compile, we need to restrict the generic type we're\naccepting:\n\n```\nuse std::fmt;\n\n// Restrict the input type to types that implement Debug.\nfn some_func<T: fmt::Debug>(foo: T) {\n    println!(\"{:?}\", foo);\n}\n\nfn main() {\n    // Calling the method is still fine, as i32 implements Debug.\n    some_func(5i32);\n\n    // This would fail to compile now:\n    // struct WithoutDebug;\n    // some_func(WithoutDebug);\n}\n```\n\nRust only looks at the signature of the called function, as such it must\nalready specify all requirements that will be used for every type parameter.\n"},"level":"error","spans":[{"file_name":"src/diesel_impl/product.rs","byte_start":389,"byte_end":399,"line_start":16,"line_end":16,"column_start":21,"column_end":31,"is_primary":true,"text":[{"text":"#[derive(Queryable, Insertable)]","highlight_start":21,"highlight_end":31}],"label":"the trait `diesel::Expression` is not implemented for `u16`","suggested_replacement":null,"suggestion_applicability":null,"expansion":{"span":{"file_name":"src/diesel_impl/product.rs","byte_start":389,"byte_end":399,"line_start":16,"line_end":16,"column_start":21,"column_end":31,"is_primary":false,"text":[{"text":"#[derive(Queryable, Insertable)]","highlight_start":21,"highlight_end":31}],"label":null,"suggested_replacement":null,"suggestion_applicability":null,"expansion":null},"macro_decl_name":"#[derive(Insertable)]","def_site_span":{"file_name":"/Users/alainsst/.cargo/registry/src/github.com-1ecc6299db9ec823/diesel_derives-1.4.1/src/lib.rs","byte_start":2243,"byte_end":2302,"line_start":86,"line_end":86,"column_start":1,"column_end":60,"is_primary":false,"text":[{"text":"pub fn derive_insertable(input: TokenStream) -> TokenStream {","highlight_start":1,"highlight_end":60}],"label":null,"suggested_replacement":null,"suggestion_applicability":null,"expansion":null}}}],"children":[{"message":"the following other types implement trait `diesel::Expression`:\n  &'a T\n  (A, B)\n  (A, B, C)\n  (A, B, C, D)\n  (A, B, C, D, E)\n  (A, B, C, D, E, F)\n  (A, B, C, D, E, F, G)\n  (A, B, C, D, E, F, G, H)\nand 119 others","code":null,"level":"help","spans":[],"children":[],"rendered":null},{"message":"required because of the requirements on the impl of `AsExpression<Integer>` for `u16`","code":null,"level":"note","spans":[],"children":[],"rendered":null}],"rendered":"\u001b[0m\u001b[1m\u001b[38;5;9merror[E0277]\u001b[0m\u001b[0m\u001b[1m: the trait bound `u16: diesel::Expression` is not satisfied\u001b[0m\n\u001b[0m  \u001b[0m\u001b[0m\u001b[1m\u001b[38;5;12m--> \u001b[0m\u001b[0msrc/diesel_impl/product.rs:16:21\u001b[0m\n\u001b[0m   \u001b[0m\u001b[0m\u001b[1m\u001b[38;5;12m|\u001b[0m\n\u001b[0m\u001b[1m\u001b[38;5;12m16\u001b[0m\u001b[0m \u001b[0m\u001b[0m\u001b[1m\u001b[38;5;12m| \u001b[0m\u001b[0m#[derive(Queryable, Insertable)]\u001b[0m\n\u001b[0m   \u001b[0m\u001b[0m\u001b[1m\u001b[38;5;12m| \u001b[0m\u001b[0m                    \u001b[0m\u001b[0m\u001b[1m\u001b[38;5;9m^^^^^^^^^^\u001b[0m\u001b[0m \u001b[0m\u001b[0m\u001b[1m\u001b[38;5;9mthe trait `diesel::Expression` is not implemented for `u16`\u001b[0m\n\u001b[0m   \u001b[0m\u001b[0m\u001b[1m\u001b[38;5;12m|\u001b[0m\n\u001b[0m   \u001b[0m\u001b[0m\u001b[1m\u001b[38;5;12m= \u001b[0m\u001b[0m\u001b[1mhelp\u001b[0m\u001b[0m: the following other types implement trait `diesel::Expression`:\u001b[0m\n\u001b[0m             &'a T\u001b[0m\n\u001b[0m             (A, B)\u001b[0m\n\u001b[0m             (A, B, C)\u001b[0m\n\u001b[0m             (A, B, C, D)\u001b[0m\n\u001b[0m             (A, B, C, D, E)\u001b[0m\n\u001b[0m             (A, B, C, D, E, F)\u001b[0m\n\u001b[0m             (A, B, C, D, E, F, G)\u001b[0m\n\u001b[0m             (A, B, C, D, E, F, G, H)\u001b[0m\n\u001b[0m           and 119 others\u001b[0m\n\u001b[0m   \u001b[0m\u001b[0m\u001b[1m\u001b[38;5;12m= \u001b[0m\u001b[0m\u001b[1mnote\u001b[0m\u001b[0m: required because of the requirements on the impl of `AsExpression<Integer>` for `u16`\u001b[0m\n\u001b[0m   \u001b[0m\u001b[0m\u001b[1m\u001b[38;5;12m= \u001b[0m\u001b[0m\u001b[1mnote\u001b[0m\u001b[0m: this error originates in the derive macro `Insertable` (in Nightly builds, run with -Z macro-backtrace for more info)\u001b[0m\n\n"}
{"message":"the trait bound `NaiveDateTime: diesel::Expression` is not satisfied","code":{"code":"E0277","explanation":"You tried to use a type which doesn't implement some trait in a place which\nexpected that trait.\n\nErroneous code example:\n\n```compile_fail,E0277\n// here we declare the Foo trait with a bar method\ntrait Foo {\n    fn bar(&self);\n}\n\n// we now declare a function which takes an object implementing the Foo trait\nfn some_func<T: Foo>(foo: T) {\n    foo.bar();\n}\n\nfn main() {\n    // we now call the method with the i32 type, which doesn't implement\n    // the Foo trait\n    some_func(5i32); // error: the trait bound `i32 : Foo` is not satisfied\n}\n```\n\nIn order to fix this error, verify that the type you're using does implement\nthe trait. Example:\n\n```\ntrait Foo {\n    fn bar(&self);\n}\n\n// we implement the trait on the i32 type\nimpl Foo for i32 {\n    fn bar(&self) {}\n}\n\nfn some_func<T: Foo>(foo: T) {\n    foo.bar(); // we can now use this method since i32 implements the\n               // Foo trait\n}\n\nfn main() {\n    some_func(5i32); // ok!\n}\n```\n\nOr in a generic context, an erroneous code example would look like:\n\n```compile_fail,E0277\nfn some_func<T>(foo: T) {\n    println!(\"{:?}\", foo); // error: the trait `core::fmt::Debug` is not\n                           //        implemented for the type `T`\n}\n\nfn main() {\n    // We now call the method with the i32 type,\n    // which *does* implement the Debug trait.\n    some_func(5i32);\n}\n```\n\nNote that the error here is in the definition of the generic function. Although\nwe only call it with a parameter that does implement `Debug`, the compiler\nstill rejects the function. It must work with all possible input types. In\norder to make this example compile, we need to restrict the generic type we're\naccepting:\n\n```\nuse std::fmt;\n\n// Restrict the input type to types that implement Debug.\nfn some_func<T: fmt::Debug>(foo: T) {\n    println!(\"{:?}\", foo);\n}\n\nfn main() {\n    // Calling the method is still fine, as i32 implements Debug.\n    some_func(5i32);\n\n    // This would fail to compile now:\n    // struct WithoutDebug;\n    // some_func(WithoutDebug);\n}\n```\n\nRust only looks at the signature of the called function, as such it must\nalready specify all requirements that will be used for every type parameter.\n"},"level":"error","spans":[{"file_name":"src/diesel_impl/product.rs","byte_start":389,"byte_end":399,"line_start":16,"line_end":16,"column_start":21,"column_end":31,"is_primary":true,"text":[{"text":"#[derive(Queryable, Insertable)]","highlight_start":21,"highlight_end":31}],"label":"the trait `diesel::Expression` is not implemented for `NaiveDateTime`","suggested_replacement":null,"suggestion_applicability":null,"expansion":{"span":{"file_name":"src/diesel_impl/product.rs","byte_start":389,"byte_end":399,"line_start":16,"line_end":16,"column_start":21,"column_end":31,"is_primary":false,"text":[{"text":"#[derive(Queryable, Insertable)]","highlight_start":21,"highlight_end":31}],"label":null,"suggested_replacement":null,"suggestion_applicability":null,"expansion":null},"macro_decl_name":"#[derive(Insertable)]","def_site_span":{"file_name":"/Users/alainsst/.cargo/registry/src/github.com-1ecc6299db9ec823/diesel_derives-1.4.1/src/lib.rs","byte_start":2243,"byte_end":2302,"line_start":86,"line_end":86,"column_start":1,"column_end":60,"is_primary":false,"text":[{"text":"pub fn derive_insertable(input: TokenStream) -> TokenStream {","highlight_start":1,"highlight_end":60}],"label":null,"suggested_replacement":null,"suggestion_applicability":null,"expansion":null}}}],"children":[{"message":"the following other types implement trait `diesel::Expression`:\n  &'a T\n  (A, B)\n  (A, B, C)\n  (A, B, C, D)\n  (A, B, C, D, E)\n  (A, B, C, D, E, F)\n  (A, B, C, D, E, F, G)\n  (A, B, C, D, E, F, G, H)\nand 119 others","code":null,"level":"help","spans":[],"children":[],"rendered":null},{"message":"required because of the requirements on the impl of `AsExpression<diesel::sql_types::Nullable<diesel::sql_types::Time>>` for `NaiveDateTime`","code":null,"level":"note","spans":[],"children":[],"rendered":null}],"rendered":"\u001b[0m\u001b[1m\u001b[38;5;9merror[E0277]\u001b[0m\u001b[0m\u001b[1m: the trait bound `NaiveDateTime: diesel::Expression` is not satisfied\u001b[0m\n\u001b[0m  \u001b[0m\u001b[0m\u001b[1m\u001b[38;5;12m--> \u001b[0m\u001b[0msrc/diesel_impl/product.rs:16:21\u001b[0m\n\u001b[0m   \u001b[0m\u001b[0m\u001b[1m\u001b[38;5;12m|\u001b[0m\n\u001b[0m\u001b[1m\u001b[38;5;12m16\u001b[0m\u001b[0m \u001b[0m\u001b[0m\u001b[1m\u001b[38;5;12m| \u001b[0m\u001b[0m#[derive(Queryable, Insertable)]\u001b[0m\n\u001b[0m   \u001b[0m\u001b[0m\u001b[1m\u001b[38;5;12m| \u001b[0m\u001b[0m                    \u001b[0m\u001b[0m\u001b[1m\u001b[38;5;9m^^^^^^^^^^\u001b[0m\u001b[0m \u001b[0m\u001b[0m\u001b[1m\u001b[38;5;9mthe trait `diesel::Expression` is not implemented for `NaiveDateTime`\u001b[0m\n\u001b[0m   \u001b[0m\u001b[0m\u001b[1m\u001b[38;5;12m|\u001b[0m\n\u001b[0m   \u001b[0m\u001b[0m\u001b[1m\u001b[38;5;12m= \u001b[0m\u001b[0m\u001b[1mhelp\u001b[0m\u001b[0m: the following other types implement trait `diesel::Expression`:\u001b[0m\n\u001b[0m             &'a T\u001b[0m\n\u001b[0m             (A, B)\u001b[0m\n\u001b[0m             (A, B, C)\u001b[0m\n\u001b[0m             (A, B, C, D)\u001b[0m\n\u001b[0m             (A, B, C, D, E)\u001b[0m\n\u001b[0m             (A, B, C, D, E, F)\u001b[0m\n\u001b[0m             (A, B, C, D, E, F, G)\u001b[0m\n\u001b[0m             (A, B, C, D, E, F, G, H)\u001b[0m\n\u001b[0m           and 119 others\u001b[0m\n\u001b[0m   \u001b[0m\u001b[0m\u001b[1m\u001b[38;5;12m= \u001b[0m\u001b[0m\u001b[1mnote\u001b[0m\u001b[0m: required because of the requirements on the impl of `AsExpression<diesel::sql_types::Nullable<diesel::sql_types::Time>>` for `NaiveDateTime`\u001b[0m\n\u001b[0m   \u001b[0m\u001b[0m\u001b[1m\u001b[38;5;12m= \u001b[0m\u001b[0m\u001b[1mnote\u001b[0m\u001b[0m: this error originates in the derive macro `Insertable` (in Nightly builds, run with -Z macro-backtrace for more info)\u001b[0m\n\n"}
{"message":"the trait bound `u16: diesel::Expression` is not satisfied","code":{"code":"E0277","explanation":"You tried to use a type which doesn't implement some trait in a place which\nexpected that trait.\n\nErroneous code example:\n\n```compile_fail,E0277\n// here we declare the Foo trait with a bar method\ntrait Foo {\n    fn bar(&self);\n}\n\n// we now declare a function which takes an object implementing the Foo trait\nfn some_func<T: Foo>(foo: T) {\n    foo.bar();\n}\n\nfn main() {\n    // we now call the method with the i32 type, which doesn't implement\n    // the Foo trait\n    some_func(5i32); // error: the trait bound `i32 : Foo` is not satisfied\n}\n```\n\nIn order to fix this error, verify that the type you're using does implement\nthe trait. Example:\n\n```\ntrait Foo {\n    fn bar(&self);\n}\n\n// we implement the trait on the i32 type\nimpl Foo for i32 {\n    fn bar(&self) {}\n}\n\nfn some_func<T: Foo>(foo: T) {\n    foo.bar(); // we can now use this method since i32 implements the\n               // Foo trait\n}\n\nfn main() {\n    some_func(5i32); // ok!\n}\n```\n\nOr in a generic context, an erroneous code example would look like:\n\n```compile_fail,E0277\nfn some_func<T>(foo: T) {\n    println!(\"{:?}\", foo); // error: the trait `core::fmt::Debug` is not\n                           //        implemented for the type `T`\n}\n\nfn main() {\n    // We now call the method with the i32 type,\n    // which *does* implement the Debug trait.\n    some_func(5i32);\n}\n```\n\nNote that the error here is in the definition of the generic function. Although\nwe only call it with a parameter that does implement `Debug`, the compiler\nstill rejects the function. It must work with all possible input types. In\norder to make this example compile, we need to restrict the generic type we're\naccepting:\n\n```\nuse std::fmt;\n\n// Restrict the input type to types that implement Debug.\nfn some_func<T: fmt::Debug>(foo: T) {\n    println!(\"{:?}\", foo);\n}\n\nfn main() {\n    // Calling the method is still fine, as i32 implements Debug.\n    some_func(5i32);\n\n    // This would fail to compile now:\n    // struct WithoutDebug;\n    // some_func(WithoutDebug);\n}\n```\n\nRust only looks at the signature of the called function, as such it must\nalready specify all requirements that will be used for every type parameter.\n"},"level":"error","spans":[{"file_name":"src/diesel_impl/product.rs","byte_start":389,"byte_end":399,"line_start":16,"line_end":16,"column_start":21,"column_end":31,"is_primary":true,"text":[{"text":"#[derive(Queryable, Insertable)]","highlight_start":21,"highlight_end":31}],"label":"the trait `diesel::Expression` is not implemented for `u16`","suggested_replacement":null,"suggestion_applicability":null,"expansion":{"span":{"file_name":"src/diesel_impl/product.rs","byte_start":389,"byte_end":399,"line_start":16,"line_end":16,"column_start":21,"column_end":31,"is_primary":false,"text":[{"text":"#[derive(Queryable, Insertable)]","highlight_start":21,"highlight_end":31}],"label":null,"suggested_replacement":null,"suggestion_applicability":null,"expansion":null},"macro_decl_name":"#[derive(Insertable)]","def_site_span":{"file_name":"/Users/alainsst/.cargo/registry/src/github.com-1ecc6299db9ec823/diesel_derives-1.4.1/src/lib.rs","byte_start":2243,"byte_end":2302,"line_start":86,"line_end":86,"column_start":1,"column_end":60,"is_primary":false,"text":[{"text":"pub fn derive_insertable(input: TokenStream) -> TokenStream {","highlight_start":1,"highlight_end":60}],"label":null,"suggested_replacement":null,"suggestion_applicability":null,"expansion":null}}}],"children":[{"message":"the following other types implement trait `diesel::Expression`:\n  &'a T\n  (A, B)\n  (A, B, C)\n  (A, B, C, D)\n  (A, B, C, D, E)\n  (A, B, C, D, E, F)\n  (A, B, C, D, E, F, G)\n  (A, B, C, D, E, F, G, H)\nand 119 others","code":null,"level":"help","spans":[],"children":[],"rendered":null},{"message":"required because of the requirements on the impl of `diesel::Expression` for `&'insert u16`","code":null,"level":"note","spans":[],"children":[],"rendered":null},{"message":"required because of the requirements on the impl of `AsExpression<Integer>` for `&'insert u16`","code":null,"level":"note","spans":[],"children":[],"rendered":null}],"rendered":"\u001b[0m\u001b[1m\u001b[38;5;9merror[E0277]\u001b[0m\u001b[0m\u001b[1m: the trait bound `u16: diesel::Expression` is not satisfied\u001b[0m\n\u001b[0m  \u001b[0m\u001b[0m\u001b[1m\u001b[38;5;12m--> \u001b[0m\u001b[0msrc/diesel_impl/product.rs:16:21\u001b[0m\n\u001b[0m   \u001b[0m\u001b[0m\u001b[1m\u001b[38;5;12m|\u001b[0m\n\u001b[0m\u001b[1m\u001b[38;5;12m16\u001b[0m\u001b[0m \u001b[0m\u001b[0m\u001b[1m\u001b[38;5;12m| \u001b[0m\u001b[0m#[derive(Queryable, Insertable)]\u001b[0m\n\u001b[0m   \u001b[0m\u001b[0m\u001b[1m\u001b[38;5;12m| \u001b[0m\u001b[0m                    \u001b[0m\u001b[0m\u001b[1m\u001b[38;5;9m^^^^^^^^^^\u001b[0m\u001b[0m \u001b[0m\u001b[0m\u001b[1m\u001b[38;5;9mthe trait `diesel::Expression` is not implemented for `u16`\u001b[0m\n\u001b[0m   \u001b[0m\u001b[0m\u001b[1m\u001b[38;5;12m|\u001b[0m\n\u001b[0m   \u001b[0m\u001b[0m\u001b[1m\u001b[38;5;12m= \u001b[0m\u001b[0m\u001b[1mhelp\u001b[0m\u001b[0m: the following other types implement trait `diesel::Expression`:\u001b[0m\n\u001b[0m             &'a T\u001b[0m\n\u001b[0m             (A, B)\u001b[0m\n\u001b[0m             (A, B, C)\u001b[0m\n\u001b[0m             (A, B, C, D)\u001b[0m\n\u001b[0m             (A, B, C, D, E)\u001b[0m\n\u001b[0m             (A, B, C, D, E, F)\u001b[0m\n\u001b[0m             (A, B, C, D, E, F, G)\u001b[0m\n\u001b[0m             (A, B, C, D, E, F, G, H)\u001b[0m\n\u001b[0m           and 119 others\u001b[0m\n\u001b[0m   \u001b[0m\u001b[0m\u001b[1m\u001b[38;5;12m= \u001b[0m\u001b[0m\u001b[1mnote\u001b[0m\u001b[0m: required because of the requirements on the impl of `diesel::Expression` for `&'insert u16`\u001b[0m\n\u001b[0m   \u001b[0m\u001b[0m\u001b[1m\u001b[38;5;12m= \u001b[0m\u001b[0m\u001b[1mnote\u001b[0m\u001b[0m: required because of the requirements on the impl of `AsExpression<Integer>` for `&'insert u16`\u001b[0m\n\u001b[0m   \u001b[0m\u001b[0m\u001b[1m\u001b[38;5;12m= \u001b[0m\u001b[0m\u001b[1mnote\u001b[0m\u001b[0m: this error originates in the derive macro `Insertable` (in Nightly builds, run with -Z macro-backtrace for more info)\u001b[0m\n\n"}
{"message":"the trait bound `NaiveDateTime: diesel::Expression` is not satisfied","code":{"code":"E0277","explanation":"You tried to use a type which doesn't implement some trait in a place which\nexpected that trait.\n\nErroneous code example:\n\n```compile_fail,E0277\n// here we declare the Foo trait with a bar method\ntrait Foo {\n    fn bar(&self);\n}\n\n// we now declare a function which takes an object implementing the Foo trait\nfn some_func<T: Foo>(foo: T) {\n    foo.bar();\n}\n\nfn main() {\n    // we now call the method with the i32 type, which doesn't implement\n    // the Foo trait\n    some_func(5i32); // error: the trait bound `i32 : Foo` is not satisfied\n}\n```\n\nIn order to fix this error, verify that the type you're using does implement\nthe trait. Example:\n\n```\ntrait Foo {\n    fn bar(&self);\n}\n\n// we implement the trait on the i32 type\nimpl Foo for i32 {\n    fn bar(&self) {}\n}\n\nfn some_func<T: Foo>(foo: T) {\n    foo.bar(); // we can now use this method since i32 implements the\n               // Foo trait\n}\n\nfn main() {\n    some_func(5i32); // ok!\n}\n```\n\nOr in a generic context, an erroneous code example would look like:\n\n```compile_fail,E0277\nfn some_func<T>(foo: T) {\n    println!(\"{:?}\", foo); // error: the trait `core::fmt::Debug` is not\n                           //        implemented for the type `T`\n}\n\nfn main() {\n    // We now call the method with the i32 type,\n    // which *does* implement the Debug trait.\n    some_func(5i32);\n}\n```\n\nNote that the error here is in the definition of the generic function. Although\nwe only call it with a parameter that does implement `Debug`, the compiler\nstill rejects the function. It must work with all possible input types. In\norder to make this example compile, we need to restrict the generic type we're\naccepting:\n\n```\nuse std::fmt;\n\n// Restrict the input type to types that implement Debug.\nfn some_func<T: fmt::Debug>(foo: T) {\n    println!(\"{:?}\", foo);\n}\n\nfn main() {\n    // Calling the method is still fine, as i32 implements Debug.\n    some_func(5i32);\n\n    // This would fail to compile now:\n    // struct WithoutDebug;\n    // some_func(WithoutDebug);\n}\n```\n\nRust only looks at the signature of the called function, as such it must\nalready specify all requirements that will be used for every type parameter.\n"},"level":"error","spans":[{"file_name":"src/diesel_impl/product.rs","byte_start":389,"byte_end":399,"line_start":16,"line_end":16,"column_start":21,"column_end":31,"is_primary":true,"text":[{"text":"#[derive(Queryable, Insertable)]","highlight_start":21,"highlight_end":31}],"label":"the trait `diesel::Expression` is not implemented for `NaiveDateTime`","suggested_replacement":null,"suggestion_applicability":null,"expansion":{"span":{"file_name":"src/diesel_impl/product.rs","byte_start":389,"byte_end":399,"line_start":16,"line_end":16,"column_start":21,"column_end":31,"is_primary":false,"text":[{"text":"#[derive(Queryable, Insertable)]","highlight_start":21,"highlight_end":31}],"label":null,"suggested_replacement":null,"suggestion_applicability":null,"expansion":null},"macro_decl_name":"#[derive(Insertable)]","def_site_span":{"file_name":"/Users/alainsst/.cargo/registry/src/github.com-1ecc6299db9ec823/diesel_derives-1.4.1/src/lib.rs","byte_start":2243,"byte_end":2302,"line_start":86,"line_end":86,"column_start":1,"column_end":60,"is_primary":false,"text":[{"text":"pub fn derive_insertable(input: TokenStream) -> TokenStream {","highlight_start":1,"highlight_end":60}],"label":null,"suggested_replacement":null,"suggestion_applicability":null,"expansion":null}}}],"children":[{"message":"the following other types implement trait `diesel::Expression`:\n  &'a T\n  (A, B)\n  (A, B, C)\n  (A, B, C, D)\n  (A, B, C, D, E)\n  (A, B, C, D, E, F)\n  (A, B, C, D, E, F, G)\n  (A, B, C, D, E, F, G, H)\nand 119 others","code":null,"level":"help","spans":[],"children":[],"rendered":null},{"message":"required because of the requirements on the impl of `diesel::Expression` for `&'insert NaiveDateTime`","code":null,"level":"note","spans":[],"children":[],"rendered":null},{"message":"required because of the requirements on the impl of `AsExpression<diesel::sql_types::Nullable<diesel::sql_types::Time>>` for `&'insert NaiveDateTime`","code":null,"level":"note","spans":[],"children":[],"rendered":null}],"rendered":"\u001b[0m\u001b[1m\u001b[38;5;9merror[E0277]\u001b[0m\u001b[0m\u001b[1m: the trait bound `NaiveDateTime: diesel::Expression` is not satisfied\u001b[0m\n\u001b[0m  \u001b[0m\u001b[0m\u001b[1m\u001b[38;5;12m--> \u001b[0m\u001b[0msrc/diesel_impl/product.rs:16:21\u001b[0m\n\u001b[0m   \u001b[0m\u001b[0m\u001b[1m\u001b[38;5;12m|\u001b[0m\n\u001b[0m\u001b[1m\u001b[38;5;12m16\u001b[0m\u001b[0m \u001b[0m\u001b[0m\u001b[1m\u001b[38;5;12m| \u001b[0m\u001b[0m#[derive(Queryable, Insertable)]\u001b[0m\n\u001b[0m   \u001b[0m\u001b[0m\u001b[1m\u001b[38;5;12m| \u001b[0m\u001b[0m                    \u001b[0m\u001b[0m\u001b[1m\u001b[38;5;9m^^^^^^^^^^\u001b[0m\u001b[0m \u001b[0m\u001b[0m\u001b[1m\u001b[38;5;9mthe trait `diesel::Expression` is not implemented for `NaiveDateTime`\u001b[0m\n\u001b[0m   \u001b[0m\u001b[0m\u001b[1m\u001b[38;5;12m|\u001b[0m\n\u001b[0m   \u001b[0m\u001b[0m\u001b[1m\u001b[38;5;12m= \u001b[0m\u001b[0m\u001b[1mhelp\u001b[0m\u001b[0m: the following other types implement trait `diesel::Expression`:\u001b[0m\n\u001b[0m             &'a T\u001b[0m\n\u001b[0m             (A, B)\u001b[0m\n\u001b[0m             (A, B, C)\u001b[0m\n\u001b[0m             (A, B, C, D)\u001b[0m\n\u001b[0m             (A, B, C, D, E)\u001b[0m\n\u001b[0m             (A, B, C, D, E, F)\u001b[0m\n\u001b[0m             (A, B, C, D, E, F, G)\u001b[0m\n\u001b[0m             (A, B, C, D, E, F, G, H)\u001b[0m\n\u001b[0m           and 119 others\u001b[0m\n\u001b[0m   \u001b[0m\u001b[0m\u001b[1m\u001b[38;5;12m= \u001b[0m\u001b[0m\u001b[1mnote\u001b[0m\u001b[0m: required because of the requirements on the impl of `diesel::Expression` for `&'insert NaiveDateTime`\u001b[0m\n\u001b[0m   \u001b[0m\u001b[0m\u001b[1m\u001b[38;5;12m= \u001b[0m\u001b[0m\u001b[1mnote\u001b[0m\u001b[0m: required because of the requirements on the impl of `AsExpression<diesel::sql_types::Nullable<diesel::sql_types::Time>>` for `&'insert NaiveDateTime`\u001b[0m\n\u001b[0m   \u001b[0m\u001b[0m\u001b[1m\u001b[38;5;12m= \u001b[0m\u001b[0m\u001b[1mnote\u001b[0m\u001b[0m: this error originates in the derive macro `Insertable` (in Nightly builds, run with -Z macro-backtrace for more info)\u001b[0m\n\n"}
{"message":"the trait bound `u16: diesel::Expression` is not satisfied","code":{"code":"E0277","explanation":"You tried to use a type which doesn't implement some trait in a place which\nexpected that trait.\n\nErroneous code example:\n\n```compile_fail,E0277\n// here we declare the Foo trait with a bar method\ntrait Foo {\n    fn bar(&self);\n}\n\n// we now declare a function which takes an object implementing the Foo trait\nfn some_func<T: Foo>(foo: T) {\n    foo.bar();\n}\n\nfn main() {\n    // we now call the method with the i32 type, which doesn't implement\n    // the Foo trait\n    some_func(5i32); // error: the trait bound `i32 : Foo` is not satisfied\n}\n```\n\nIn order to fix this error, verify that the type you're using does implement\nthe trait. Example:\n\n```\ntrait Foo {\n    fn bar(&self);\n}\n\n// we implement the trait on the i32 type\nimpl Foo for i32 {\n    fn bar(&self) {}\n}\n\nfn some_func<T: Foo>(foo: T) {\n    foo.bar(); // we can now use this method since i32 implements the\n               // Foo trait\n}\n\nfn main() {\n    some_func(5i32); // ok!\n}\n```\n\nOr in a generic context, an erroneous code example would look like:\n\n```compile_fail,E0277\nfn some_func<T>(foo: T) {\n    println!(\"{:?}\", foo); // error: the trait `core::fmt::Debug` is not\n                           //        implemented for the type `T`\n}\n\nfn main() {\n    // We now call the method with the i32 type,\n    // which *does* implement the Debug trait.\n    some_func(5i32);\n}\n```\n\nNote that the error here is in the definition of the generic function. Although\nwe only call it with a parameter that does implement `Debug`, the compiler\nstill rejects the function. It must work with all possible input types. In\norder to make this example compile, we need to restrict the generic type we're\naccepting:\n\n```\nuse std::fmt;\n\n// Restrict the input type to types that implement Debug.\nfn some_func<T: fmt::Debug>(foo: T) {\n    println!(\"{:?}\", foo);\n}\n\nfn main() {\n    // Calling the method is still fine, as i32 implements Debug.\n    some_func(5i32);\n\n    // This would fail to compile now:\n    // struct WithoutDebug;\n    // some_func(WithoutDebug);\n}\n```\n\nRust only looks at the signature of the called function, as such it must\nalready specify all requirements that will be used for every type parameter.\n"},"level":"error","spans":[{"file_name":"src/diesel_impl/product.rs","byte_start":389,"byte_end":399,"line_start":16,"line_end":16,"column_start":21,"column_end":31,"is_primary":true,"text":[{"text":"#[derive(Queryable, Insertable)]","highlight_start":21,"highlight_end":31}],"label":"the trait `diesel::Expression` is not implemented for `u16`","suggested_replacement":null,"suggestion_applicability":null,"expansion":{"span":{"file_name":"src/diesel_impl/product.rs","byte_start":389,"byte_end":399,"line_start":16,"line_end":16,"column_start":21,"column_end":31,"is_primary":false,"text":[{"text":"#[derive(Queryable, Insertable)]","highlight_start":21,"highlight_end":31}],"label":null,"suggested_replacement":null,"suggestion_applicability":null,"expansion":null},"macro_decl_name":"#[derive(Insertable)]","def_site_span":{"file_name":"/Users/alainsst/.cargo/registry/src/github.com-1ecc6299db9ec823/diesel_derives-1.4.1/src/lib.rs","byte_start":2243,"byte_end":2302,"line_start":86,"line_end":86,"column_start":1,"column_end":60,"is_primary":false,"text":[{"text":"pub fn derive_insertable(input: TokenStream) -> TokenStream {","highlight_start":1,"highlight_end":60}],"label":null,"suggested_replacement":null,"suggestion_applicability":null,"expansion":null}}}],"children":[{"message":"the following other types implement trait `diesel::Expression`:\n  &'a T\n  (A, B)\n  (A, B, C)\n  (A, B, C, D)\n  (A, B, C, D, E)\n  (A, B, C, D, E, F)\n  (A, B, C, D, E, F, G)\n  (A, B, C, D, E, F, G, H)\nand 119 others","code":null,"level":"help","spans":[],"children":[],"rendered":null},{"message":"required because of the requirements on the impl of `diesel::Expression` for `&u16`","code":null,"level":"note","spans":[],"children":[],"rendered":null},{"message":"required because of the requirements on the impl of `AsExpression<Integer>` for `&u16`","code":null,"level":"note","spans":[],"children":[],"rendered":null}],"rendered":"\u001b[0m\u001b[1m\u001b[38;5;9merror[E0277]\u001b[0m\u001b[0m\u001b[1m: the trait bound `u16: diesel::Expression` is not satisfied\u001b[0m\n\u001b[0m  \u001b[0m\u001b[0m\u001b[1m\u001b[38;5;12m--> \u001b[0m\u001b[0msrc/diesel_impl/product.rs:16:21\u001b[0m\n\u001b[0m   \u001b[0m\u001b[0m\u001b[1m\u001b[38;5;12m|\u001b[0m\n\u001b[0m\u001b[1m\u001b[38;5;12m16\u001b[0m\u001b[0m \u001b[0m\u001b[0m\u001b[1m\u001b[38;5;12m| \u001b[0m\u001b[0m#[derive(Queryable, Insertable)]\u001b[0m\n\u001b[0m   \u001b[0m\u001b[0m\u001b[1m\u001b[38;5;12m| \u001b[0m\u001b[0m                    \u001b[0m\u001b[0m\u001b[1m\u001b[38;5;9m^^^^^^^^^^\u001b[0m\u001b[0m \u001b[0m\u001b[0m\u001b[1m\u001b[38;5;9mthe trait `diesel::Expression` is not implemented for `u16`\u001b[0m\n\u001b[0m   \u001b[0m\u001b[0m\u001b[1m\u001b[38;5;12m|\u001b[0m\n\u001b[0m   \u001b[0m\u001b[0m\u001b[1m\u001b[38;5;12m= \u001b[0m\u001b[0m\u001b[1mhelp\u001b[0m\u001b[0m: the following other types implement trait `diesel::Expression`:\u001b[0m\n\u001b[0m             &'a T\u001b[0m\n\u001b[0m             (A, B)\u001b[0m\n\u001b[0m             (A, B, C)\u001b[0m\n\u001b[0m             (A, B, C, D)\u001b[0m\n\u001b[0m             (A, B, C, D, E)\u001b[0m\n\u001b[0m             (A, B, C, D, E, F)\u001b[0m\n\u001b[0m             (A, B, C, D, E, F, G)\u001b[0m\n\u001b[0m             (A, B, C, D, E, F, G, H)\u001b[0m\n\u001b[0m           and 119 others\u001b[0m\n\u001b[0m   \u001b[0m\u001b[0m\u001b[1m\u001b[38;5;12m= \u001b[0m\u001b[0m\u001b[1mnote\u001b[0m\u001b[0m: required because of the requirements on the impl of `diesel::Expression` for `&u16`\u001b[0m\n\u001b[0m   \u001b[0m\u001b[0m\u001b[1m\u001b[38;5;12m= \u001b[0m\u001b[0m\u001b[1mnote\u001b[0m\u001b[0m: required because of the requirements on the impl of `AsExpression<Integer>` for `&u16`\u001b[0m\n\u001b[0m   \u001b[0m\u001b[0m\u001b[1m\u001b[38;5;12m= \u001b[0m\u001b[0m\u001b[1mnote\u001b[0m\u001b[0m: this error originates in the derive macro `Insertable` (in Nightly builds, run with -Z macro-backtrace for more info)\u001b[0m\n\n"}
{"message":"the trait bound `NaiveDateTime: diesel::Expression` is not satisfied","code":{"code":"E0277","explanation":"You tried to use a type which doesn't implement some trait in a place which\nexpected that trait.\n\nErroneous code example:\n\n```compile_fail,E0277\n// here we declare the Foo trait with a bar method\ntrait Foo {\n    fn bar(&self);\n}\n\n// we now declare a function which takes an object implementing the Foo trait\nfn some_func<T: Foo>(foo: T) {\n    foo.bar();\n}\n\nfn main() {\n    // we now call the method with the i32 type, which doesn't implement\n    // the Foo trait\n    some_func(5i32); // error: the trait bound `i32 : Foo` is not satisfied\n}\n```\n\nIn order to fix this error, verify that the type you're using does implement\nthe trait. Example:\n\n```\ntrait Foo {\n    fn bar(&self);\n}\n\n// we implement the trait on the i32 type\nimpl Foo for i32 {\n    fn bar(&self) {}\n}\n\nfn some_func<T: Foo>(foo: T) {\n    foo.bar(); // we can now use this method since i32 implements the\n               // Foo trait\n}\n\nfn main() {\n    some_func(5i32); // ok!\n}\n```\n\nOr in a generic context, an erroneous code example would look like:\n\n```compile_fail,E0277\nfn some_func<T>(foo: T) {\n    println!(\"{:?}\", foo); // error: the trait `core::fmt::Debug` is not\n                           //        implemented for the type `T`\n}\n\nfn main() {\n    // We now call the method with the i32 type,\n    // which *does* implement the Debug trait.\n    some_func(5i32);\n}\n```\n\nNote that the error here is in the definition of the generic function. Although\nwe only call it with a parameter that does implement `Debug`, the compiler\nstill rejects the function. It must work with all possible input types. In\norder to make this example compile, we need to restrict the generic type we're\naccepting:\n\n```\nuse std::fmt;\n\n// Restrict the input type to types that implement Debug.\nfn some_func<T: fmt::Debug>(foo: T) {\n    println!(\"{:?}\", foo);\n}\n\nfn main() {\n    // Calling the method is still fine, as i32 implements Debug.\n    some_func(5i32);\n\n    // This would fail to compile now:\n    // struct WithoutDebug;\n    // some_func(WithoutDebug);\n}\n```\n\nRust only looks at the signature of the called function, as such it must\nalready specify all requirements that will be used for every type parameter.\n"},"level":"error","spans":[{"file_name":"src/diesel_impl/product.rs","byte_start":389,"byte_end":399,"line_start":16,"line_end":16,"column_start":21,"column_end":31,"is_primary":true,"text":[{"text":"#[derive(Queryable, Insertable)]","highlight_start":21,"highlight_end":31}],"label":"the trait `diesel::Expression` is not implemented for `NaiveDateTime`","suggested_replacement":null,"suggestion_applicability":null,"expansion":{"span":{"file_name":"src/diesel_impl/product.rs","byte_start":389,"byte_end":399,"line_start":16,"line_end":16,"column_start":21,"column_end":31,"is_primary":false,"text":[{"text":"#[derive(Queryable, Insertable)]","highlight_start":21,"highlight_end":31}],"label":null,"suggested_replacement":null,"suggestion_applicability":null,"expansion":null},"macro_decl_name":"#[derive(Insertable)]","def_site_span":{"file_name":"/Users/alainsst/.cargo/registry/src/github.com-1ecc6299db9ec823/diesel_derives-1.4.1/src/lib.rs","byte_start":2243,"byte_end":2302,"line_start":86,"line_end":86,"column_start":1,"column_end":60,"is_primary":false,"text":[{"text":"pub fn derive_insertable(input: TokenStream) -> TokenStream {","highlight_start":1,"highlight_end":60}],"label":null,"suggested_replacement":null,"suggestion_applicability":null,"expansion":null}}}],"children":[{"message":"the following other types implement trait `diesel::Expression`:\n  &'a T\n  (A, B)\n  (A, B, C)\n  (A, B, C, D)\n  (A, B, C, D, E)\n  (A, B, C, D, E, F)\n  (A, B, C, D, E, F, G)\n  (A, B, C, D, E, F, G, H)\nand 119 others","code":null,"level":"help","spans":[],"children":[],"rendered":null},{"message":"required because of the requirements on the impl of `diesel::Expression` for `&NaiveDateTime`","code":null,"level":"note","spans":[],"children":[],"rendered":null},{"message":"required because of the requirements on the impl of `AsExpression<diesel::sql_types::Nullable<diesel::sql_types::Time>>` for `&NaiveDateTime`","code":null,"level":"note","spans":[],"children":[],"rendered":null}],"rendered":"\u001b[0m\u001b[1m\u001b[38;5;9merror[E0277]\u001b[0m\u001b[0m\u001b[1m: the trait bound `NaiveDateTime: diesel::Expression` is not satisfied\u001b[0m\n\u001b[0m  \u001b[0m\u001b[0m\u001b[1m\u001b[38;5;12m--> \u001b[0m\u001b[0msrc/diesel_impl/product.rs:16:21\u001b[0m\n\u001b[0m   \u001b[0m\u001b[0m\u001b[1m\u001b[38;5;12m|\u001b[0m\n\u001b[0m\u001b[1m\u001b[38;5;12m16\u001b[0m\u001b[0m \u001b[0m\u001b[0m\u001b[1m\u001b[38;5;12m| \u001b[0m\u001b[0m#[derive(Queryable, Insertable)]\u001b[0m\n\u001b[0m   \u001b[0m\u001b[0m\u001b[1m\u001b[38;5;12m| \u001b[0m\u001b[0m                    \u001b[0m\u001b[0m\u001b[1m\u001b[38;5;9m^^^^^^^^^^\u001b[0m\u001b[0m \u001b[0m\u001b[0m\u001b[1m\u001b[38;5;9mthe trait `diesel::Expression` is not implemented for `NaiveDateTime`\u001b[0m\n\u001b[0m   \u001b[0m\u001b[0m\u001b[1m\u001b[38;5;12m|\u001b[0m\n\u001b[0m   \u001b[0m\u001b[0m\u001b[1m\u001b[38;5;12m= \u001b[0m\u001b[0m\u001b[1mhelp\u001b[0m\u001b[0m: the following other types implement trait `diesel::Expression`:\u001b[0m\n\u001b[0m             &'a T\u001b[0m\n\u001b[0m             (A, B)\u001b[0m\n\u001b[0m             (A, B, C)\u001b[0m\n\u001b[0m             (A, B, C, D)\u001b[0m\n\u001b[0m             (A, B, C, D, E)\u001b[0m\n\u001b[0m             (A, B, C, D, E, F)\u001b[0m\n\u001b[0m             (A, B, C, D, E, F, G)\u001b[0m\n\u001b[0m             (A, B, C, D, E, F, G, H)\u001b[0m\n\u001b[0m           and 119 others\u001b[0m\n\u001b[0m   \u001b[0m\u001b[0m\u001b[1m\u001b[38;5;12m= \u001b[0m\u001b[0m\u001b[1mnote\u001b[0m\u001b[0m: required because of the requirements on the impl of `diesel::Expression` for `&NaiveDateTime`\u001b[0m\n\u001b[0m   \u001b[0m\u001b[0m\u001b[1m\u001b[38;5;12m= \u001b[0m\u001b[0m\u001b[1mnote\u001b[0m\u001b[0m: required because of the requirements on the impl of `AsExpression<diesel::sql_types::Nullable<diesel::sql_types::Time>>` for `&NaiveDateTime`\u001b[0m\n\u001b[0m   \u001b[0m\u001b[0m\u001b[1m\u001b[38;5;12m= \u001b[0m\u001b[0m\u001b[1mnote\u001b[0m\u001b[0m: this error originates in the derive macro `Insertable` (in Nightly builds, run with -Z macro-backtrace for more info)\u001b[0m\n\n"}
{"message":"the trait bound `u16: AppearsOnTable<schema::products::table>` is not satisfied","code":{"code":"E0277","explanation":"You tried to use a type which doesn't implement some trait in a place which\nexpected that trait.\n\nErroneous code example:\n\n```compile_fail,E0277\n// here we declare the Foo trait with a bar method\ntrait Foo {\n    fn bar(&self);\n}\n\n// we now declare a function which takes an object implementing the Foo trait\nfn some_func<T: Foo>(foo: T) {\n    foo.bar();\n}\n\nfn main() {\n    // we now call the method with the i32 type, which doesn't implement\n    // the Foo trait\n    some_func(5i32); // error: the trait bound `i32 : Foo` is not satisfied\n}\n```\n\nIn order to fix this error, verify that the type you're using does implement\nthe trait. Example:\n\n```\ntrait Foo {\n    fn bar(&self);\n}\n\n// we implement the trait on the i32 type\nimpl Foo for i32 {\n    fn bar(&self) {}\n}\n\nfn some_func<T: Foo>(foo: T) {\n    foo.bar(); // we can now use this method since i32 implements the\n               // Foo trait\n}\n\nfn main() {\n    some_func(5i32); // ok!\n}\n```\n\nOr in a generic context, an erroneous code example would look like:\n\n```compile_fail,E0277\nfn some_func<T>(foo: T) {\n    println!(\"{:?}\", foo); // error: the trait `core::fmt::Debug` is not\n                           //        implemented for the type `T`\n}\n\nfn main() {\n    // We now call the method with the i32 type,\n    // which *does* implement the Debug trait.\n    some_func(5i32);\n}\n```\n\nNote that the error here is in the definition of the generic function. Although\nwe only call it with a parameter that does implement `Debug`, the compiler\nstill rejects the function. It must work with all possible input types. In\norder to make this example compile, we need to restrict the generic type we're\naccepting:\n\n```\nuse std::fmt;\n\n// Restrict the input type to types that implement Debug.\nfn some_func<T: fmt::Debug>(foo: T) {\n    println!(\"{:?}\", foo);\n}\n\nfn main() {\n    // Calling the method is still fine, as i32 implements Debug.\n    some_func(5i32);\n\n    // This would fail to compile now:\n    // struct WithoutDebug;\n    // some_func(WithoutDebug);\n}\n```\n\nRust only looks at the signature of the called function, as such it must\nalready specify all requirements that will be used for every type parameter.\n"},"level":"error","spans":[{"file_name":"src/diesel_impl/product.rs","byte_start":1501,"byte_end":1512,"line_start":60,"line_end":60,"column_start":24,"column_end":35,"is_primary":true,"text":[{"text":"#[derive(Debug, Clone, AsChangeset)]","highlight_start":24,"highlight_end":35}],"label":"the trait `AppearsOnTable<schema::products::table>` is not implemented for `u16`","suggested_replacement":null,"suggestion_applicability":null,"expansion":{"span":{"file_name":"src/diesel_impl/product.rs","byte_start":1501,"byte_end":1512,"line_start":60,"line_end":60,"column_start":24,"column_end":35,"is_primary":false,"text":[{"text":"#[derive(Debug, Clone, AsChangeset)]","highlight_start":24,"highlight_end":35}],"label":null,"suggested_replacement":null,"suggestion_applicability":null,"expansion":null},"macro_decl_name":"#[derive(AsChangeset)]","def_site_span":{"file_name":"/Users/alainsst/.cargo/registry/src/github.com-1ecc6299db9ec823/diesel_derives-1.4.1/src/lib.rs","byte_start":1141,"byte_end":1202,"line_start":56,"line_end":56,"column_start":1,"column_end":62,"is_primary":false,"text":[{"text":"pub fn derive_as_changeset(input: TokenStream) -> TokenStream {","highlight_start":1,"highlight_end":62}],"label":null,"suggested_replacement":null,"suggestion_applicability":null,"expansion":null}}}],"children":[{"message":"the following other types implement trait `AppearsOnTable<QS>`:\n  <&'a T as AppearsOnTable<QS>>\n  <(A, B) as AppearsOnTable<QS>>\n  <(A, B, C) as AppearsOnTable<QS>>\n  <(A, B, C, D) as AppearsOnTable<QS>>\n  <(A, B, C, D, E) as AppearsOnTable<QS>>\n  <(A, B, C, D, E, F) as AppearsOnTable<QS>>\n  <(A, B, C, D, E, F, G) as AppearsOnTable<QS>>\n  <(A, B, C, D, E, F, G, H) as AppearsOnTable<QS>>\nand 119 others","code":null,"level":"help","spans":[],"children":[],"rendered":null},{"message":"required because of the requirements on the impl of `AppearsOnTable<schema::products::table>` for `&'update u16`","code":null,"level":"note","spans":[],"children":[],"rendered":null},{"message":"required because of the requirements on the impl of `AsChangeset` for `diesel::expression::operators::Eq<schema::products::columns::price, &'update u16>`","code":null,"level":"note","spans":[],"children":[],"rendered":null}],"rendered":"\u001b[0m\u001b[1m\u001b[38;5;9merror[E0277]\u001b[0m\u001b[0m\u001b[1m: the trait bound `u16: AppearsOnTable<schema::products::table>` is not satisfied\u001b[0m\n\u001b[0m  \u001b[0m\u001b[0m\u001b[1m\u001b[38;5;12m--> \u001b[0m\u001b[0msrc/diesel_impl/product.rs:60:24\u001b[0m\n\u001b[0m   \u001b[0m\u001b[0m\u001b[1m\u001b[38;5;12m|\u001b[0m\n\u001b[0m\u001b[1m\u001b[38;5;12m60\u001b[0m\u001b[0m \u001b[0m\u001b[0m\u001b[1m\u001b[38;5;12m| \u001b[0m\u001b[0m#[derive(Debug, Clone, AsChangeset)]\u001b[0m\n\u001b[0m   \u001b[0m\u001b[0m\u001b[1m\u001b[38;5;12m| \u001b[0m\u001b[0m                       \u001b[0m\u001b[0m\u001b[1m\u001b[38;5;9m^^^^^^^^^^^\u001b[0m\u001b[0m \u001b[0m\u001b[0m\u001b[1m\u001b[38;5;9mthe trait `AppearsOnTable<schema::products::table>` is not implemented for `u16`\u001b[0m\n\u001b[0m   \u001b[0m\u001b[0m\u001b[1m\u001b[38;5;12m|\u001b[0m\n\u001b[0m   \u001b[0m\u001b[0m\u001b[1m\u001b[38;5;12m= \u001b[0m\u001b[0m\u001b[1mhelp\u001b[0m\u001b[0m: the following other types implement trait `AppearsOnTable<QS>`:\u001b[0m\n\u001b[0m             <&'a T as AppearsOnTable<QS>>\u001b[0m\n\u001b[0m             <(A, B) as AppearsOnTable<QS>>\u001b[0m\n\u001b[0m             <(A, B, C) as AppearsOnTable<QS>>\u001b[0m\n\u001b[0m             <(A, B, C, D) as AppearsOnTable<QS>>\u001b[0m\n\u001b[0m             <(A, B, C, D, E) as AppearsOnTable<QS>>\u001b[0m\n\u001b[0m             <(A, B, C, D, E, F) as AppearsOnTable<QS>>\u001b[0m\n\u001b[0m             <(A, B, C, D, E, F, G) as AppearsOnTable<QS>>\u001b[0m\n\u001b[0m             <(A, B, C, D, E, F, G, H) as AppearsOnTable<QS>>\u001b[0m\n\u001b[0m           and 119 others\u001b[0m\n\u001b[0m   \u001b[0m\u001b[0m\u001b[1m\u001b[38;5;12m= \u001b[0m\u001b[0m\u001b[1mnote\u001b[0m\u001b[0m: required because of the requirements on the impl of `AppearsOnTable<schema::products::table>` for `&'update u16`\u001b[0m\n\u001b[0m   \u001b[0m\u001b[0m\u001b[1m\u001b[38;5;12m= \u001b[0m\u001b[0m\u001b[1mnote\u001b[0m\u001b[0m: required because of the requirements on the impl of `AsChangeset` for `diesel::expression::operators::Eq<schema::products::columns::price, &'update u16>`\u001b[0m\n\u001b[0m   \u001b[0m\u001b[0m\u001b[1m\u001b[38;5;12m= \u001b[0m\u001b[0m\u001b[1mnote\u001b[0m\u001b[0m: this error originates in the derive macro `AsChangeset` (in Nightly builds, run with -Z macro-backtrace for more info)\u001b[0m\n\n"}
{"message":"the trait bound `u16: AppearsOnTable<schema::products::table>` is not satisfied","code":{"code":"E0277","explanation":"You tried to use a type which doesn't implement some trait in a place which\nexpected that trait.\n\nErroneous code example:\n\n```compile_fail,E0277\n// here we declare the Foo trait with a bar method\ntrait Foo {\n    fn bar(&self);\n}\n\n// we now declare a function which takes an object implementing the Foo trait\nfn some_func<T: Foo>(foo: T) {\n    foo.bar();\n}\n\nfn main() {\n    // we now call the method with the i32 type, which doesn't implement\n    // the Foo trait\n    some_func(5i32); // error: the trait bound `i32 : Foo` is not satisfied\n}\n```\n\nIn order to fix this error, verify that the type you're using does implement\nthe trait. Example:\n\n```\ntrait Foo {\n    fn bar(&self);\n}\n\n// we implement the trait on the i32 type\nimpl Foo for i32 {\n    fn bar(&self) {}\n}\n\nfn some_func<T: Foo>(foo: T) {\n    foo.bar(); // we can now use this method since i32 implements the\n               // Foo trait\n}\n\nfn main() {\n    some_func(5i32); // ok!\n}\n```\n\nOr in a generic context, an erroneous code example would look like:\n\n```compile_fail,E0277\nfn some_func<T>(foo: T) {\n    println!(\"{:?}\", foo); // error: the trait `core::fmt::Debug` is not\n                           //        implemented for the type `T`\n}\n\nfn main() {\n    // We now call the method with the i32 type,\n    // which *does* implement the Debug trait.\n    some_func(5i32);\n}\n```\n\nNote that the error here is in the definition of the generic function. Although\nwe only call it with a parameter that does implement `Debug`, the compiler\nstill rejects the function. It must work with all possible input types. In\norder to make this example compile, we need to restrict the generic type we're\naccepting:\n\n```\nuse std::fmt;\n\n// Restrict the input type to types that implement Debug.\nfn some_func<T: fmt::Debug>(foo: T) {\n    println!(\"{:?}\", foo);\n}\n\nfn main() {\n    // Calling the method is still fine, as i32 implements Debug.\n    some_func(5i32);\n\n    // This would fail to compile now:\n    // struct WithoutDebug;\n    // some_func(WithoutDebug);\n}\n```\n\nRust only looks at the signature of the called function, as such it must\nalready specify all requirements that will be used for every type parameter.\n"},"level":"error","spans":[{"file_name":"src/diesel_impl/product.rs","byte_start":1501,"byte_end":1512,"line_start":60,"line_end":60,"column_start":24,"column_end":35,"is_primary":true,"text":[{"text":"#[derive(Debug, Clone, AsChangeset)]","highlight_start":24,"highlight_end":35}],"label":"the trait `AppearsOnTable<schema::products::table>` is not implemented for `u16`","suggested_replacement":null,"suggestion_applicability":null,"expansion":{"span":{"file_name":"src/diesel_impl/product.rs","byte_start":1501,"byte_end":1512,"line_start":60,"line_end":60,"column_start":24,"column_end":35,"is_primary":false,"text":[{"text":"#[derive(Debug, Clone, AsChangeset)]","highlight_start":24,"highlight_end":35}],"label":null,"suggested_replacement":null,"suggestion_applicability":null,"expansion":null},"macro_decl_name":"#[derive(AsChangeset)]","def_site_span":{"file_name":"/Users/alainsst/.cargo/registry/src/github.com-1ecc6299db9ec823/diesel_derives-1.4.1/src/lib.rs","byte_start":1141,"byte_end":1202,"line_start":56,"line_end":56,"column_start":1,"column_end":62,"is_primary":false,"text":[{"text":"pub fn derive_as_changeset(input: TokenStream) -> TokenStream {","highlight_start":1,"highlight_end":62}],"label":null,"suggested_replacement":null,"suggestion_applicability":null,"expansion":null}}}],"children":[{"message":"the following other types implement trait `AppearsOnTable<QS>`:\n  <&'a T as AppearsOnTable<QS>>\n  <(A, B) as AppearsOnTable<QS>>\n  <(A, B, C) as AppearsOnTable<QS>>\n  <(A, B, C, D) as AppearsOnTable<QS>>\n  <(A, B, C, D, E) as AppearsOnTable<QS>>\n  <(A, B, C, D, E, F) as AppearsOnTable<QS>>\n  <(A, B, C, D, E, F, G) as AppearsOnTable<QS>>\n  <(A, B, C, D, E, F, G, H) as AppearsOnTable<QS>>\nand 119 others","code":null,"level":"help","spans":[],"children":[],"rendered":null},{"message":"required because of the requirements on the impl of `AppearsOnTable<schema::products::table>` for `&u16`","code":null,"level":"note","spans":[],"children":[],"rendered":null},{"message":"required because of the requirements on the impl of `AsChangeset` for `diesel::expression::operators::Eq<schema::products::columns::price, &u16>`","code":null,"level":"note","spans":[],"children":[],"rendered":null}],"rendered":"\u001b[0m\u001b[1m\u001b[38;5;9merror[E0277]\u001b[0m\u001b[0m\u001b[1m: the trait bound `u16: AppearsOnTable<schema::products::table>` is not satisfied\u001b[0m\n\u001b[0m  \u001b[0m\u001b[0m\u001b[1m\u001b[38;5;12m--> \u001b[0m\u001b[0msrc/diesel_impl/product.rs:60:24\u001b[0m\n\u001b[0m   \u001b[0m\u001b[0m\u001b[1m\u001b[38;5;12m|\u001b[0m\n\u001b[0m\u001b[1m\u001b[38;5;12m60\u001b[0m\u001b[0m \u001b[0m\u001b[0m\u001b[1m\u001b[38;5;12m| \u001b[0m\u001b[0m#[derive(Debug, Clone, AsChangeset)]\u001b[0m\n\u001b[0m   \u001b[0m\u001b[0m\u001b[1m\u001b[38;5;12m| \u001b[0m\u001b[0m                       \u001b[0m\u001b[0m\u001b[1m\u001b[38;5;9m^^^^^^^^^^^\u001b[0m\u001b[0m \u001b[0m\u001b[0m\u001b[1m\u001b[38;5;9mthe trait `AppearsOnTable<schema::products::table>` is not implemented for `u16`\u001b[0m\n\u001b[0m   \u001b[0m\u001b[0m\u001b[1m\u001b[38;5;12m|\u001b[0m\n\u001b[0m   \u001b[0m\u001b[0m\u001b[1m\u001b[38;5;12m= \u001b[0m\u001b[0m\u001b[1mhelp\u001b[0m\u001b[0m: the following other types implement trait `AppearsOnTable<QS>`:\u001b[0m\n\u001b[0m             <&'a T as AppearsOnTable<QS>>\u001b[0m\n\u001b[0m             <(A, B) as AppearsOnTable<QS>>\u001b[0m\n\u001b[0m             <(A, B, C) as AppearsOnTable<QS>>\u001b[0m\n\u001b[0m             <(A, B, C, D) as AppearsOnTable<QS>>\u001b[0m\n\u001b[0m             <(A, B, C, D, E) as AppearsOnTable<QS>>\u001b[0m\n\u001b[0m             <(A, B, C, D, E, F) as AppearsOnTable<QS>>\u001b[0m\n\u001b[0m             <(A, B, C, D, E, F, G) as AppearsOnTable<QS>>\u001b[0m\n\u001b[0m             <(A, B, C, D, E, F, G, H) as AppearsOnTable<QS>>\u001b[0m\n\u001b[0m           and 119 others\u001b[0m\n\u001b[0m   \u001b[0m\u001b[0m\u001b[1m\u001b[38;5;12m= \u001b[0m\u001b[0m\u001b[1mnote\u001b[0m\u001b[0m: required because of the requirements on the impl of `AppearsOnTable<schema::products::table>` for `&u16`\u001b[0m\n\u001b[0m   \u001b[0m\u001b[0m\u001b[1m\u001b[38;5;12m= \u001b[0m\u001b[0m\u001b[1mnote\u001b[0m\u001b[0m: required because of the requirements on the impl of `AsChangeset` for `diesel::expression::operators::Eq<schema::products::columns::price, &u16>`\u001b[0m\n\u001b[0m   \u001b[0m\u001b[0m\u001b[1m\u001b[38;5;12m= \u001b[0m\u001b[0m\u001b[1mnote\u001b[0m\u001b[0m: this error originates in the derive macro `AsChangeset` (in Nightly builds, run with -Z macro-backtrace for more info)\u001b[0m\n\n"}
{"message":"the trait bound `u16: AppearsOnTable<schema::products::table>` is not satisfied","code":{"code":"E0277","explanation":"You tried to use a type which doesn't implement some trait in a place which\nexpected that trait.\n\nErroneous code example:\n\n```compile_fail,E0277\n// here we declare the Foo trait with a bar method\ntrait Foo {\n    fn bar(&self);\n}\n\n// we now declare a function which takes an object implementing the Foo trait\nfn some_func<T: Foo>(foo: T) {\n    foo.bar();\n}\n\nfn main() {\n    // we now call the method with the i32 type, which doesn't implement\n    // the Foo trait\n    some_func(5i32); // error: the trait bound `i32 : Foo` is not satisfied\n}\n```\n\nIn order to fix this error, verify that the type you're using does implement\nthe trait. Example:\n\n```\ntrait Foo {\n    fn bar(&self);\n}\n\n// we implement the trait on the i32 type\nimpl Foo for i32 {\n    fn bar(&self) {}\n}\n\nfn some_func<T: Foo>(foo: T) {\n    foo.bar(); // we can now use this method since i32 implements the\n               // Foo trait\n}\n\nfn main() {\n    some_func(5i32); // ok!\n}\n```\n\nOr in a generic context, an erroneous code example would look like:\n\n```compile_fail,E0277\nfn some_func<T>(foo: T) {\n    println!(\"{:?}\", foo); // error: the trait `core::fmt::Debug` is not\n                           //        implemented for the type `T`\n}\n\nfn main() {\n    // We now call the method with the i32 type,\n    // which *does* implement the Debug trait.\n    some_func(5i32);\n}\n```\n\nNote that the error here is in the definition of the generic function. Although\nwe only call it with a parameter that does implement `Debug`, the compiler\nstill rejects the function. It must work with all possible input types. In\norder to make this example compile, we need to restrict the generic type we're\naccepting:\n\n```\nuse std::fmt;\n\n// Restrict the input type to types that implement Debug.\nfn some_func<T: fmt::Debug>(foo: T) {\n    println!(\"{:?}\", foo);\n}\n\nfn main() {\n    // Calling the method is still fine, as i32 implements Debug.\n    some_func(5i32);\n\n    // This would fail to compile now:\n    // struct WithoutDebug;\n    // some_func(WithoutDebug);\n}\n```\n\nRust only looks at the signature of the called function, as such it must\nalready specify all requirements that will be used for every type parameter.\n"},"level":"error","spans":[{"file_name":"src/diesel_impl/product.rs","byte_start":1501,"byte_end":1512,"line_start":60,"line_end":60,"column_start":24,"column_end":35,"is_primary":true,"text":[{"text":"#[derive(Debug, Clone, AsChangeset)]","highlight_start":24,"highlight_end":35}],"label":"the trait `AppearsOnTable<schema::products::table>` is not implemented for `u16`","suggested_replacement":null,"suggestion_applicability":null,"expansion":{"span":{"file_name":"src/diesel_impl/product.rs","byte_start":1501,"byte_end":1512,"line_start":60,"line_end":60,"column_start":24,"column_end":35,"is_primary":false,"text":[{"text":"#[derive(Debug, Clone, AsChangeset)]","highlight_start":24,"highlight_end":35}],"label":null,"suggested_replacement":null,"suggestion_applicability":null,"expansion":null},"macro_decl_name":"#[derive(AsChangeset)]","def_site_span":{"file_name":"/Users/alainsst/.cargo/registry/src/github.com-1ecc6299db9ec823/diesel_derives-1.4.1/src/lib.rs","byte_start":1141,"byte_end":1202,"line_start":56,"line_end":56,"column_start":1,"column_end":62,"is_primary":false,"text":[{"text":"pub fn derive_as_changeset(input: TokenStream) -> TokenStream {","highlight_start":1,"highlight_end":62}],"label":null,"suggested_replacement":null,"suggestion_applicability":null,"expansion":null}}}],"children":[{"message":"the following other types implement trait `AppearsOnTable<QS>`:\n  <&'a T as AppearsOnTable<QS>>\n  <(A, B) as AppearsOnTable<QS>>\n  <(A, B, C) as AppearsOnTable<QS>>\n  <(A, B, C, D) as AppearsOnTable<QS>>\n  <(A, B, C, D, E) as AppearsOnTable<QS>>\n  <(A, B, C, D, E, F) as AppearsOnTable<QS>>\n  <(A, B, C, D, E, F, G) as AppearsOnTable<QS>>\n  <(A, B, C, D, E, F, G, H) as AppearsOnTable<QS>>\nand 119 others","code":null,"level":"help","spans":[],"children":[],"rendered":null},{"message":"required because of the requirements on the impl of `AsChangeset` for `diesel::expression::operators::Eq<schema::products::columns::price, u16>`","code":null,"level":"note","spans":[],"children":[],"rendered":null}],"rendered":"\u001b[0m\u001b[1m\u001b[38;5;9merror[E0277]\u001b[0m\u001b[0m\u001b[1m: the trait bound `u16: AppearsOnTable<schema::products::table>` is not satisfied\u001b[0m\n\u001b[0m  \u001b[0m\u001b[0m\u001b[1m\u001b[38;5;12m--> \u001b[0m\u001b[0msrc/diesel_impl/product.rs:60:24\u001b[0m\n\u001b[0m   \u001b[0m\u001b[0m\u001b[1m\u001b[38;5;12m|\u001b[0m\n\u001b[0m\u001b[1m\u001b[38;5;12m60\u001b[0m\u001b[0m \u001b[0m\u001b[0m\u001b[1m\u001b[38;5;12m| \u001b[0m\u001b[0m#[derive(Debug, Clone, AsChangeset)]\u001b[0m\n\u001b[0m   \u001b[0m\u001b[0m\u001b[1m\u001b[38;5;12m| \u001b[0m\u001b[0m                       \u001b[0m\u001b[0m\u001b[1m\u001b[38;5;9m^^^^^^^^^^^\u001b[0m\u001b[0m \u001b[0m\u001b[0m\u001b[1m\u001b[38;5;9mthe trait `AppearsOnTable<schema::products::table>` is not implemented for `u16`\u001b[0m\n\u001b[0m   \u001b[0m\u001b[0m\u001b[1m\u001b[38;5;12m|\u001b[0m\n\u001b[0m   \u001b[0m\u001b[0m\u001b[1m\u001b[38;5;12m= \u001b[0m\u001b[0m\u001b[1mhelp\u001b[0m\u001b[0m: the following other types implement trait `AppearsOnTable<QS>`:\u001b[0m\n\u001b[0m             <&'a T as AppearsOnTable<QS>>\u001b[0m\n\u001b[0m             <(A, B) as AppearsOnTable<QS>>\u001b[0m\n\u001b[0m             <(A, B, C) as AppearsOnTable<QS>>\u001b[0m\n\u001b[0m             <(A, B, C, D) as AppearsOnTable<QS>>\u001b[0m\n\u001b[0m             <(A, B, C, D, E) as AppearsOnTable<QS>>\u001b[0m\n\u001b[0m             <(A, B, C, D, E, F) as AppearsOnTable<QS>>\u001b[0m\n\u001b[0m             <(A, B, C, D, E, F, G) as AppearsOnTable<QS>>\u001b[0m\n\u001b[0m             <(A, B, C, D, E, F, G, H) as AppearsOnTable<QS>>\u001b[0m\n\u001b[0m           and 119 others\u001b[0m\n\u001b[0m   \u001b[0m\u001b[0m\u001b[1m\u001b[38;5;12m= \u001b[0m\u001b[0m\u001b[1mnote\u001b[0m\u001b[0m: required because of the requirements on the impl of `AsChangeset` for `diesel::expression::operators::Eq<schema::products::columns::price, u16>`\u001b[0m\n\u001b[0m   \u001b[0m\u001b[0m\u001b[1m\u001b[38;5;12m= \u001b[0m\u001b[0m\u001b[1mnote\u001b[0m\u001b[0m: this error originates in the derive macro `AsChangeset` (in Nightly builds, run with -Z macro-backtrace for more info)\u001b[0m\n\n"}
{"message":"aborting due to 40 previous errors; 6 warnings emitted","code":null,"level":"error","spans":[],"children":[],"rendered":"\u001b[0m\u001b[1m\u001b[38;5;9merror\u001b[0m\u001b[0m\u001b[1m: aborting due to 40 previous errors; 6 warnings emitted\u001b[0m\n\n"}
{"message":"Some errors have detailed explanations: E0277, E0425.","code":null,"level":"failure-note","spans":[],"children":[],"rendered":"\u001b[0m\u001b[1mSome errors have detailed explanations: E0277, E0425.\u001b[0m\n"}
{"message":"For more information about an error, try `rustc --explain E0277`.","code":null,"level":"failure-note","spans":[],"children":[],"rendered":"\u001b[0m\u001b[1mFor more information about an error, try `rustc --explain E0277`.\u001b[0m\n"}
